This is pdfTeX, Version 3.14159265-2.6-1.40.21 (TeX Live 2020) (preloaded format=pdflatex 2020.8.8)  25 AUG 2020 09:56
entering extended mode
 restricted \write18 enabled.
 %&-line parsing enabled.
**pchem1.tex
(./pchem1.tex
LaTeX2e <2020-02-02> patch level 5
L3 programming layer <2020-08-07> (/Users/peve/Library/TinyTeX/texmf-dist/tex/l
atex/extsizes/extbook.cls
Document Class: extbook 1999/01/07 v1.4a NON-Standard LaTeX document class
(/Users/peve/Library/TinyTeX/texmf-dist/tex/latex/extsizes/size9.clo
File: size9.clo 1999/11/11 v1.4a NON-Standard LaTeX file (size option)
) (/Users/peve/Library/TinyTeX/texmf-dist/tex/latex/base/exscale.sty
Package: exscale 2018/09/24 v2.1i Standard LaTeX package exscale
LaTeX Font Info:    Redeclaring symbol font `largesymbols' on input line 57.
LaTeX Font Info:    Overwriting symbol font `largesymbols' in version `normal'
(Font)                  OMX/cmex/m/n --> OMX/cmex/m/n on input line 57.
LaTeX Font Info:    Overwriting symbol font `largesymbols' in version `bold'
(Font)                  OMX/cmex/m/n --> OMX/cmex/m/n on input line 57.
\big@size=\dimen134
)
\c@part=\count168
\c@chapter=\count169
\c@section=\count170
\c@subsection=\count171
\c@subsubsection=\count172
\c@paragraph=\count173
\c@subparagraph=\count174
\c@figure=\count175
\c@table=\count176
\abovecaptionskip=\skip47
\belowcaptionskip=\skip48
\bibindent=\dimen135
) (/Users/peve/Library/TinyTeX/texmf-dist/tex/latex/lm/lmodern.sty
Package: lmodern 2009/10/30 v1.6 Latin Modern Fonts
LaTeX Font Info:    Overwriting symbol font `operators' in version `normal'
(Font)                  OT1/cmr/m/n --> OT1/lmr/m/n on input line 22.
LaTeX Font Info:    Overwriting symbol font `letters' in version `normal'
(Font)                  OML/cmm/m/it --> OML/lmm/m/it on input line 23.
LaTeX Font Info:    Overwriting symbol font `symbols' in version `normal'
(Font)                  OMS/cmsy/m/n --> OMS/lmsy/m/n on input line 24.
LaTeX Font Info:    Overwriting symbol font `largesymbols' in version `normal'
(Font)                  OMX/cmex/m/n --> OMX/lmex/m/n on input line 25.
LaTeX Font Info:    Overwriting symbol font `operators' in version `bold'
(Font)                  OT1/cmr/bx/n --> OT1/lmr/bx/n on input line 26.
LaTeX Font Info:    Overwriting symbol font `letters' in version `bold'
(Font)                  OML/cmm/b/it --> OML/lmm/b/it on input line 27.
LaTeX Font Info:    Overwriting symbol font `symbols' in version `bold'
(Font)                  OMS/cmsy/b/n --> OMS/lmsy/b/n on input line 28.
LaTeX Font Info:    Overwriting symbol font `largesymbols' in version `bold'
(Font)                  OMX/cmex/m/n --> OMX/lmex/m/n on input line 29.
LaTeX Font Info:    Overwriting math alphabet `\mathbf' in version `normal'
(Font)                  OT1/cmr/bx/n --> OT1/lmr/bx/n on input line 31.
LaTeX Font Info:    Overwriting math alphabet `\mathsf' in version `normal'
(Font)                  OT1/cmss/m/n --> OT1/lmss/m/n on input line 32.
LaTeX Font Info:    Overwriting math alphabet `\mathit' in version `normal'
(Font)                  OT1/cmr/m/it --> OT1/lmr/m/it on input line 33.
LaTeX Font Info:    Overwriting math alphabet `\mathtt' in version `normal'
(Font)                  OT1/cmtt/m/n --> OT1/lmtt/m/n on input line 34.
LaTeX Font Info:    Overwriting math alphabet `\mathbf' in version `bold'
(Font)                  OT1/cmr/bx/n --> OT1/lmr/bx/n on input line 35.
LaTeX Font Info:    Overwriting math alphabet `\mathsf' in version `bold'
(Font)                  OT1/cmss/bx/n --> OT1/lmss/bx/n on input line 36.
LaTeX Font Info:    Overwriting math alphabet `\mathit' in version `bold'
(Font)                  OT1/cmr/bx/it --> OT1/lmr/bx/it on input line 37.
LaTeX Font Info:    Overwriting math alphabet `\mathtt' in version `bold'
(Font)                  OT1/cmtt/m/n --> OT1/lmtt/m/n on input line 38.
) (/Users/peve/Library/TinyTeX/texmf-dist/tex/latex/amsfonts/amssymb.sty
Package: amssymb 2013/01/14 v3.01 AMS font symbols
(/Users/peve/Library/TinyTeX/texmf-dist/tex/latex/amsfonts/amsfonts.sty
Package: amsfonts 2013/01/14 v3.01 Basic AMSFonts support
\@emptytoks=\toks15
\symAMSa=\mathgroup4
\symAMSb=\mathgroup5
LaTeX Font Info:    Redeclaring math symbol \hbar on input line 98.
LaTeX Font Info:    Overwriting math alphabet `\mathfrak' in version `bold'
(Font)                  U/euf/m/n --> U/euf/b/n on input line 106.
)) (/Users/peve/Library/TinyTeX/texmf-dist/tex/latex/amsmath/amsmath.sty
Package: amsmath 2020/01/20 v2.17e AMS math features
\@mathmargin=\skip49
For additional information on amsmath, use the `?' option.
(/Users/peve/Library/TinyTeX/texmf-dist/tex/latex/amsmath/amstext.sty
Package: amstext 2000/06/29 v2.01 AMS text
(/Users/peve/Library/TinyTeX/texmf-dist/tex/latex/amsmath/amsgen.sty
File: amsgen.sty 1999/11/30 v2.0 generic functions
\@emptytoks=\toks16
\ex@=\dimen136
)) (/Users/peve/Library/TinyTeX/texmf-dist/tex/latex/amsmath/amsbsy.sty
Package: amsbsy 1999/11/29 v1.2d Bold Symbols
\pmbraise@=\dimen137
) (/Users/peve/Library/TinyTeX/texmf-dist/tex/latex/amsmath/amsopn.sty
Package: amsopn 2016/03/08 v2.02 operator names
)
\inf@bad=\count177
LaTeX Info: Redefining \frac on input line 227.
\uproot@=\count178
\leftroot@=\count179
LaTeX Info: Redefining \overline on input line 389.
\classnum@=\count180
\DOTSCASE@=\count181
LaTeX Info: Redefining \ldots on input line 486.
LaTeX Info: Redefining \dots on input line 489.
LaTeX Info: Redefining \cdots on input line 610.
\Mathstrutbox@=\box45
\strutbox@=\box46
\big@size=\dimen138
LaTeX Font Info:    Redeclaring font encoding OML on input line 733.
LaTeX Font Info:    Redeclaring font encoding OMS on input line 734.
\macc@depth=\count182
\c@MaxMatrixCols=\count183
\dotsspace@=\muskip16
\c@parentequation=\count184
\dspbrk@lvl=\count185
\tag@help=\toks17
\row@=\count186
\column@=\count187
\maxfields@=\count188
\andhelp@=\toks18
\eqnshift@=\dimen139
\alignsep@=\dimen140
\tagshift@=\dimen141
\tagwidth@=\dimen142
\totwidth@=\dimen143
\lineht@=\dimen144
\@envbody=\toks19
\multlinegap=\skip50
\multlinetaggap=\skip51
\mathdisplay@stack=\toks20
LaTeX Info: Redefining \[ on input line 2859.
LaTeX Info: Redefining \] on input line 2860.
) (/Users/peve/Library/TinyTeX/texmf-dist/tex/generic/iftex/ifxetex.sty
Package: ifxetex 2019/10/25 v0.7 ifxetex legacy package. Use iftex instead.
(/Users/peve/Library/TinyTeX/texmf-dist/tex/generic/iftex/iftex.sty
Package: iftex 2020/03/06 v1.0d TeX engine tests
)) (/Users/peve/Library/TinyTeX/texmf-dist/tex/generic/iftex/ifluatex.sty
Package: ifluatex 2019/10/25 v1.5 ifluatex legacy package. Use iftex instead.
) (/Users/peve/Library/TinyTeX/texmf-dist/tex/latex/base/fontenc.sty
Package: fontenc 2020/02/11 v2.0o Standard LaTeX package
LaTeX Font Info:    Trying to load font information for T1+lmr on input line 11
2.
(/Users/peve/Library/TinyTeX/texmf-dist/tex/latex/lm/t1lmr.fd
File: t1lmr.fd 2009/10/30 v1.6 Font defs for Latin Modern
)) (/Users/peve/Library/TinyTeX/texmf-dist/tex/latex/base/inputenc.sty
Package: inputenc 2018/08/11 v1.3c Input encoding file
\inpenc@prehook=\toks21
\inpenc@posthook=\toks22
) (/Users/peve/Library/TinyTeX/texmf-dist/tex/latex/base/textcomp.sty
Package: textcomp 2020/02/02 v2.0n Standard LaTeX package
) (/Users/peve/Library/TinyTeX/texmf-dist/tex/latex/xcolor/xcolor.sty
Package: xcolor 2016/05/11 v2.12 LaTeX color extensions (UK)
(/Users/peve/Library/TinyTeX/texmf-dist/tex/latex/graphics-cfg/color.cfg
File: color.cfg 2016/01/02 v1.6 sample color configuration
)
Package xcolor Info: Driver file: pdftex.def on input line 225.
(/Users/peve/Library/TinyTeX/texmf-dist/tex/latex/graphics-def/pdftex.def
File: pdftex.def 2018/01/08 v1.0l Graphics/color driver for pdftex
)
Package xcolor Info: Model `cmy' substituted by `cmy0' on input line 1348.
Package xcolor Info: Model `hsb' substituted by `rgb' on input line 1352.
Package xcolor Info: Model `RGB' extended on input line 1364.
Package xcolor Info: Model `HTML' substituted by `rgb' on input line 1366.
Package xcolor Info: Model `Hsb' substituted by `hsb' on input line 1367.
Package xcolor Info: Model `tHsb' substituted by `hsb' on input line 1368.
Package xcolor Info: Model `HSB' substituted by `hsb' on input line 1369.
Package xcolor Info: Model `Gray' substituted by `gray' on input line 1370.
Package xcolor Info: Model `wave' substituted by `hsb' on input line 1371.
) (/Users/peve/Library/TinyTeX/texmf-dist/tex/latex/hyperref/hyperref.sty
Package: hyperref 2020-05-15 v7.00e Hypertext links for LaTeX
(/Users/peve/Library/TinyTeX/texmf-dist/tex/generic/ltxcmds/ltxcmds.sty
Package: ltxcmds 2019/12/15 v1.24 LaTeX kernel commands for general use (HO)
) (/Users/peve/Library/TinyTeX/texmf-dist/tex/generic/pdftexcmds/pdftexcmds.sty
Package: pdftexcmds 2020-06-27 v0.33 Utility functions of pdfTeX for LuaTeX (HO
)
(/Users/peve/Library/TinyTeX/texmf-dist/tex/generic/infwarerr/infwarerr.sty
Package: infwarerr 2019/12/03 v1.5 Providing info/warning/error messages (HO)
)
Package pdftexcmds Info: \pdf@primitive is available.
Package pdftexcmds Info: \pdf@ifprimitive is available.
Package pdftexcmds Info: \pdfdraftmode found.
) (/Users/peve/Library/TinyTeX/texmf-dist/tex/latex/graphics/keyval.sty
Package: keyval 2014/10/28 v1.15 key=value parser (DPC)
\KV@toks@=\toks23
) (/Users/peve/Library/TinyTeX/texmf-dist/tex/generic/kvsetkeys/kvsetkeys.sty
Package: kvsetkeys 2019/12/15 v1.18 Key value parser (HO)
)
(/Users/peve/Library/TinyTeX/texmf-dist/tex/generic/kvdefinekeys/kvdefinekeys.s
ty
Package: kvdefinekeys 2019-12-19 v1.6 Define keys (HO)
) (/Users/peve/Library/TinyTeX/texmf-dist/tex/generic/pdfescape/pdfescape.sty
Package: pdfescape 2019/12/09 v1.15 Implements pdfTeX's escape features (HO)
) (/Users/peve/Library/TinyTeX/texmf-dist/tex/latex/hycolor/hycolor.sty
Package: hycolor 2020-01-27 v1.10 Color options for hyperref/bookmark (HO)
) (/Users/peve/Library/TinyTeX/texmf-dist/tex/latex/letltxmacro/letltxmacro.sty
Package: letltxmacro 2019/12/03 v1.6 Let assignment for LaTeX macros (HO)
) (/Users/peve/Library/TinyTeX/texmf-dist/tex/latex/auxhook/auxhook.sty
Package: auxhook 2019-12-17 v1.6 Hooks for auxiliary files (HO)
) (/Users/peve/Library/TinyTeX/texmf-dist/tex/latex/kvoptions/kvoptions.sty
Package: kvoptions 2019/11/29 v3.13 Key value format for package options (HO)
)
\@linkdim=\dimen145
\Hy@linkcounter=\count189
\Hy@pagecounter=\count190
(/Users/peve/Library/TinyTeX/texmf-dist/tex/latex/hyperref/pd1enc.def
File: pd1enc.def 2020-05-15 v7.00e Hyperref: PDFDocEncoding definition (HO)
Now handling font encoding PD1 ...
... no UTF-8 mapping file for font encoding PD1
) (/Users/peve/Library/TinyTeX/texmf-dist/tex/generic/intcalc/intcalc.sty
Package: intcalc 2019/12/15 v1.3 Expandable calculations with integers (HO)
) (/Users/peve/Library/TinyTeX/texmf-dist/tex/generic/etexcmds/etexcmds.sty
Package: etexcmds 2019/12/15 v1.7 Avoid name clashes with e-TeX commands (HO)
)
\Hy@SavedSpaceFactor=\count191
Package hyperref Info: Option `unicode' set `true' on input line 4338.
(/Users/peve/Library/TinyTeX/texmf-dist/tex/latex/hyperref/puenc.def
File: puenc.def 2020-05-15 v7.00e Hyperref: PDF Unicode definition (HO)
Now handling font encoding PU ...
... no UTF-8 mapping file for font encoding PU
)
Package hyperref Info: Hyper figures OFF on input line 4464.
Package hyperref Info: Link nesting OFF on input line 4469.
Package hyperref Info: Hyper index ON on input line 4472.
Package hyperref Info: Plain pages OFF on input line 4479.
Package hyperref Info: Backreferencing OFF on input line 4484.
Package hyperref Info: Implicit mode ON; LaTeX internals redefined.
Package hyperref Info: Bookmarks ON on input line 4717.
\c@Hy@tempcnt=\count192
(/Users/peve/Library/TinyTeX/texmf-dist/tex/latex/url/url.sty
\Urlmuskip=\muskip17
Package: url 2013/09/16  ver 3.4  Verb mode for urls, etc.
)
LaTeX Info: Redefining \url on input line 5076.
\XeTeXLinkMargin=\dimen146
(/Users/peve/Library/TinyTeX/texmf-dist/tex/generic/bitset/bitset.sty
Package: bitset 2019/12/09 v1.3 Handle bit-vector datatype (HO)
(/Users/peve/Library/TinyTeX/texmf-dist/tex/generic/bigintcalc/bigintcalc.sty
Package: bigintcalc 2019/12/15 v1.5 Expandable calculations on big integers (HO
)
))
\Fld@menulength=\count193
\Field@Width=\dimen147
\Fld@charsize=\dimen148
Package hyperref Info: Hyper figures OFF on input line 6347.
Package hyperref Info: Link nesting OFF on input line 6352.
Package hyperref Info: Hyper index ON on input line 6355.
Package hyperref Info: backreferencing OFF on input line 6362.
Package hyperref Info: Link coloring OFF on input line 6367.
Package hyperref Info: Link coloring with OCG OFF on input line 6372.
Package hyperref Info: PDF/A mode OFF on input line 6377.
LaTeX Info: Redefining \ref on input line 6417.
LaTeX Info: Redefining \pageref on input line 6421.
(/Users/peve/Library/TinyTeX/texmf-dist/tex/generic/atbegshi/atbegshi.sty
Package: atbegshi 2019/12/05 v1.19 At begin shipout hook (HO)
)
\Hy@abspage=\count194
\c@Item=\count195
\c@Hfootnote=\count196
)
Package hyperref Info: Driver (autodetected): hpdftex.
(/Users/peve/Library/TinyTeX/texmf-dist/tex/latex/hyperref/hpdftex.def
File: hpdftex.def 2020-05-15 v7.00e Hyperref driver for pdfTeX
(/Users/peve/Library/TinyTeX/texmf-dist/tex/latex/atveryend/atveryend.sty
Package: atveryend 2019-12-11 v1.11 Hooks at the very end of document (HO)
Package atveryend Info: \enddocument detected (standard20110627).
)
\Fld@listcount=\count197
\c@bookmark@seq@number=\count198

(/Users/peve/Library/TinyTeX/texmf-dist/tex/latex/rerunfilecheck/rerunfilecheck
.sty
Package: rerunfilecheck 2019/12/05 v1.9 Rerun checks for auxiliary files (HO)

(/Users/peve/Library/TinyTeX/texmf-dist/tex/generic/uniquecounter/uniquecounter
.sty
Package: uniquecounter 2019/12/15 v1.4 Provide unlimited unique counter (HO)
)
Package uniquecounter Info: New unique counter `rerunfilecheck' on input line 2
86.
)
\Hy@SectionHShift=\skip52
) (/Users/peve/Library/TinyTeX/texmf-dist/tex/latex/tools/longtable.sty
Package: longtable 2020/01/07 v4.13 Multi-page Table package (DPC)
\LTleft=\skip53
\LTright=\skip54
\LTpre=\skip55
\LTpost=\skip56
\LTchunksize=\count199
\LTcapwidth=\dimen149
\LT@head=\box47
\LT@firsthead=\box48
\LT@foot=\box49
\LT@lastfoot=\box50
\LT@cols=\count266
\LT@rows=\count267
\c@LT@tables=\count268
\c@LT@chunks=\count269
\LT@p@ftn=\toks24
) (/Users/peve/Library/TinyTeX/texmf-dist/tex/latex/booktabs/booktabs.sty
Package: booktabs 2020/01/12 v1.61803398 Publication quality tables
\heavyrulewidth=\dimen150
\lightrulewidth=\dimen151
\cmidrulewidth=\dimen152
\belowrulesep=\dimen153
\belowbottomsep=\dimen154
\aboverulesep=\dimen155
\abovetopsep=\dimen156
\cmidrulesep=\dimen157
\cmidrulekern=\dimen158
\defaultaddspace=\dimen159
\@cmidla=\count270
\@cmidlb=\count271
\@aboverulesep=\dimen160
\@belowrulesep=\dimen161
\@thisruleclass=\count272
\@lastruleclass=\count273
\@thisrulewidth=\dimen162
) (/Users/peve/Library/TinyTeX/texmf-dist/tex/latex/etoolbox/etoolbox.sty
Package: etoolbox 2020/08/24 v2.5j e-TeX tools for LaTeX (JAW)
\etb@tempcnta=\count274
) (/Users/peve/Library/TinyTeX/texmf-dist/tex/latex/mdwtools/footnote.sty
Package: footnote 1997/01/28 1.13 Save footnotes around boxes
\fn@notes=\box51
\fn@width=\dimen163
) (/Users/peve/Library/TinyTeX/texmf-dist/tex/latex/graphics/graphicx.sty
Package: graphicx 2019/11/30 v1.2a Enhanced LaTeX Graphics (DPC,SPQR)
(/Users/peve/Library/TinyTeX/texmf-dist/tex/latex/graphics/graphics.sty
Package: graphics 2019/11/30 v1.4a Standard LaTeX Graphics (DPC,SPQR)
(/Users/peve/Library/TinyTeX/texmf-dist/tex/latex/graphics/trig.sty
Package: trig 2016/01/03 v1.10 sin cos tan (DPC)
) (/Users/peve/Library/TinyTeX/texmf-dist/tex/latex/graphics-cfg/graphics.cfg
File: graphics.cfg 2016/06/04 v1.11 sample graphics configuration
)
Package graphics Info: Driver file: pdftex.def on input line 105.
)
\Gin@req@height=\dimen164
\Gin@req@width=\dimen165
) (/Users/peve/Library/TinyTeX/texmf-dist/tex/latex/pdfpages/pdfpages.sty
Package: pdfpages 2020/01/28 v0.5q Insert pages of external PDF documents (AM)
(/Users/peve/Library/TinyTeX/texmf-dist/tex/latex/base/ifthen.sty
Package: ifthen 2014/09/29 v1.1c Standard LaTeX ifthen package (DPC)
) (/Users/peve/Library/TinyTeX/texmf-dist/tex/latex/tools/calc.sty
Package: calc 2017/05/25 v4.3 Infix arithmetic (KKT,FJ)
\calc@Acount=\count275
\calc@Bcount=\count276
\calc@Adimen=\dimen166
\calc@Bdimen=\dimen167
\calc@Askip=\skip57
\calc@Bskip=\skip58
LaTeX Info: Redefining \setlength on input line 80.
LaTeX Info: Redefining \addtolength on input line 81.
\calc@Ccount=\count277
\calc@Cskip=\skip59
) (/Users/peve/Library/TinyTeX/texmf-dist/tex/latex/eso-pic/eso-pic.sty
Package: eso-pic 2018/04/12 v2.0h eso-pic (RN)
)
\AM@pagewidth=\dimen168
\AM@pageheight=\dimen169
(/Users/peve/Library/TinyTeX/texmf-dist/tex/latex/pdfpages/pppdftex.def
File: pppdftex.def 2020/01/28 v0.5q Pdfpages driver for pdfTeX (AM)
)
\AM@pagebox=\box52
\AM@global@opts=\toks25
\AM@pagecnt=\count278
\AM@toc@title=\toks26
\c@AM@survey=\count279
\AM@templatesizebox=\box53
) (/Users/peve/Library/TinyTeX/texmf-dist/tex/latex/amscls/amsthm.sty
Package: amsthm 2020/05/29 v2.20.6
\thm@style=\toks27
\thm@bodyfont=\toks28
\thm@headfont=\toks29
\thm@notefont=\toks30
\thm@headpunct=\toks31
\thm@preskip=\skip60
\thm@postskip=\skip61
\thm@headsep=\skip62
\dth@everypar=\toks32
) (/Users/peve/Library/TinyTeX/texmf-dist/tex/latex/mhchem/mhchem.sty
Package: mhchem 2018/06/22 v4.08 for typesetting chemical formulae
(/Users/peve/Library/TinyTeX/texmf-dist/tex/latex/l3kernel/expl3.sty
Package: expl3 2020-08-07 L3 programming layer (loader) 

(/Users/peve/Library/TinyTeX/texmf-dist/tex/latex/l3backend/l3backend-pdfmode.d
ef
File: l3backend-pdfmode.def 2020-08-07 L3 backend support: PDF mode
\l__kernel_color_stack_int=\count280
\l__pdf_internal_box=\box54
))
(/Users/peve/Library/TinyTeX/texmf-dist/tex/latex/l3packages/l3keys2e/l3keys2e.
sty
Package: l3keys2e 2020-05-15 LaTeX2e option processing using LaTeX3 keys
) (/Users/peve/Library/TinyTeX/texmf-dist/tex/latex/chemgreek/chemgreek.sty (/U
sers/peve/Library/TinyTeX/texmf-dist/tex/latex/l3packages/xparse/xparse.sty
Package: xparse 2020-05-15 L3 Experimental document command parser

(/Users/peve/Library/TinyTeX/texmf-dist/tex/latex/l3packages/xparse/xparse-gene
ric.tex
\l__xparse_current_arg_int=\count281
\g__xparse_grabber_int=\count282
\l__xparse_m_args_int=\count283
\l__xparse_v_nesting_int=\count284
))
Package: chemgreek 2020/01/16 v1.1a interface for upright Greek letters for use
 in chemistry (CN)
\l__chemgreek_tmpa_int=\count285
\g__chemgreek_tmpa_int=\count286
)
\l__mhchem_ce_distanceFromLastComma_int=\count287
\__mhchem_arrow_extPgfLength_skip=\skip63
\mhchem@minispace@tmp=\skip64
\mhchem@minibackspace@tmp=\skip65
\mhchem@bondwidth=\skip66
\mhchem@bondheight=\skip67
\mhchem@smallbondwidth@tmpA=\skip68
\mhchem@smallbondwidth@tmpB=\skip69
\mhchem@smallbondwidth=\skip70
\mhchem@bondtmp@minussidebearingleft=\skip71
\mhchem@bondtmp@minussidebearingright=\skip72
\l__mhchem_option_version_int=\count288
\mhchem@option@minusmathsidebearingleft=\dimen170
\mhchem@option@minusmathsidebearingright=\dimen171
\mhchem@option@minustextsidebearingleft=\dimen172
\mhchem@option@minustextsidebearingright=\dimen173
) (/Users/peve/Library/TinyTeX/texmf-dist/tex/latex/cancel/cancel.sty
Package: cancel 2013/04/12 v2.2 Cancel math terms
) (/Users/peve/Library/TinyTeX/texmf-dist/tex/latex/geometry/geometry.sty
Package: geometry 2020/01/02 v5.9 Page Geometry
(/Users/peve/Library/TinyTeX/texmf-dist/tex/generic/iftex/ifvtex.sty
Package: ifvtex 2019/10/25 v1.7 ifvtex legacy package. Use iftex instead.
)
\Gm@cnth=\count289
\Gm@cntv=\count290
\c@Gm@tempcnt=\count291
\Gm@bindingoffset=\dimen174
\Gm@wd@mp=\dimen175
\Gm@odd@mp=\dimen176
\Gm@even@mp=\dimen177
\Gm@layoutwidth=\dimen178
\Gm@layoutheight=\dimen179
\Gm@layouthoffset=\dimen180
\Gm@layoutvoffset=\dimen181
\Gm@dimlist=\toks33
) (/Users/peve/Library/TinyTeX/texmf-dist/tex/latex/fancyhdr/fancyhdr.sty
Package: fancyhdr 2019/01/31 v3.10 Extensive control of page headers and footer
s
\f@nch@headwidth=\skip73
\f@nch@O@elh=\skip74
\f@nch@O@erh=\skip75
\f@nch@O@olh=\skip76
\f@nch@O@orh=\skip77
\f@nch@O@elf=\skip78
\f@nch@O@erf=\skip79
\f@nch@O@olf=\skip80
\f@nch@O@orf=\skip81
) (/Users/peve/Library/TinyTeX/texmf-dist/tex/latex/natbib/natbib.sty
Package: natbib 2010/09/13 8.31b (PWD, AO)
\bibhang=\skip82
\bibsep=\skip83
LaTeX Info: Redefining \cite on input line 694.
\c@NAT@ctr=\count292
)
\c@theorem=\count293
\c@lemma=\count294
\c@corollary=\count295
\c@proposition=\count296
\c@conjecture=\count297
\c@definition=\count298
\c@example=\count299
\c@exercise=\count300
(./pchem1.aux)
\openout1 = `pchem1.aux'.

LaTeX Font Info:    Checking defaults for OML/cmm/m/it on input line 123.
LaTeX Font Info:    ... okay on input line 123.
LaTeX Font Info:    Checking defaults for OMS/cmsy/m/n on input line 123.
LaTeX Font Info:    ... okay on input line 123.
LaTeX Font Info:    Checking defaults for OT1/cmr/m/n on input line 123.
LaTeX Font Info:    ... okay on input line 123.
LaTeX Font Info:    Checking defaults for T1/cmr/m/n on input line 123.
LaTeX Font Info:    ... okay on input line 123.
LaTeX Font Info:    Checking defaults for TS1/cmr/m/n on input line 123.
LaTeX Font Info:    ... okay on input line 123.
LaTeX Font Info:    Checking defaults for OMX/cmex/m/n on input line 123.
LaTeX Font Info:    ... okay on input line 123.
LaTeX Font Info:    Checking defaults for U/cmr/m/n on input line 123.
LaTeX Font Info:    ... okay on input line 123.
LaTeX Font Info:    Checking defaults for PD1/pdf/m/n on input line 123.
LaTeX Font Info:    ... okay on input line 123.
LaTeX Font Info:    Checking defaults for PU/pdf/m/n on input line 123.
LaTeX Font Info:    ... okay on input line 123.

(/Users/peve/Library/TinyTeX/texmf-dist/tex/latex/epstopdf-pkg/epstopdf-base.st
y
Package: epstopdf-base 2020-01-24 v2.11 Base part for package epstopdf
Package epstopdf-base Info: Redefining graphics rule for `.eps' on input line 4
85.
(/Users/peve/Library/TinyTeX/texmf-dist/tex/latex/latexconfig/epstopdf-sys.cfg
File: epstopdf-sys.cfg 2010/07/13 v1.3 Configuration of (r)epstopdf for TeX Liv
e
))
\AtBeginShipoutBox=\box55
Package hyperref Info: Link coloring OFF on input line 123.
(/Users/peve/Library/TinyTeX/texmf-dist/tex/latex/hyperref/nameref.sty
Package: nameref 2019/09/16 v2.46 Cross-referencing by name of section
(/Users/peve/Library/TinyTeX/texmf-dist/tex/latex/refcount/refcount.sty
Package: refcount 2019/12/15 v3.6 Data extraction from label references (HO)
)
(/Users/peve/Library/TinyTeX/texmf-dist/tex/generic/gettitlestring/gettitlestri
ng.sty
Package: gettitlestring 2019/12/15 v1.6 Cleanup title references (HO)
)
\c@section@level=\count301
)
LaTeX Info: Redefining \ref on input line 123.
LaTeX Info: Redefining \pageref on input line 123.
LaTeX Info: Redefining \nameref on input line 123.
(./pchem1.out) (./pchem1.out)
\@outlinefile=\write3
\openout3 = `pchem1.out'.

(/Users/peve/Library/TinyTeX/texmf-dist/tex/latex/pdflscape/pdflscape.sty
Package: pdflscape 2019/12/05 v0.12 Display of landscape pages in PDF (HO)
(/Users/peve/Library/TinyTeX/texmf-dist/tex/latex/graphics/lscape.sty
Package: lscape 2000/10/22 v3.01 Landscape Pages (DPC)
)
Package pdflscape Info: Auto-detected driver: pdftex on input line 81.
)

Package chemgreek Info: Activating mapping `default' on line 123.

*geometry* driver: auto-detecting
*geometry* detected driver: pdftex
*geometry* verbose mode - [ preamble ] result:
* driver: pdftex
* paper: custom
* layout: <same size as paper>
* layoutoffset:(h,v)=(0.0pt,0.0pt)
* modes: twoside 
* h-part:(L,W,R)=(52.03491pt, 303.53267pt, 78.05241pt)
* v-part:(T,H,B)=(78.0524pt, 455.299pt, 117.0786pt)
* \paperwidth=433.62pt
* \paperheight=650.43pt
* \textwidth=303.53267pt
* \textheight=455.299pt
* \oddsidemargin=-20.23508pt
* \evensidemargin=5.78242pt
* \topmargin=-31.21759pt
* \headheight=12.0pt
* \headsep=25.0pt
* \topskip=9.0pt
* \footskip=30.0pt
* \marginparwidth=131.0pt
* \marginparsep=10.0pt
* \columnsep=10.0pt
* \skip\footins=8.0pt plus 4.0pt minus 2.0pt
* \hoffset=0.0pt
* \voffset=0.0pt
* \mag=1000
* \@twocolumnfalse
* \@twosidetrue
* \@mparswitchtrue
* \@reversemarginfalse
* (1in=72.27pt=25.4mm, 1cm=28.453pt)

<FrontPage_6x9.pdf, id=289, 433.62pt x 650.43pt>
File: FrontPage_6x9.pdf Graphic file (type pdf)
<use FrontPage_6x9.pdf>
Package pdftex.def Info: FrontPage_6x9.pdf  used on input line 127.
(pdftex.def)             Requested size: 303.53854pt x 455.30782pt.
File: FrontPage_6x9.pdf Graphic file (type pdf)
<use FrontPage_6x9.pdf>
Package pdftex.def Info: FrontPage_6x9.pdf  used on input line 127.
(pdftex.def)             Requested size: 303.53854pt x 455.30782pt.
<FrontPage_6x9.pdf, id=292, page=1, 433.62pt x 650.43pt>
File: FrontPage_6x9.pdf Graphic file (type pdf)
<use FrontPage_6x9.pdf, page 1>
Package pdftex.def Info: FrontPage_6x9.pdf , page1 used on input line 127.
(pdftex.def)             Requested size: 433.61894pt x 650.4284pt.
File: FrontPage_6x9.pdf Graphic file (type pdf)
<use FrontPage_6x9.pdf, page 1>
Package pdftex.def Info: FrontPage_6x9.pdf , page1 used on input line 127.
(pdftex.def)             Requested size: 433.61894pt x 650.4284pt.
File: FrontPage_6x9.pdf Graphic file (type pdf)
<use FrontPage_6x9.pdf, page 1>
Package pdftex.def Info: FrontPage_6x9.pdf , page1 used on input line 127.
(pdftex.def)             Requested size: 433.61894pt x 650.4284pt.
File: FrontPage_6x9.pdf Graphic file (type pdf)
<use FrontPage_6x9.pdf, page 1>
Package pdftex.def Info: FrontPage_6x9.pdf , page1 used on input line 127.
(pdftex.def)             Requested size: 433.61894pt x 650.4284pt.
File: FrontPage_6x9.pdf Graphic file (type pdf)
<use FrontPage_6x9.pdf, page 1>
Package pdftex.def Info: FrontPage_6x9.pdf , page1 used on input line 127.
(pdftex.def)             Requested size: 433.61894pt x 650.4284pt.
[1

 <./FrontPage_6x9.pdf>] [2{/Users/peve/Library/TinyTeX/texmf-var/fonts/map/pdft
ex/updmap/pdftex.map}

] (./pchem1.toc
LaTeX Font Info:    Trying to load font information for OT1+lmr on input line 2
.
(/Users/peve/Library/TinyTeX/texmf-dist/tex/latex/lm/ot1lmr.fd
File: ot1lmr.fd 2009/10/30 v1.6 Font defs for Latin Modern
)
LaTeX Font Info:    Trying to load font information for OML+lmm on input line 2
.
(/Users/peve/Library/TinyTeX/texmf-dist/tex/latex/lm/omllmm.fd
File: omllmm.fd 2009/10/30 v1.6 Font defs for Latin Modern
)
LaTeX Font Info:    Trying to load font information for OMS+lmsy on input line 
2.
(/Users/peve/Library/TinyTeX/texmf-dist/tex/latex/lm/omslmsy.fd
File: omslmsy.fd 2009/10/30 v1.6 Font defs for Latin Modern
)
LaTeX Font Info:    Trying to load font information for OMX+lmex on input line 
2.
(/Users/peve/Library/TinyTeX/texmf-dist/tex/latex/lm/omxlmex.fd
File: omxlmex.fd 2009/10/30 v1.6 Font defs for Latin Modern
)
LaTeX Font Info:    External font `lmex10' loaded for size
(Font)              <9> on input line 2.
LaTeX Font Info:    External font `lmex10' loaded for size
(Font)              <6> on input line 2.
LaTeX Font Info:    External font `lmex10' loaded for size
(Font)              <5> on input line 2.
LaTeX Font Info:    Trying to load font information for U+msa on input line 2.
(/Users/peve/Library/TinyTeX/texmf-dist/tex/latex/amsfonts/umsa.fd
File: umsa.fd 2013/01/14 v3.01 AMS symbols A
)
LaTeX Font Info:    Trying to load font information for U+msb on input line 2.
(/Users/peve/Library/TinyTeX/texmf-dist/tex/latex/amsfonts/umsb.fd
File: umsb.fd 2013/01/14 v3.01 AMS symbols B
) [3] [4] [5])
\tf@toc=\write4
\openout4 = `pchem1.toc'.

[6]
<./img/OEP_Figures.000.jpeg, id=435, 806.01125pt x 566.115pt>
File: ./img/OEP_Figures.000.jpeg Graphic file (type jpg)
<use ./img/OEP_Figures.000.jpeg>
Package pdftex.def Info: ./img/OEP_Figures.000.jpeg  used on input line 150.
(pdftex.def)             Requested size: 242.82603pt x 170.55278pt.
[7

 <./img/OEP_Figures.000.jpeg>] [8] [9] [10

]
Chapter 1.
LaTeX Font Info:    External font `lmex10' loaded for size
(Font)              <7> on input line 193.
<./img/OEP_Figures.001.jpeg, id=464, 901.3675pt x 586.19pt>
File: ./img/OEP_Figures.001.jpeg Graphic file (type jpg)
<use ./img/OEP_Figures.001.jpeg>
Package pdftex.def Info: ./img/OEP_Figures.001.jpeg  used on input line 197.
(pdftex.def)             Requested size: 212.4678pt x 138.17506pt.
pdfTeX warning (ext4): destination with the same identifier (name{page.1}) has 
been already used, duplicate ignored
<to be read again> 
                   \relax 
l.207 
       [1

]
Underfull \vbox (badness 1365) has occurred while \output is active []

[2 <./img/OEP_Figures.001.jpeg>] [3]
LaTeX Font Info:    Trying to load font information for TS1+lmr on input line 2
34.
(/Users/peve/Library/TinyTeX/texmf-dist/tex/latex/lm/ts1lmr.fd
File: ts1lmr.fd 2009/10/30 v1.6 Font defs for Latin Modern
) [4] [5] [6]

LaTeX Warning: Command \dj invalid in math mode on input line 337.


LaTeX Warning: Command \dj invalid in math mode on input line 337.

[7]
<./img/OEP_Figures.002.jpeg, id=525, 810.02625pt x 457.71pt>
File: ./img/OEP_Figures.002.jpeg Graphic file (type jpg)
<use ./img/OEP_Figures.002.jpeg>
Package pdftex.def Info: ./img/OEP_Figures.002.jpeg  used on input line 345.
(pdftex.def)             Requested size: 182.11208pt x 102.90347pt.
[8 <./img/OEP_Figures.002.jpeg>]
Chapter 2.
[9

] [10]
<./img/OEP_Figures.003.jpeg, id=550, 701.62125pt x 596.2275pt>
File: ./img/OEP_Figures.003.jpeg Graphic file (type jpg)
<use ./img/OEP_Figures.003.jpeg>
Package pdftex.def Info: ./img/OEP_Figures.003.jpeg  used on input line 395.
(pdftex.def)             Requested size: 151.76633pt x 128.96881pt.
[11 <./img/OEP_Figures.003.jpeg>]

LaTeX Warning: Command \dj invalid in math mode on input line 407.


LaTeX Warning: Command \dj invalid in math mode on input line 421.


LaTeX Warning: Command \dj invalid in math mode on input line 428.


LaTeX Warning: Command \dj invalid in math mode on input line 432.


LaTeX Warning: Command \dj invalid in math mode on input line 435.


LaTeX Warning: Command \dj invalid in math mode on input line 442.

[12]

LaTeX Warning: Command \dj invalid in math mode on input line 449.

<./img/OEP_Figures.004.jpeg, id=581, 778.91pt x 655.44875pt>
File: ./img/OEP_Figures.004.jpeg Graphic file (type jpg)
<use ./img/OEP_Figures.004.jpeg>
Package pdftex.def Info: ./img/OEP_Figures.004.jpeg  used on input line 473.
(pdftex.def)             Requested size: 151.76204pt x 127.70697pt.

LaTeX Warning: Command \dj invalid in math mode on input line 485.

[13] [14 <./img/OEP_Figures.004.jpeg>]

LaTeX Warning: Command \dj invalid in math mode on input line 523.


LaTeX Warning: Command \dj invalid in math mode on input line 523.


LaTeX Warning: Command \dj invalid in math mode on input line 530.


LaTeX Warning: Command \dj invalid in math mode on input line 530.


LaTeX Warning: Command \dj invalid in math mode on input line 553.


LaTeX Warning: Command \dj invalid in math mode on input line 553.


LaTeX Warning: Command \dj invalid in math mode on input line 553.

[15] [16]
Chapter 3.

LaTeX Warning: Command \dj invalid in math mode on input line 587.


LaTeX Warning: Command \dj invalid in math mode on input line 587.


LaTeX Warning: Command \dj invalid in math mode on input line 594.

[17

]
<./img/OEP_Figures.006.jpeg, id=640, 1027.84pt x 340.27126pt>
File: ./img/OEP_Figures.006.jpeg Graphic file (type jpg)
<use ./img/OEP_Figures.006.jpeg>
Package pdftex.def Info: ./img/OEP_Figures.006.jpeg  used on input line 605.
(pdftex.def)             Requested size: 242.82848pt x 80.3895pt.

LaTeX Warning: Command \dj invalid in math mode on input line 615.


LaTeX Warning: Command \dj invalid in math mode on input line 622.

[18 <./img/OEP_Figures.006.jpeg>]

LaTeX Warning: Command \dj invalid in math mode on input line 635.


LaTeX Warning: Command \dj invalid in math mode on input line 638.


LaTeX Warning: Command \dj invalid in math mode on input line 647.


LaTeX Warning: Command \dj invalid in math mode on input line 647.


LaTeX Warning: Command \dj invalid in math mode on input line 650.

[19]

LaTeX Warning: Command \dj invalid in math mode on input line 698.


LaTeX Warning: Command \dj invalid in math mode on input line 705.

[20]

LaTeX Warning: Command \dj invalid in math mode on input line 730.


LaTeX Warning: Command \dj invalid in math mode on input line 730.

LaTeX Font Info:    External font `lmex10' loaded for size
(Font)              <10> on input line 748.
[21]
<pchem1_files/figure-latex/unnamed-chunk-2-1.pdf, id=702, 469.755pt x 291.0875p
t>
File: pchem1_files/figure-latex/unnamed-chunk-2-1.pdf Graphic file (type pdf)
<use pchem1_files/figure-latex/unnamed-chunk-2-1.pdf>
Package pdftex.def Info: pchem1_files/figure-latex/unnamed-chunk-2-1.pdf  used 
on input line 752.
(pdftex.def)             Requested size: 212.47014pt x 131.65884pt.
<pchem1_files/figure-latex/unnamed-chunk-3-1.pdf, id=706, 469.755pt x 291.0875p
t>
File: pchem1_files/figure-latex/unnamed-chunk-3-1.pdf Graphic file (type pdf)
<use pchem1_files/figure-latex/unnamed-chunk-3-1.pdf>
Package pdftex.def Info: pchem1_files/figure-latex/unnamed-chunk-3-1.pdf  used 
on input line 756.
(pdftex.def)             Requested size: 212.47014pt x 131.65884pt.
[22 <./pchem1_files/figure-latex/unnamed-chunk-2-1.pdf> <./pchem1_files/figure-
latex/unnamed-chunk-3-1.pdf>]
<pchem1_files/figure-latex/unnamed-chunk-4-1.pdf, id=729, 469.755pt x 291.0875p
t>
File: pchem1_files/figure-latex/unnamed-chunk-4-1.pdf Graphic file (type pdf)
<use pchem1_files/figure-latex/unnamed-chunk-4-1.pdf>
Package pdftex.def Info: pchem1_files/figure-latex/unnamed-chunk-4-1.pdf  used 
on input line 765.
(pdftex.def)             Requested size: 212.47014pt x 131.65884pt.
<pchem1_files/figure-latex/unnamed-chunk-5-1.pdf, id=730, 469.755pt x 291.0875p
t>
File: pchem1_files/figure-latex/unnamed-chunk-5-1.pdf Graphic file (type pdf)
<use pchem1_files/figure-latex/unnamed-chunk-5-1.pdf>
Package pdftex.def Info: pchem1_files/figure-latex/unnamed-chunk-5-1.pdf  used 
on input line 774.
(pdftex.def)             Requested size: 212.47014pt x 131.65884pt.
[23 <./pchem1_files/figure-latex/unnamed-chunk-4-1.pdf> <./pchem1_files/figure-
latex/unnamed-chunk-5-1.pdf>]
<pchem1_files/figure-latex/unnamed-chunk-6-1.pdf, id=749, 469.755pt x 291.0875p
t>
File: pchem1_files/figure-latex/unnamed-chunk-6-1.pdf Graphic file (type pdf)
<use pchem1_files/figure-latex/unnamed-chunk-6-1.pdf>
Package pdftex.def Info: pchem1_files/figure-latex/unnamed-chunk-6-1.pdf  used 
on input line 783.
(pdftex.def)             Requested size: 212.47014pt x 131.65884pt.
<pchem1_files/figure-latex/figures-side-1.pdf, id=750, 469.755pt x 325.215pt>
File: pchem1_files/figure-latex/figures-side-1.pdf Graphic file (type pdf)
<use pchem1_files/figure-latex/figures-side-1.pdf>
Package pdftex.def Info: pchem1_files/figure-latex/figures-side-1.pdf  used on 
input line 799.
(pdftex.def)             Requested size: 151.76541pt x 105.06836pt.
<pchem1_files/figure-latex/figures-side-2.pdf, id=751, 469.755pt x 325.215pt>
File: pchem1_files/figure-latex/figures-side-2.pdf Graphic file (type pdf)
<use pchem1_files/figure-latex/figures-side-2.pdf>
Package pdftex.def Info: pchem1_files/figure-latex/figures-side-2.pdf  used on 
input line 799.
(pdftex.def)             Requested size: 151.76541pt x 105.06836pt.
<pchem1_files/figure-latex/figures-side-3.pdf, id=752, 469.755pt x 325.215pt>
File: pchem1_files/figure-latex/figures-side-3.pdf Graphic file (type pdf)
<use pchem1_files/figure-latex/figures-side-3.pdf>
Package pdftex.def Info: pchem1_files/figure-latex/figures-side-3.pdf  used on 
input line 799.
(pdftex.def)             Requested size: 151.76541pt x 105.06836pt.
<pchem1_files/figure-latex/figures-side-4.pdf, id=753, 469.755pt x 325.215pt>
File: pchem1_files/figure-latex/figures-side-4.pdf Graphic file (type pdf)
<use pchem1_files/figure-latex/figures-side-4.pdf>
Package pdftex.def Info: pchem1_files/figure-latex/figures-side-4.pdf  used on 
input line 799.
(pdftex.def)             Requested size: 151.76541pt x 105.06836pt.

Overfull \hbox (2.0537pt too wide) in paragraph at lines 799--800
[][] []
 []


Overfull \hbox (2.0537pt too wide) in paragraph at lines 799--800
[] [] 
 []


Underfull \vbox (badness 1092) has occurred while \output is active []

[24 <./pchem1_files/figure-latex/unnamed-chunk-6-1.pdf>] [25 <./pchem1_files/fi
gure-latex/figures-side-1.pdf> <./pchem1_files/figure-latex/figures-side-2.pdf>
 <./pchem1_files/figure-latex/figures-side-3.pdf> <./pchem1_files/figure-latex/
figures-side-4.pdf>]
<./img/OEP_Figures.005.jpeg, id=804, 1027.84pt x 770.88pt>
File: ./img/OEP_Figures.005.jpeg Graphic file (type jpg)
<use ./img/OEP_Figures.005.jpeg>
Package pdftex.def Info: ./img/OEP_Figures.005.jpeg  used on input line 819.
(pdftex.def)             Requested size: 242.82848pt x 182.12137pt.

LaTeX Warning: Command \dj invalid in math mode on input line 835.

[26 <./img/OEP_Figures.005.jpeg>] [27] [28]
Chapter 4.
[29

] [30] [31] [32] [33]
LaTeX Font Info:    External font `lmex10' loaded for size
(Font)              <10.95> on input line 1078.
LaTeX Font Info:    External font `lmex10' loaded for size
(Font)              <8> on input line 1078.
[34] [35] [36

]
Chapter 5.
<./img/OEP_Figures.008.jpeg, id=934, 1027.84pt x 770.88pt>
File: ./img/OEP_Figures.008.jpeg Graphic file (type jpg)
<use ./img/OEP_Figures.008.jpeg>
Package pdftex.def Info: ./img/OEP_Figures.008.jpeg  used on input line 1133.
(pdftex.def)             Requested size: 242.82848pt x 182.12137pt.

Underfull \vbox (badness 1668) has occurred while \output is active []

[37] [38 <./img/OEP_Figures.008.jpeg>]
<pchem1_files/figure-latex/FigCarnotPV-1.pdf, id=955, 469.755pt x 325.215pt>
File: pchem1_files/figure-latex/FigCarnotPV-1.pdf Graphic file (type pdf)
<use pchem1_files/figure-latex/FigCarnotPV-1.pdf>
Package pdftex.def Info: pchem1_files/figure-latex/FigCarnotPV-1.pdf  used on i
nput line 1167.
(pdftex.def)             Requested size: 212.47014pt x 147.09471pt.
<./img/OEP_Figures.007a.png, id=956, 630.85687pt x 542.025pt>
File: ./img/OEP_Figures.007a.png Graphic file (type png)
<use ./img/OEP_Figures.007a.png>
Package pdftex.def Info: ./img/OEP_Figures.007a.png  used on input line 1177.
(pdftex.def)             Requested size: 212.46701pt x 182.54922pt.

Underfull \vbox (badness 10000) has occurred while \output is active []

[39] [40 <./pchem1_files/figure-latex/FigCarnotPV-1.pdf> <./img/OEP_Figures.007
a.png>]
<./img/OEP_Figures.007b.png, id=985, 684.30656pt x 503.63156pt>
File: ./img/OEP_Figures.007b.png Graphic file (type png)
<use ./img/OEP_Figures.007b.png>
Package pdftex.def Info: ./img/OEP_Figures.007b.png  used on input line 1201.
(pdftex.def)             Requested size: 212.46696pt x 156.37007pt.
[41 <./img/OEP_Figures.007b.png>]
<./img/OEP_Figures.007c.png, id=997, 722.7pt x 515.67656pt>
File: ./img/OEP_Figures.007c.png Graphic file (type png)
<use ./img/OEP_Figures.007c.png>
Package pdftex.def Info: ./img/OEP_Figures.007c.png  used on input line 1220.
(pdftex.def)             Requested size: 212.46683pt x 151.60393pt.
<./img/OEP_Figures.007d.png, id=998, 730.98094pt x 491.58656pt>
File: ./img/OEP_Figures.007d.png Graphic file (type png)
<use ./img/OEP_Figures.007d.png>
Package pdftex.def Info: ./img/OEP_Figures.007d.png  used on input line 1244.
(pdftex.def)             Requested size: 212.4698pt x 142.88649pt.
[42 <./img/OEP_Figures.007c.png>] [43 <./img/OEP_Figures.007d.png>] [44]
<./img/OEP_Figures.009.jpeg, id=1029, 1027.84pt x 620.3175pt>
File: ./img/OEP_Figures.009.jpeg Graphic file (type jpg)
<use ./img/OEP_Figures.009.jpeg>
Package pdftex.def Info: ./img/OEP_Figures.009.jpeg  used on input line 1324.
(pdftex.def)             Requested size: 242.82848pt x 146.55078pt.
<./img/OEP_Figures.010.jpeg, id=1033, 1027.84pt x 770.88pt>
File: ./img/OEP_Figures.010.jpeg Graphic file (type jpg)
<use ./img/OEP_Figures.010.jpeg>
Package pdftex.def Info: ./img/OEP_Figures.010.jpeg  used on input line 1339.
(pdftex.def)             Requested size: 182.11743pt x 136.58807pt.
[45 <./img/OEP_Figures.009.jpeg>] [46 <./img/OEP_Figures.010.jpeg>] [47] [48

]
Chapter 6.
[49]
<pchem1_files/figure-latex/unnamed-chunk-12-1.pdf, id=1089, 469.755pt x 291.087
5pt>
File: pchem1_files/figure-latex/unnamed-chunk-12-1.pdf Graphic file (type pdf)
<use pchem1_files/figure-latex/unnamed-chunk-12-1.pdf>
Package pdftex.def Info: pchem1_files/figure-latex/unnamed-chunk-12-1.pdf  used
 on input line 1400.
(pdftex.def)             Requested size: 212.47014pt x 131.65884pt.

LaTeX Warning: Command \dj invalid in math mode on input line 1420.

[50 <./pchem1_files/figure-latex/unnamed-chunk-12-1.pdf>]

LaTeX Warning: Command \dj invalid in math mode on input line 1427.


LaTeX Warning: Command \dj invalid in math mode on input line 1451.

[51]

LaTeX Warning: Command \dj invalid in math mode on input line 1458.

<./img/OEP_Figures.011.jpeg, id=1128, 1027.84pt x 770.88pt>
File: ./img/OEP_Figures.011.jpeg Graphic file (type jpg)
<use ./img/OEP_Figures.011.jpeg>
Package pdftex.def Info: ./img/OEP_Figures.011.jpeg  used on input line 1471.
(pdftex.def)             Requested size: 242.82848pt x 182.12137pt.

LaTeX Warning: Command \dj invalid in math mode on input line 1481.


LaTeX Warning: Command \dj invalid in math mode on input line 1481.


LaTeX Warning: Command \dj invalid in math mode on input line 1481.

[52 <./img/OEP_Figures.011.jpeg>]

LaTeX Warning: Command \dj invalid in math mode on input line 1489.


LaTeX Warning: Command \dj invalid in math mode on input line 1489.


LaTeX Warning: Command \dj invalid in math mode on input line 1497.


LaTeX Warning: Command \dj invalid in math mode on input line 1497.


LaTeX Warning: Command \dj invalid in math mode on input line 1501.

[53] [54

]
Chapter 7.
[55]

LaTeX Warning: Command \dj invalid in math mode on input line 1560.

[56]

LaTeX Warning: Command \dj invalid in math mode on input line 1606.


LaTeX Warning: Command \dj invalid in math mode on input line 1610.


LaTeX Warning: Command \dj invalid in math mode on input line 1611.

[57]

LaTeX Warning: Command \dj invalid in math mode on input line 1622.


LaTeX Warning: Command \dj invalid in math mode on input line 1639.

[58]

LaTeX Warning: Command \dj invalid in math mode on input line 1663.


LaTeX Warning: Command \dj invalid in math mode on input line 1663.

[59]
Overfull \hbox (5.3379pt too wide) detected at line 1706
[][][]
 []

[60]

LaTeX Warning: Command \dj invalid in math mode on input line 1725.


LaTeX Warning: Command \dj invalid in math mode on input line 1732.


LaTeX Warning: Command \dj invalid in math mode on input line 1740.


LaTeX Warning: Command \dj invalid in math mode on input line 1741.


LaTeX Warning: Command \dj invalid in math mode on input line 1742.

[61] [62] [63] [64

]
Chapter 8.

LaTeX Warning: Command \dj invalid in math mode on input line 1785.


LaTeX Warning: Command \dj invalid in math mode on input line 1786.


LaTeX Warning: Command \dj invalid in math mode on input line 1786.

[65] [66] [67] [68] [69]

LaTeX Warning: Command \dj invalid in math mode on input line 1937.


LaTeX Warning: Command \dj invalid in math mode on input line 1937.


LaTeX Warning: Command \dj invalid in math mode on input line 1941.


LaTeX Warning: Command \dj invalid in math mode on input line 1941.

[70]
<pchem1_files/figure-latex/agfig-1.pdf, id=1345, 469.755pt x 325.215pt>
File: pchem1_files/figure-latex/agfig-1.pdf Graphic file (type pdf)
<use pchem1_files/figure-latex/agfig-1.pdf>
Package pdftex.def Info: pchem1_files/figure-latex/agfig-1.pdf  used on input l
ine 1996.
(pdftex.def)             Requested size: 303.53082pt x 210.13672pt.
[71] [72 <./pchem1_files/figure-latex/agfig-1.pdf>]
Underfull \vbox (badness 10000) has occurred while \output is active []

[73] [74] [75] [76

]
Chapter 9.
[77]
Overfull \hbox (5.50104pt too wide) in alignment at lines 2147--2161
 [] [] [] [] [] 
 []


Overfull \hbox (5.50104pt too wide) in alignment at lines 2161--2207
 [] [] [] [] [] 
 []

[78]
Overfull \vbox (0.87013pt too high) has occurred while \output is active []

[79] [80] [81]
<pchem1_files/figure-latex/gdeppfig-1.pdf, id=1462, 469.755pt x 291.0875pt>
File: pchem1_files/figure-latex/gdeppfig-1.pdf Graphic file (type pdf)
<use pchem1_files/figure-latex/gdeppfig-1.pdf>
Package pdftex.def Info: pchem1_files/figure-latex/gdeppfig-1.pdf  used on inpu
t line 2347.
(pdftex.def)             Requested size: 303.53082pt x 188.08533pt.
[82] [83 <./pchem1_files/figure-latex/gdeppfig-1.pdf>] [84] [85] [86

]
Chapter 10.
[87] [88] [89] [90]
<pchem1_files/figure-latex/vthoffplt-1.pdf, id=1573, 469.755pt x 325.215pt>
File: pchem1_files/figure-latex/vthoffplt-1.pdf Graphic file (type pdf)
<use pchem1_files/figure-latex/vthoffplt-1.pdf>
Package pdftex.def Info: pchem1_files/figure-latex/vthoffplt-1.pdf  used on inp
ut line 2612.
(pdftex.def)             Requested size: 303.53082pt x 210.13672pt.
[91 <./pchem1_files/figure-latex/vthoffplt-1.pdf>] [92] [93] [94] [95] [96

]
Chapter 11.
[97]
<pchem1_files/figure-latex/FigPVideal-1.pdf, id=1657, 469.755pt x 325.215pt>
File: pchem1_files/figure-latex/FigPVideal-1.pdf Graphic file (type pdf)
<use pchem1_files/figure-latex/FigPVideal-1.pdf>
Package pdftex.def Info: pchem1_files/figure-latex/FigPVideal-1.pdf  used on in
put line 2774.
(pdftex.def)             Requested size: 212.47014pt x 147.09471pt.
[98 <./pchem1_files/figure-latex/FigPVideal-1.pdf>]
<pchem1_files/figure-latex/FigTVideal-1.pdf, id=1676, 469.755pt x 325.215pt>
File: pchem1_files/figure-latex/FigTVideal-1.pdf Graphic file (type pdf)
<use pchem1_files/figure-latex/FigTVideal-1.pdf>
Package pdftex.def Info: pchem1_files/figure-latex/FigTVideal-1.pdf  used on in
put line 2802.
(pdftex.def)             Requested size: 212.47014pt x 147.09471pt.
<pchem1_files/figure-latex/FigTPideal-1.pdf, id=1678, 469.755pt x 325.215pt>
File: pchem1_files/figure-latex/FigTPideal-1.pdf Graphic file (type pdf)
<use pchem1_files/figure-latex/FigTPideal-1.pdf>
Package pdftex.def Info: pchem1_files/figure-latex/FigTPideal-1.pdf  used on in
put line 2829.
(pdftex.def)             Requested size: 212.47014pt x 147.09471pt.
[99 <./pchem1_files/figure-latex/FigTVideal-1.pdf>] [100 <./pchem1_files/figure
-latex/FigTPideal-1.pdf>] [101]
Overfull \vbox (6.20634pt too high) has occurred while \output is active []

[102]
<./img/OEP_Figures.015.jpeg, id=1735, 1027.84pt x 637.38126pt>
File: ./img/OEP_Figures.015.jpeg Graphic file (type jpg)
<use ./img/OEP_Figures.015.jpeg>
Package pdftex.def Info: ./img/OEP_Figures.015.jpeg  used on input line 3042.
(pdftex.def)             Requested size: 242.82848pt x 150.5821pt.

Underfull \vbox (badness 7963) has occurred while \output is active []

[103 <./img/OEP_Figures.015.jpeg>] [104]
Underfull \vbox (badness 10000) has occurred while \output is active []

[105]
<./img/OEP_Figures.012.jpeg, id=1774, 1027.84pt x 484.81125pt>
File: ./img/OEP_Figures.012.jpeg Graphic file (type jpg)
<use ./img/OEP_Figures.012.jpeg>
Package pdftex.def Info: ./img/OEP_Figures.012.jpeg  used on input line 3147.
(pdftex.def)             Requested size: 242.82848pt x 114.53726pt.
[106 <./img/OEP_Figures.012.jpeg>]
<./img/OEP_Figures.013.jpeg, id=1785, 1027.84pt x 404.51125pt>
File: ./img/OEP_Figures.013.jpeg Graphic file (type jpg)
<use ./img/OEP_Figures.013.jpeg>
Package pdftex.def Info: ./img/OEP_Figures.013.jpeg  used on input line 3182.
(pdftex.def)             Requested size: 273.17616pt x 107.50975pt.
<./img/OEP_Figures.014.jpeg, id=1786, 645.41125pt x 538.01pt>
File: ./img/OEP_Figures.014.jpeg Graphic file (type jpg)
<use ./img/OEP_Figures.014.jpeg>
Package pdftex.def Info: ./img/OEP_Figures.014.jpeg  used on input line 3206.
(pdftex.def)             Requested size: 182.12221pt x 151.8157pt.
[107 <./img/OEP_Figures.013.jpeg>]
<./img/PVT_3D_diagram.png, id=1800, 651.93562pt x 731.73375pt>
File: ./img/PVT_3D_diagram.png Graphic file (type png)
<use ./img/PVT_3D_diagram.png>
Package pdftex.def Info: ./img/PVT_3D_diagram.png  used on input line 3227.
(pdftex.def)             Requested size: 151.76247pt x 170.33847pt.
[108 <./img/OEP_Figures.014.jpeg>] [109 <./img/PVT_3D_diagram.png>] [110] [111]
[112]
Chapter 12.
[113

]
<./img/OEP_Figures.016.jpeg, id=1876, 626.34pt x 531.9875pt>
File: ./img/OEP_Figures.016.jpeg Graphic file (type jpg)
<use ./img/OEP_Figures.016.jpeg>
Package pdftex.def Info: ./img/OEP_Figures.016.jpeg  used on input line 3394.
(pdftex.def)             Requested size: 182.12135pt x 154.68642pt.
[114]
<./img/OEP_Figures.017.jpeg, id=1887, 626.34pt x 538.01pt>
File: ./img/OEP_Figures.017.jpeg Graphic file (type jpg)
<use ./img/OEP_Figures.017.jpeg>
Package pdftex.def Info: ./img/OEP_Figures.017.jpeg  used on input line 3406.
(pdftex.def)             Requested size: 182.12135pt x 156.43758pt.
[115 <./img/OEP_Figures.016.jpeg>] [116 <./img/OEP_Figures.017.jpeg>] [117]
<./img/OEP_Figures.018.jpeg, id=1917, 630.355pt x 587.19376pt>
File: ./img/OEP_Figures.018.jpeg Graphic file (type jpg)
<use ./img/OEP_Figures.018.jpeg>
Package pdftex.def Info: ./img/OEP_Figures.018.jpeg  used on input line 3474.
(pdftex.def)             Requested size: 182.11536pt x 169.64568pt.
[118 <./img/OEP_Figures.018.jpeg>] [119] [120] [121] [122]
Chapter 13.
[123

]
<./img/OEP_Figures.019.jpeg, id=1990, 661.47125pt x 619.31375pt>
File: ./img/OEP_Figures.019.jpeg Graphic file (type jpg)
<use ./img/OEP_Figures.019.jpeg>
Package pdftex.def Info: ./img/OEP_Figures.019.jpeg  used on input line 3648.
(pdftex.def)             Requested size: 182.11206pt x 170.50552pt.
[124]
<./img/OEP_Figures.020.jpeg, id=2005, 684.5575pt x 629.35126pt>
File: ./img/OEP_Figures.020.jpeg Graphic file (type jpg)
<use ./img/OEP_Figures.020.jpeg>
Package pdftex.def Info: ./img/OEP_Figures.020.jpeg  used on input line 3664.
(pdftex.def)             Requested size: 182.11716pt x 167.4303pt.
[125 <./img/OEP_Figures.019.jpeg>]
<./img/OEP_Figures.021.jpeg, id=2018, 677.53125pt x 618.31pt>
File: ./img/OEP_Figures.021.jpeg Graphic file (type jpg)
<use ./img/OEP_Figures.021.jpeg>
Package pdftex.def Info: ./img/OEP_Figures.021.jpeg  used on input line 3709.
(pdftex.def)             Requested size: 182.11916pt x 166.20059pt.
[126 <./img/OEP_Figures.020.jpeg>]
<./img/OEP_Figures.022.jpeg, id=2027, 683.55376pt x 620.3175pt>
File: ./img/OEP_Figures.022.jpeg Graphic file (type jpg)
<use ./img/OEP_Figures.022.jpeg>
Package pdftex.def Info: ./img/OEP_Figures.022.jpeg  used on input line 3725.
(pdftex.def)             Requested size: 182.12132pt x 165.27309pt.
[127 <./img/OEP_Figures.021.jpeg>]
<./img/OEP_Figures.023.jpeg, id=2039, 980.66376pt x 615.29875pt>
File: ./img/OEP_Figures.023.jpeg Graphic file (type jpg)
<use ./img/OEP_Figures.023.jpeg>
Package pdftex.def Info: ./img/OEP_Figures.023.jpeg  used on input line 3736.
(pdftex.def)             Requested size: 182.10828pt x 114.26036pt.

Underfull \vbox (badness 10000) has occurred while \output is active []

[128 <./img/OEP_Figures.022.jpeg>]
<./img/OEP_Figures.024.jpeg, id=2048, 678.535pt x 618.31pt>
File: ./img/OEP_Figures.024.jpeg Graphic file (type jpg)
<use ./img/OEP_Figures.024.jpeg>
Package pdftex.def Info: ./img/OEP_Figures.024.jpeg  used on input line 3752.
(pdftex.def)             Requested size: 182.11977pt x 165.95529pt.
<./img/OEP_Figures.025.jpeg, id=2053, 1027.84pt x 497.86pt>
File: ./img/OEP_Figures.025.jpeg Graphic file (type jpg)
<use ./img/OEP_Figures.025.jpeg>
Package pdftex.def Info: ./img/OEP_Figures.025.jpeg  used on input line 3770.
(pdftex.def)             Requested size: 242.82848pt x 117.62004pt.
<./img/OEP_Figures.026.jpeg, id=2056, 1027.84pt x 497.86pt>
File: ./img/OEP_Figures.026.jpeg Graphic file (type jpg)
<use ./img/OEP_Figures.026.jpeg>
Package pdftex.def Info: ./img/OEP_Figures.026.jpeg  used on input line 3781.
(pdftex.def)             Requested size: 242.82848pt x 117.62004pt.
[129 <./img/OEP_Figures.023.jpeg>] [130 <./img/OEP_Figures.024.jpeg> <./img/OEP
_Figures.025.jpeg>] [131 <./img/OEP_Figures.026.jpeg>]
<./img/OEP_Figures.027.jpeg, id=2079, 527.9725pt x 497.86pt>
File: ./img/OEP_Figures.027.jpeg Graphic file (type jpg)
<use ./img/OEP_Figures.027.jpeg>
Package pdftex.def Info: ./img/OEP_Figures.027.jpeg  used on input line 3809.
(pdftex.def)             Requested size: 182.11848pt x 171.73149pt.
[132 <./img/OEP_Figures.027.jpeg>]
<./img/OEP_Figures.028.jpeg, id=2097, 588.1975pt x 495.8525pt>
File: ./img/OEP_Figures.028.jpeg Graphic file (type jpg)
<use ./img/OEP_Figures.028.jpeg>
Package pdftex.def Info: ./img/OEP_Figures.028.jpeg  used on input line 3825.
(pdftex.def)             Requested size: 182.12393pt x 153.5311pt.
<./img/OEP_Figures.029.jpeg, id=2099, 589.20125pt x 506.89375pt>
File: ./img/OEP_Figures.029.jpeg Graphic file (type jpg)
<use ./img/OEP_Figures.029.jpeg>
Package pdftex.def Info: ./img/OEP_Figures.029.jpeg  used on input line 3836.
(pdftex.def)             Requested size: 182.12006pt x 156.6791pt.
<./img/OEP_Figures.030.jpeg, id=2101, 585.18625pt x 487.8225pt>
File: ./img/OEP_Figures.030.jpeg Graphic file (type jpg)
<use ./img/OEP_Figures.030.jpeg>
Package pdftex.def Info: ./img/OEP_Figures.030.jpeg  used on input line 3847.
(pdftex.def)             Requested size: 182.1202pt x 151.8189pt.
[133] [134 <./img/OEP_Figures.028.jpeg> <./img/OEP_Figures.029.jpeg>]
<./img/OEP_Figures.031.jpeg, id=2116, 1027.84pt x 494.84875pt>
File: ./img/OEP_Figures.031.jpeg Graphic file (type jpg)
<use ./img/OEP_Figures.031.jpeg>
Package pdftex.def Info: ./img/OEP_Figures.031.jpeg  used on input line 3861.
(pdftex.def)             Requested size: 242.82848pt x 116.90863pt.
<./img/OEP_Figures.032.jpeg, id=2118, 536.0025pt x 491.8375pt>
File: ./img/OEP_Figures.032.jpeg Graphic file (type jpg)
<use ./img/OEP_Figures.032.jpeg>
Package pdftex.def Info: ./img/OEP_Figures.032.jpeg  used on input line 3872.
(pdftex.def)             Requested size: 182.11575pt x 167.10995pt.
[135 <./img/OEP_Figures.030.jpeg>] [136 <./img/OEP_Figures.031.jpeg> <./img/OEP
_Figures.032.jpeg>]
Chapter 14.
[137

] [138]
<./img/OEP_Figures.033.jpeg, id=2161, 1027.84pt x 509.905pt>
File: ./img/OEP_Figures.033.jpeg Graphic file (type jpg)
<use ./img/OEP_Figures.033.jpeg>
Package pdftex.def Info: ./img/OEP_Figures.033.jpeg  used on input line 3958.
(pdftex.def)             Requested size: 242.82848pt x 120.46568pt.
[139 <./img/OEP_Figures.033.jpeg>] [140]
<./img/OEP_Figures.034.jpeg, id=2188, 667.49374pt x 559.08875pt>
File: ./img/OEP_Figures.034.jpeg Graphic file (type jpg)
<use ./img/OEP_Figures.034.jpeg>
Package pdftex.def Info: ./img/OEP_Figures.034.jpeg  used on input line 4022.
(pdftex.def)             Requested size: 182.12015pt x 152.54274pt.
[141] [142 <./img/OEP_Figures.034.jpeg>]
<./img/OEP_Figures.035.jpeg, id=2212, 1027.84pt x 613.29124pt>
File: ./img/OEP_Figures.035.jpeg Graphic file (type jpg)
<use ./img/OEP_Figures.035.jpeg>
Package pdftex.def Info: ./img/OEP_Figures.035.jpeg  used on input line 4077.
(pdftex.def)             Requested size: 242.82848pt x 144.89081pt.
[143] [144 <./img/OEP_Figures.035.jpeg>]
Chapter 15.
[145

] [146] [147] [148] [149]
Overfull \hbox (5.51028pt too wide) in alignment at lines 4267--4281
 [] [] [] [] [] 
 []


Overfull \hbox (19.80183pt too wide) in paragraph at lines 4283--4284
[]\T1/lmr/bx/n/6 Differential 
 []


Overfull \hbox (16.55235pt too wide) in paragraph at lines 4294--4295
[]\T1/lmr/bx/n/6 Integrated 
 []


Overfull \hbox (1.95142pt too wide) in paragraph at lines 4316--4317
[]\T1/lmr/bx/n/6 Linear 
 []


Overfull \hbox (5.51028pt too wide) in alignment at lines 4281--4338
 [] [] [] [] [] 
 []

[150] [151] [152] [153] [154]
Chapter 16.

Overfull \hbox (1.62439pt too wide) in paragraph at lines 4465--4466
[]\T1/lmr/m/n/5 Substance:|  
 []


Overfull \hbox (2.46736pt too wide) in alignment at lines 4462--4480
 [] [] [] [] [] 
 []


Overfull \hbox (3.8472pt too wide) in paragraph at lines 4526--4527
[]\T1/lmr/m/n/5 Ag$[]$CO$[]$(s)|  
 []


Overfull \hbox (4.0832pt too wide) in paragraph at lines 4691--4692
[]\T1/lmr/m/n/5 Al(OH)$[]$(s)|  
 []


Overfull \hbox (2.46736pt too wide) in alignment at lines 4480--4701
 [] [] [] [] [] 
 []


Overfull \hbox (11.18086pt too wide) in paragraph at lines 4702--4703
[]\T1/lmr/m/n/5 Al(OH)$[]$$[]$(aq)|  
 []


Overfull \hbox (2.46736pt too wide) in alignment at lines 4701--4921
 [] [] [] [] [] 
 []


Overfull \hbox (4.89578pt too wide) in paragraph at lines 4977--4978
[]\T1/lmr/m/n/5 Be(OH)$[]$(s)|  
 []


Overfull \hbox (10.1662pt too wide) in paragraph at lines 5131--5132
[]\T1/lmr/m/n/5 C(s,diamond)|  
 []


Overfull \hbox (2.46736pt too wide) in alignment at lines 4921--5141
 [] [] [] [] [] 
 []

[155

]
Overfull \hbox (9.40245pt too wide) in paragraph at lines 5142--5143
[]\T1/lmr/m/n/5 C(s,graphite)|  
 []


Overfull \hbox (2.19435pt too wide) in paragraph at lines 5175--5176
[]\T1/lmr/m/n/5 CCl$[]$F$[]$(g)|  
 []


Overfull \hbox (5.36086pt too wide) in paragraph at lines 5296--5297
[]\T1/lmr/m/n/5 Ca(OH)$[]$(s)|  
 []


Overfull \hbox (16.7782pt too wide) in paragraph at lines 5340--5341
[]\T1/lmr/m/n/5 CaCO$[]$(s,arag.)|  
 []


Overfull \hbox (15.38905pt too wide) in paragraph at lines 5351--5352
[]\T1/lmr/m/n/5 CaCO$[]$(s,calc.)|  
 []


Overfull \hbox (2.46736pt too wide) in alignment at lines 5141--5361
 [] [] [] [] [] 
 []


Overfull \hbox (2.46736pt too wide) in alignment at lines 5361--5581
 [] [] [] [] [] 
 []

[156]
Overfull \hbox (2.46736pt too wide) in alignment at lines 5581--5801
 [] [] [] [] [] 
 []


Overfull \hbox (2.46736pt too wide) in alignment at lines 5801--6021
 [] [] [] [] [] 
 []

[157]
Overfull \hbox (3.63905pt too wide) in paragraph at lines 6176--6177
[]\T1/lmr/m/n/5 H$[]$SO$[]$(aq)|  
 []


Overfull \hbox (2.46736pt too wide) in alignment at lines 6021--6241
 [] [] [] [] [] 
 []


Overfull \hbox (0.88905pt too wide) in paragraph at lines 6341--6342
[]\T1/lmr/m/n/5 HNO$[]$(aq)|  
 []


Overfull \hbox (1.38846pt too wide) in paragraph at lines 6429--6430
[]\T1/lmr/m/n/5 HgS(s,red)|  
 []


Overfull \hbox (2.80554pt too wide) in paragraph at lines 6440--6441
[]\T1/lmr/m/n/5 Hg$[]$SO$[]$(s)|  
 []


Overfull \hbox (2.46736pt too wide) in alignment at lines 6241--6461
 [] [] [] [] [] 
 []

[158]
Overfull \hbox (0.7222pt too wide) in paragraph at lines 6462--6463
[]\T1/lmr/m/n/5 Hg$[]$Cl$[]$(s)|  
 []


Overfull \hbox (1.29886pt too wide) in paragraph at lines 6484--6485
[]\T1/lmr/m/n/5 Hg$[]$Br$[]$(s)|  
 []


Overfull \hbox (0.6177pt too wide) in paragraph at lines 6638--6639
[]\T1/lmr/m/n/5 K$[]$CO$[]$(s)|  
 []


Overfull \hbox (2.46736pt too wide) in alignment at lines 6461--6681
 [] [] [] [] [] 
 []


Overfull \hbox (1.61755pt too wide) in paragraph at lines 6737--6738
[]\T1/lmr/m/n/5 KMnO$[]$(s)|  
 []


Overfull \hbox (2.46736pt too wide) in alignment at lines 6681--6901
 [] [] [] [] [] 
 []

[159]
Overfull \hbox (6.5137pt too wide) in paragraph at lines 6935--6936
[]\T1/lmr/m/n/5 Mg(OH)$[]$(s)|  
 []


Overfull \hbox (4.68056pt too wide) in paragraph at lines 7045--7046
[]\T1/lmr/m/n/5 MnO$[]$$[]$(aq)|  
 []


Overfull \hbox (2.46736pt too wide) in alignment at lines 6901--7121
 [] [] [] [] [] 
 []


Overfull \hbox (1.38905pt too wide) in paragraph at lines 7188--7189
[]\T1/lmr/m/n/5 NH$[]$$[]$(aq)|  
 []


Overfull \hbox (5.45854pt too wide) in paragraph at lines 7210--7211
[]\T1/lmr/m/n/5 NH$[]$NO$[]$(s)|  
 []


Overfull \hbox (0.82655pt too wide) in paragraph at lines 7221--7222
[]\T1/lmr/m/n/5 NH$[]$OH(l)|  
 []


Overfull \hbox (13.6252pt too wide) in paragraph at lines 7232--7233
[]\T1/lmr/m/n/5 (NH$[]$)$[]$SO$[]$(s)|  
 []


Overfull \hbox (2.46736pt too wide) in alignment at lines 7121--7341
 [] [] [] [] [] 
 []

[160]
Overfull \hbox (3.8472pt too wide) in paragraph at lines 7353--7354
[]\T1/lmr/m/n/5 Na$[]$CO$[]$(s)|  
 []


Overfull \hbox (2.80554pt too wide) in paragraph at lines 7386--7387
[]\T1/lmr/m/n/5 Na$[]$SO$[]$(s)|  
 []


Overfull \hbox (4.29205pt too wide) in paragraph at lines 7496--7497
[]\T1/lmr/m/n/5 NaNO$[]$(aq)|  
 []


Overfull \hbox (2.46736pt too wide) in alignment at lines 7341--7561
 [] [] [] [] [] 
 []


Overfull \hbox (4.0832pt too wide) in paragraph at lines 7595--7596
[]\T1/lmr/m/n/5 Ni(OH)$[]$(s)|  
 []


Overfull \hbox (1.29811pt too wide) in paragraph at lines 7727--7728
[]\T1/lmr/m/n/5 P(g,white)|  
 []


Overfull \hbox (0.6381pt too wide) in paragraph at lines 7760--7761
[]\T1/lmr/m/n/5 P(s,white)|  
 []


Overfull \hbox (2.46736pt too wide) in alignment at lines 7561--7781
 [] [] [] [] [] 
 []

[161]
Overfull \hbox (16.2638pt too wide) in paragraph at lines 7903--7904
[]\T1/lmr/m/n/5 PbO(s,litharge)|  
 []


Overfull \hbox (14.66612pt too wide) in paragraph at lines 7914--7915
[]\T1/lmr/m/n/5 PbO(s,massic.)|  
 []


Overfull \hbox (13.5557pt too wide) in paragraph at lines 7936--7937
[]\T1/lmr/m/n/5 Pb(NO$[]$)$[]$(aq)|  
 []


Overfull \hbox (9.31918pt too wide) in paragraph at lines 7947--7948
[]\T1/lmr/m/n/5 Pb(NO$[]$)$[]$(s)|  
 []


Overfull \hbox (2.46736pt too wide) in alignment at lines 7781--8001
 [] [] [] [] [] 
 []


Overfull \hbox (8.22183pt too wide) in paragraph at lines 8013--8014
[]\T1/lmr/m/n/5 S(g,rhombic)|  
 []


Overfull \hbox (7.56183pt too wide) in paragraph at lines 8024--8025
[]\T1/lmr/m/n/5 S(s,rhombic)|  
 []


Overfull \hbox (2.13905pt too wide) in paragraph at lines 8057--8058
[]\T1/lmr/m/n/5 SO$[]$$[]$(aq)|  
 []


Overfull \hbox (5.99939pt too wide) in paragraph at lines 8123--8124
[]\T1/lmr/m/n/5 SiC(s,cubic)|  
 []


Overfull \hbox (9.57631pt too wide) in paragraph at lines 8134--8135
[]\T1/lmr/m/n/5 SiC(s,hexag.)|  
 []


Overfull \hbox (4.29813pt too wide) in paragraph at lines 8178--8179
[]\T1/lmr/m/n/5 Sn(g,white)|  
 []


Overfull \hbox (3.63812pt too wide) in paragraph at lines 8200--8201
[]\T1/lmr/m/n/5 Sn(s,white)|  
 []


Overfull \hbox (2.46736pt too wide) in alignment at lines 8001--8221
 [] [] [] [] [] 
 []

[162]
Overfull \hbox (2.46736pt too wide) in alignment at lines 8221--8441
 [] [] [] [] [] 
 []


Overfull \hbox (8.91653pt too wide) in paragraph at lines 8552--8553
[]\T1/lmr/m/n/5 Zn(NO$[]$)$[]$(s)|  
 []


Overfull \hbox (14.8538pt too wide) in paragraph at lines 8563--8564
[]\T1/lmr/m/n/5 ZnS(s,sphaler.)|  
 []


Overfull \hbox (2.46736pt too wide) in alignment at lines 8441--8629
 [] [] [] [] [] 
 []

[163]
Overfull \hbox (5.16086pt too wide) in paragraph at lines 8637--8638
[]\T1/lmr/m/n/5 Formula:|  
 []


Overfull \hbox (5.36177pt too wide) in alignment at lines 8634--8654
 [] [] [] [] [] [] 
 []


Overfull \hbox (1.39017pt too wide) in paragraph at lines 8695--8696
[]\T1/lmr/m/n/5 CH$[]$O$[]$|  
 []


Overfull \hbox (1.39017pt too wide) in paragraph at lines 8708--8709
[]\T1/lmr/m/n/5 CH$[]$O$[]$|  
 []


Overfull \hbox (0.71349pt too wide) in paragraph at lines 8736--8737
[]\T1/lmr/m/n/5 Bromomethane(l)|  
 []


Overfull \hbox (2.10248pt too wide) in paragraph at lines 8749--8750
[]\T1/lmr/m/n/5 Bromomethane(g)|  
 []


Overfull \hbox (2.49815pt too wide) in paragraph at lines 8762--8763
[]\T1/lmr/m/n/5 Chloromethane(g)|  
 []


Overfull \hbox (6.29317pt too wide) in paragraph at lines 8812--8813
[]\T1/lmr/m/n/5 CH$[]$NO$[]$|  
 []


Overfull \hbox (5.79317pt too wide) in paragraph at lines 8825--8826
[]\T1/lmr/m/n/5 CH$[]$NO2|  
 []


Overfull \hbox (5.36177pt too wide) in alignment at lines 8654--8915
 [] [] [] [] [] [] 
 []


Underfull \vbox (badness 10000) has occurred while \output is active []

[164]
Overfull \hbox (4.79317pt too wide) in paragraph at lines 8929--8930
[]\T1/lmr/m/n/5 C$[]$H4O$[]$|  
 []


Overfull \hbox (4.79317pt too wide) in paragraph at lines 8942--8943
[]\T1/lmr/m/n/5 C$[]$H4O$[]$|  
 []


Overfull \hbox (3.63348pt too wide) in paragraph at lines 8955--8956
[]\T1/lmr/m/n/5 C$[]$H$[]$Br|  
 []


Overfull \hbox (3.63348pt too wide) in paragraph at lines 8968--8969
[]\T1/lmr/m/n/5 C$[]$H$[]$Br|  
 []


Overfull \hbox (3.05682pt too wide) in paragraph at lines 8981--8982
[]\T1/lmr/m/n/5 C$[]$H$[]$Cl|  
 []


Overfull \hbox (3.05682pt too wide) in paragraph at lines 8994--8995
[]\T1/lmr/m/n/5 C$[]$H$[]$Cl|  
 []


Overfull \hbox (9.69617pt too wide) in paragraph at lines 9007--9008
[]\T1/lmr/m/n/5 C2H$[]$NO$[]$|  
 []


Overfull \hbox (9.69617pt too wide) in paragraph at lines 9020--9021
[]\T1/lmr/m/n/5 C2H$[]$NO$[]$|  
 []


Overfull \hbox (1.39017pt too wide) in paragraph at lines 9046--9047
[]\T1/lmr/m/n/5 C$[]$H$[]$O|  
 []


Overfull \hbox (1.39017pt too wide) in paragraph at lines 9059--9060
[]\T1/lmr/m/n/5 C$[]$H$[]$O|  
 []


Overfull \hbox (1.39017pt too wide) in paragraph at lines 9072--9073
[]\T1/lmr/m/n/5 C$[]$H$[]$O|  
 []


Overfull \hbox (6.87997pt too wide) in paragraph at lines 9074--9075
[]\T1/lmr/m/n/5 Methoxymethane(l)|  
 []


Overfull \hbox (1.39017pt too wide) in paragraph at lines 9085--9086
[]\T1/lmr/m/n/5 C$[]$H$[]$O|  
 []


Overfull \hbox (8.26897pt too wide) in paragraph at lines 9087--9088
[]\T1/lmr/m/n/5 Methoxymethane(g)|  
 []


Overfull \hbox (1.15416pt too wide) in paragraph at lines 9098--9099
[]\T1/lmr/m/n/5 C$[]$H$[]$N|  
 []


Overfull \hbox (1.15416pt too wide) in paragraph at lines 9111--9112
[]\T1/lmr/m/n/5 C$[]$H$[]$N|  
 []


Overfull \hbox (5.36177pt too wide) in alignment at lines 8915--9175
 [] [] [] [] [] [] 
 []


Overfull \hbox (1.39017pt too wide) in paragraph at lines 9189--9190
[]\T1/lmr/m/n/5 C$[]$H$[]$O|  
 []


Overfull \hbox (1.39017pt too wide) in paragraph at lines 9202--9203
[]\T1/lmr/m/n/5 C$[]$H$[]$O|  
 []


Overfull \hbox (5.29317pt too wide) in paragraph at lines 9215--9216
[]\T1/lmr/m/n/5 C$[]$H$[]$O$[]$|  
 []


Overfull \hbox (5.29317pt too wide) in paragraph at lines 9228--9229
[]\T1/lmr/m/n/5 C$[]$H$[]$O$[]$|  
 []


Overfull \hbox (1.39017pt too wide) in paragraph at lines 9267--9268
[]\T1/lmr/m/n/5 C$[]$H$[]$O|  
 []


Overfull \hbox (1.39017pt too wide) in paragraph at lines 9280--9281
[]\T1/lmr/m/n/5 C$[]$H$[]$O|  
 []


Overfull \hbox (1.39017pt too wide) in paragraph at lines 9293--9294
[]\T1/lmr/m/n/5 C$[]$H$[]$O|  
 []


Overfull \hbox (1.39017pt too wide) in paragraph at lines 9306--9307
[]\T1/lmr/m/n/5 C$[]$H$[]$O|  
 []


Overfull \hbox (1.15416pt too wide) in paragraph at lines 9319--9320
[]\T1/lmr/m/n/5 C$[]$H$[]$N|  
 []


Overfull \hbox (5.36177pt too wide) in alignment at lines 9175--9435
 [] [] [] [] [] [] 
 []

[165]
Overfull \hbox (5.29317pt too wide) in paragraph at lines 9462--9463
[]\T1/lmr/m/n/5 C$[]$H$[]$O$[]$|  
 []


Overfull \hbox (5.29317pt too wide) in paragraph at lines 9475--9476
[]\T1/lmr/m/n/5 C$[]$H$[]$O$[]$|  
 []


Overfull \hbox (1.91489pt too wide) in paragraph at lines 9490--9491
\T1/lmr/m/n/5 Methylpropane(g)|  
 []


Overfull \hbox (4.79317pt too wide) in paragraph at lines 9527--9528
[]\T1/lmr/m/n/5 C$[]$H$[]$O|  
 []


Overfull \hbox (4.79317pt too wide) in paragraph at lines 9540--9541
[]\T1/lmr/m/n/5 C$[]$H$[]$O|  
 []


Overfull \hbox (4.79317pt too wide) in paragraph at lines 9553--9554
[]\T1/lmr/m/n/5 C$[]$H$[]$O|  
 []


Overfull \hbox (4.79317pt too wide) in paragraph at lines 9566--9567
[]\T1/lmr/m/n/5 C$[]$H$[]$O|  
 []


Overfull \hbox (5.36177pt too wide) in alignment at lines 9435--9695
 [] [] [] [] [] [] 
 []


Overfull \hbox (8.69617pt too wide) in paragraph at lines 9709--9710
[]\T1/lmr/m/n/5 C$[]$H$[]$O$[]$|  
 []


Overfull \hbox (8.69617pt too wide) in paragraph at lines 9722--9723
[]\T1/lmr/m/n/5 C$[]$H$[]$O$[]$|  
 []


Overfull \hbox (8.49136pt too wide) in paragraph at lines 9737--9738
\T1/lmr/m/n/5 Dimethylpropane(g)|  
 []


Overfull \hbox (4.79317pt too wide) in paragraph at lines 9787--9788
[]\T1/lmr/m/n/5 C$[]$H$[]$O|  
 []


Overfull \hbox (4.79317pt too wide) in paragraph at lines 9800--9801
[]\T1/lmr/m/n/5 C$[]$H$[]$O|  
 []


Overfull \hbox (4.79317pt too wide) in paragraph at lines 9813--9814
[]\T1/lmr/m/n/5 C$[]$H$[]$O|  
 []


Overfull \hbox (4.79317pt too wide) in paragraph at lines 9826--9827
[]\T1/lmr/m/n/5 C$[]$H$[]$O|  
 []


Overfull \hbox (4.79317pt too wide) in paragraph at lines 9839--9840
[]\T1/lmr/m/n/5 C$[]$H$[]$O|  
 []


Overfull \hbox (4.79317pt too wide) in paragraph at lines 9852--9853
[]\T1/lmr/m/n/5 C$[]$H$[]$O|  
 []


Overfull \hbox (4.79317pt too wide) in paragraph at lines 9865--9866
[]\T1/lmr/m/n/5 C$[]$H$[]$O|  
 []


Overfull \hbox (4.79317pt too wide) in paragraph at lines 9879--9880
[]\T1/lmr/m/n/5 C$[]$H$[]$O|  
 []


Overfull \hbox (1.15416pt too wide) in paragraph at lines 9919--9920
[]\T1/lmr/m/n/5 C$[]$H$[]$N|  
 []


Overfull \hbox (1.15416pt too wide) in paragraph at lines 9932--9933
[]\T1/lmr/m/n/5 C$[]$H$[]$N|  
 []


Overfull \hbox (5.36177pt too wide) in alignment at lines 9695--9957
 [] [] [] [] [] [] 
 []

[166]
Overfull \hbox (16.67215pt too wide) in paragraph at lines 10064--10065
[]\T1/lmr/m/n/5 Methylcyclopentane(g)|  
 []


Overfull \hbox (15.28316pt too wide) in paragraph at lines 10077--10078
[]\T1/lmr/m/n/5 Methylcyclopentane(l)|  
 []


Overfull \hbox (8.69617pt too wide) in paragraph at lines 10088--10089
[]\T1/lmr/m/n/5 C$[]$H$[]$O$[]$|  
 []


Overfull \hbox (8.69617pt too wide) in paragraph at lines 10101--10102
[]\T1/lmr/m/n/5 C$[]$H$[]$O$[]$|  
 []


Overfull \hbox (5.08836pt too wide) in paragraph at lines 10116--10117
\T1/lmr/m/n/5 Dimethylbutane(g)|  
 []


Overfull \hbox (3.69937pt too wide) in paragraph at lines 10129--10130
\T1/lmr/m/n/5 Dimethylbutane(l)|  
 []


Overfull \hbox (1.56746pt too wide) in paragraph at lines 10142--10143
\T1/lmr/m/n/5 Methylpentane(g)|  
 []


Overfull \hbox (1.56746pt too wide) in paragraph at lines 10168--10169
\T1/lmr/m/n/5 Methylpentane(g)|  
 []


Overfull \hbox (5.36177pt too wide) in alignment at lines 9957--10217
 [] [] [] [] [] [] 
 []


Overfull \hbox (4.79317pt too wide) in paragraph at lines 10218--10219
[]\T1/lmr/m/n/5 C$[]$H$[]$O|  
 []


Overfull \hbox (4.79317pt too wide) in paragraph at lines 10231--10232
[]\T1/lmr/m/n/5 C$[]$H$[]$O|  
 []


Overfull \hbox (4.79317pt too wide) in paragraph at lines 10244--10245
[]\T1/lmr/m/n/5 C$[]$H$[]$O|  
 []


Overfull \hbox (4.79317pt too wide) in paragraph at lines 10257--10258
[]\T1/lmr/m/n/5 C$[]$H$[]$O|  
 []


Overfull \hbox (1.39017pt too wide) in paragraph at lines 10270--10271
[]\T1/lmr/m/n/5 C$[]$H$[]$O|  
 []


Overfull \hbox (1.39017pt too wide) in paragraph at lines 10283--10284
[]\T1/lmr/m/n/5 C$[]$H$[]$O|  
 []


Overfull \hbox (1.74094pt too wide) in paragraph at lines 10311--10312
[]\T1/lmr/m/n/5 Methylbenzene(g)|  
 []


Overfull \hbox (10.78305pt too wide) in paragraph at lines 10376--10377
[]\T1/lmr/m/n/5 Ethylcyclopentane(l)|  
 []


Overfull \hbox (12.17204pt too wide) in paragraph at lines 10389--10390
[]\T1/lmr/m/n/5 Ethylcyclopentane(g)|  
 []


Overfull \hbox (13.79034pt too wide) in paragraph at lines 10402--10403
[]\T1/lmr/m/n/5 Methylcyclohexane(g)|  
 []


Overfull \hbox (12.40135pt too wide) in paragraph at lines 10415--10416
[]\T1/lmr/m/n/5 Methylcyclohexane(l)|  
 []


Overfull \hbox (8.69617pt too wide) in paragraph at lines 10426--10427
[]\T1/lmr/m/n/5 C$[]$H$[]$O$[]$|  
 []


Overfull \hbox (8.69617pt too wide) in paragraph at lines 10439--10440
[]\T1/lmr/m/n/5 C$[]$H$[]$O$[]$|  
 []


Overfull \hbox (8.14394pt too wide) in paragraph at lines 10454--10455
\T1/lmr/m/n/5 Dimethylpentane(g)|  
 []


Overfull \hbox (6.75494pt too wide) in paragraph at lines 10467--10468
\T1/lmr/m/n/5 Dimethylpentane(l)|  
 []


Overfull \hbox (5.36177pt too wide) in alignment at lines 10217--10477
 [] [] [] [] [] [] 
 []

[167]
Overfull \hbox (4.79317pt too wide) in paragraph at lines 10556--10557
[]\T1/lmr/m/n/5 C$[]$H$[]$O|  
 []


Overfull \hbox (4.79317pt too wide) in paragraph at lines 10569--10570
[]\T1/lmr/m/n/5 C$[]$H$[]$O|  
 []


Overfull \hbox (7.90125pt too wide) in paragraph at lines 10662--10663
[]\T1/lmr/m/n/5 Ethylcyclohexane(l)|  
 []


Overfull \hbox (9.29024pt too wide) in paragraph at lines 10675--10676
[]\T1/lmr/m/n/5 Ethylcyclohexane(g)|  
 []


Overfull \hbox (8.69617pt too wide) in paragraph at lines 10686--10687
[]\T1/lmr/m/n/5 C$[]$H$[]$O$[]$|  
 []


Overfull \hbox (8.69617pt too wide) in paragraph at lines 10699--10700
[]\T1/lmr/m/n/5 C$[]$H$[]$O$[]$|  
 []


Overfull \hbox (1.56747pt too wide) in paragraph at lines 10714--10715
\T1/lmr/m/n/5 Methylheptane(g)|  
 []


Overfull \hbox (5.36177pt too wide) in alignment at lines 10477--10737
 [] [] [] [] [] [] 
 []


Overfull \hbox (1.56747pt too wide) in paragraph at lines 10740--10741
\T1/lmr/m/n/5 Methylheptane(g)|  
 []


Overfull \hbox (4.79317pt too wide) in paragraph at lines 10790--10791
[]\T1/lmr/m/n/5 C$[]$H$[]$O|  
 []


Overfull \hbox (4.79317pt too wide) in paragraph at lines 10803--10804
[]\T1/lmr/m/n/5 C$[]$H$[]$O|  
 []


Overfull \hbox (5.26213pt too wide) in paragraph at lines 10818--10819
\T1/lmr/m/n/5 Dimethylhexane(g)|  
 []


Overfull \hbox (3.87314pt too wide) in paragraph at lines 10831--10832
\T1/lmr/m/n/5 Dimethylhexane(l)|  
 []


Overfull \hbox (12.69324pt too wide) in paragraph at lines 10844--10845
[]\T1/lmr/m/n/5 Propylcyclohexane(g)|  
 []


Overfull \hbox (0.64383pt too wide) in paragraph at lines 10857--10858
[]\T1/lmr/m/n/5 Propylbenzene(g)|  
 []


Overfull \hbox (8.69617pt too wide) in paragraph at lines 10894--10895
[]\T1/lmr/m/n/5 C$[]$H$[]$O$[]$|  
 []


Overfull \hbox (8.69617pt too wide) in paragraph at lines 10907--10908
[]\T1/lmr/m/n/5 C$[]$H$[]$O$[]$|  
 []


Overfull \hbox (8.14395pt too wide) in paragraph at lines 10922--10923
\T1/lmr/m/n/5 Dimethylheptane(g)|  
 []


Overfull \hbox (6.75496pt too wide) in paragraph at lines 10935--10936
\T1/lmr/m/n/5 Dimethylheptane(l)|  
 []


Overfull \hbox (4.79317pt too wide) in paragraph at lines 10972--10973
[]\T1/lmr/m/n/5 C$[]$H$[]$O|  
 []


Overfull \hbox (4.79317pt too wide) in paragraph at lines 10985--10986
[]\T1/lmr/m/n/5 C$[]$H$[]$O|  
 []


Overfull \hbox (5.36177pt too wide) in alignment at lines 10737--10997
 [] [] [] [] [] [] 
 []

[168]
Overfull \hbox (3.05716pt too wide) in paragraph at lines 11011--11012
[]\T1/lmr/m/n/5 C$[]$H$[]$|  
 []


Overfull \hbox (3.05716pt too wide) in paragraph at lines 11024--11025
[]\T1/lmr/m/n/5 C$[]$H$[]$|  
 []


Overfull \hbox (3.05716pt too wide) in paragraph at lines 11037--11038
[]\T1/lmr/m/n/5 C$[]$H$[]$|  
 []


Overfull \hbox (3.05716pt too wide) in paragraph at lines 11050--11051
[]\T1/lmr/m/n/5 C$[]$H$[]$|  
 []


Overfull \hbox (3.05716pt too wide) in paragraph at lines 11063--11064
[]\T1/lmr/m/n/5 C$[]$H$[]$|  
 []


Overfull \hbox (8.07526pt too wide) in paragraph at lines 11065--11066
[]\T1/lmr/m/n/5 Butylcyclohexane(l)|  
 []


Overfull \hbox (3.05716pt too wide) in paragraph at lines 11076--11077
[]\T1/lmr/m/n/5 C$[]$H$[]$|  
 []


Overfull \hbox (9.46425pt too wide) in paragraph at lines 11078--11079
[]\T1/lmr/m/n/5 Butylcyclohexane(g)|  
 []


Overfull \hbox (12.09917pt too wide) in paragraph at lines 11089--11090
[]\T1/lmr/m/n/5 C$[]$H$[]$O$[]$|  
 []


Overfull \hbox (12.09917pt too wide) in paragraph at lines 11102--11103
[]\T1/lmr/m/n/5 C$[]$H$[]$O$[]$|  
 []


Overfull \hbox (12.09917pt too wide) in paragraph at lines 11115--11116
[]\T1/lmr/m/n/5 C$[]$H$[]$O$[]$|  
 []


Overfull \hbox (3.05716pt too wide) in paragraph at lines 11128--11129
[]\T1/lmr/m/n/5 C$[]$H$[]$|  
 []


Overfull \hbox (3.05716pt too wide) in paragraph at lines 11141--11142
[]\T1/lmr/m/n/5 C$[]$H$[]$|  
 []


Overfull \hbox (3.05716pt too wide) in paragraph at lines 11154--11155
[]\T1/lmr/m/n/5 C$[]$H$[]$|  
 []


Overfull \hbox (3.05716pt too wide) in paragraph at lines 11167--11168
[]\T1/lmr/m/n/5 C$[]$H$[]$|  
 []


Overfull \hbox (8.19617pt too wide) in paragraph at lines 11180--11181
[]\T1/lmr/m/n/5 C$[]$H$[]$O|  
 []


Overfull \hbox (8.19617pt too wide) in paragraph at lines 11193--11194
[]\T1/lmr/m/n/5 C$[]$H$[]$O|  
 []


Overfull \hbox (3.05716pt too wide) in paragraph at lines 11206--11207
[]\T1/lmr/m/n/5 C$[]$H$[]$|  
 []


Overfull \hbox (12.92186pt too wide) in paragraph at lines 11208--11209
\T1/lmr/m/n/5 Methylnaphthalene(l)|  
 []


Overfull \hbox (3.05716pt too wide) in paragraph at lines 11219--11220
[]\T1/lmr/m/n/5 C$[]$H$[]$|  
 []


Overfull \hbox (13.65085pt too wide) in paragraph at lines 11221--11222
\T1/lmr/m/n/5 Methylnaphthalene(s)|  
 []


Overfull \hbox (3.05716pt too wide) in paragraph at lines 11232--11233
[]\T1/lmr/m/n/5 C$[]$H$[]$|  
 []


Overfull \hbox (14.31085pt too wide) in paragraph at lines 11234--11235
\T1/lmr/m/n/5 Methylnaphthalene(g)|  
 []


Overfull \hbox (3.05716pt too wide) in paragraph at lines 11245--11246
[]\T1/lmr/m/n/5 C$[]$H$[]$|  
 []


Overfull \hbox (5.36177pt too wide) in alignment at lines 10997--11257
 [] [] [] [] [] [] 
 []


Overfull \hbox (3.05716pt too wide) in paragraph at lines 11258--11259
[]\T1/lmr/m/n/5 C$[]$H$[]$|  
 []


Overfull \hbox (3.05716pt too wide) in paragraph at lines 11271--11272
[]\T1/lmr/m/n/5 C$[]$H$[]$|  
 []


Overfull \hbox (8.19617pt too wide) in paragraph at lines 11284--11285
[]\T1/lmr/m/n/5 C$[]$H$[]$O|  
 []


Overfull \hbox (3.05716pt too wide) in paragraph at lines 11297--11298
[]\T1/lmr/m/n/5 C$[]$H$[]$|  
 []


Overfull \hbox (3.05716pt too wide) in paragraph at lines 11310--11311
[]\T1/lmr/m/n/5 C$[]$H$[]$|  
 []


Overfull \hbox (12.09917pt too wide) in paragraph at lines 11323--11324
[]\T1/lmr/m/n/5 C$[]$H$[]$O$[]$|  
 []


Overfull \hbox (12.09917pt too wide) in paragraph at lines 11336--11337
[]\T1/lmr/m/n/5 C$[]$H$[]$O$[]$|  
 []


Overfull \hbox (12.09917pt too wide) in paragraph at lines 11349--11350
[]\T1/lmr/m/n/5 C$[]$H$[]$O$[]$|  
 []


Overfull \hbox (3.05716pt too wide) in paragraph at lines 11362--11363
[]\T1/lmr/m/n/5 C$[]$H$[]$|  
 []


Overfull \hbox (3.05716pt too wide) in paragraph at lines 11375--11376
[]\T1/lmr/m/n/5 C$[]$H$[]$|  
 []


Overfull \hbox (8.19617pt too wide) in paragraph at lines 11388--11389
[]\T1/lmr/m/n/5 C$[]$H$[]$O|  
 []


Overfull \hbox (8.19617pt too wide) in paragraph at lines 11401--11402
[]\T1/lmr/m/n/5 C$[]$H$[]$O|  
 []


Overfull \hbox (3.05716pt too wide) in paragraph at lines 11414--11415
[]\T1/lmr/m/n/5 C$[]$H$[]$|  
 []


Overfull \hbox (3.05716pt too wide) in paragraph at lines 11427--11428
[]\T1/lmr/m/n/5 C$[]$H$[]$|  
 []


Overfull \hbox (3.05716pt too wide) in paragraph at lines 11440--11441
[]\T1/lmr/m/n/5 C$[]$H$[]$|  
 []


Overfull \hbox (11.13052pt too wide) in paragraph at lines 11442--11443
[]\T1/lmr/m/n/5 Decylcyclopentane(l)|  
 []


Overfull \hbox (3.05716pt too wide) in paragraph at lines 11453--11454
[]\T1/lmr/m/n/5 C$[]$H$[]$|  
 []


Overfull \hbox (3.05716pt too wide) in paragraph at lines 11466--11467
[]\T1/lmr/m/n/5 C$[]$H$[]$|  
 []


Overfull \hbox (3.05716pt too wide) in paragraph at lines 11479--11480
[]\T1/lmr/m/n/5 C$[]$H$[]$|  
 []


Overfull \hbox (3.05716pt too wide) in paragraph at lines 11492--11493
[]\T1/lmr/m/n/5 C$[]$H$[]$|  
 []


Overfull \hbox (12.09917pt too wide) in paragraph at lines 11505--11506
[]\T1/lmr/m/n/5 C$[]$H$[]$O$[]$|  
 []


Overfull \hbox (5.36177pt too wide) in alignment at lines 11257--11517
 [] [] [] [] [] [] 
 []

[169]
Overfull \hbox (12.09917pt too wide) in paragraph at lines 11518--11519
[]\T1/lmr/m/n/5 C$[]$H$[]$O$[]$|  
 []


Overfull \hbox (12.09917pt too wide) in paragraph at lines 11531--11532
[]\T1/lmr/m/n/5 C$[]$H$[]$O$[]$|  
 []


Overfull \hbox (3.05716pt too wide) in paragraph at lines 11544--11545
[]\T1/lmr/m/n/5 C$[]$H$[]$|  
 []


Overfull \hbox (3.05716pt too wide) in paragraph at lines 11557--11558
[]\T1/lmr/m/n/5 C$[]$H$[]$|  
 []


Overfull \hbox (3.05716pt too wide) in paragraph at lines 11570--11571
[]\T1/lmr/m/n/5 C$[]$H$[]$|  
 []


Overfull \hbox (3.05716pt too wide) in paragraph at lines 11583--11584
[]\T1/lmr/m/n/5 C$[]$H$[]$|  
 []


Overfull \hbox (5.36177pt too wide) in alignment at lines 11517--11596
 [] [] [] [] [] [] 
 []

[170]
Package atveryend Info: Empty hook `BeforeClearDocument' on input line 11598.
[171]
Package atveryend Info: Empty hook `AfterLastShipout' on input line 11598.
(./pchem1.aux)
Package atveryend Info: Executing hook `AtVeryEndDocument' on input line 11598.

Package atveryend Info: Executing hook `AtEndAfterFileList' on input line 11598
.
Package rerunfilecheck Info: File `pchem1.out' has not changed.
(rerunfilecheck)             Checksum: 08AC2A8DB12F09D8E1D9801C25D69A39;14018.
Package atveryend Info: Empty hook `AtVeryVeryEnd' on input line 11598.
 ) 
Here is how much of TeX's memory you used:
 15643 strings out of 482841
 245815 string characters out of 5955902
 567125 words of memory out of 5000000
 29727 multiletter control sequences out of 15000+600000
 641485 words of font info for 92 fonts, out of 8000000 for 9000
 14 hyphenation exceptions out of 8191
 43i,19n,49p,2422b,559s stack positions out of 5000i,500n,10000p,200000b,80000s
pdfTeX warning (dest): name{definition.11.1} has been referenced but does not
 exist, replaced by a fixed one

{/Users/peve/Library/TinyTeX/texmf-dist/fonts/enc/dvips/lm/lm-ec.enc}{/Users/pe
ve/Library/TinyTeX/texmf-dist/fonts/enc/dvips/lm/lm-ts1.enc}{/Users/peve/Librar
y/TinyTeX/texmf-dist/fonts/enc/dvips/lm/lm-rm.enc}{/Users/peve/Library/TinyTeX/
texmf-dist/fonts/enc/dvips/lm/lm-mathsy.enc}{/Users/peve/Library/TinyTeX/texmf-
dist/fonts/enc/dvips/lm/lm-mathit.enc}{/Users/peve/Library/TinyTeX/texmf-dist/f
onts/enc/dvips/lm/lm-mathex.enc}</Users/peve/Library/TinyTeX/texmf-dist/fonts/t
ype1/public/lm/lmbx10.pfb></Users/peve/Library/TinyTeX/texmf-dist/fonts/type1/p
ublic/lm/lmbx12.pfb></Users/peve/Library/TinyTeX/texmf-dist/fonts/type1/public/
lm/lmbx5.pfb></Users/peve/Library/TinyTeX/texmf-dist/fonts/type1/public/lm/lmbx
6.pfb></Users/peve/Library/TinyTeX/texmf-dist/fonts/type1/public/lm/lmbx7.pfb><
/Users/peve/Library/TinyTeX/texmf-dist/fonts/type1/public/lm/lmbx8.pfb></Users/
peve/Library/TinyTeX/texmf-dist/fonts/type1/public/lm/lmbx9.pfb></Users/peve/Li
brary/TinyTeX/texmf-dist/fonts/type1/public/lm/lmbxi10.pfb></Users/peve/Library
/TinyTeX/texmf-dist/fonts/type1/public/lm/lmex10.pfb></Users/peve/Library/TinyT
eX/texmf-dist/fonts/type1/public/lm/lmmi10.pfb></Users/peve/Library/TinyTeX/tex
mf-dist/fonts/type1/public/lm/lmmi5.pfb></Users/peve/Library/TinyTeX/texmf-dist
/fonts/type1/public/lm/lmmi6.pfb></Users/peve/Library/TinyTeX/texmf-dist/fonts/
type1/public/lm/lmmi7.pfb></Users/peve/Library/TinyTeX/texmf-dist/fonts/type1/p
ublic/lm/lmmi9.pfb></Users/peve/Library/TinyTeX/texmf-dist/fonts/type1/public/l
m/lmr10.pfb></Users/peve/Library/TinyTeX/texmf-dist/fonts/type1/public/lm/lmr5.
pfb></Users/peve/Library/TinyTeX/texmf-dist/fonts/type1/public/lm/lmr6.pfb></Us
ers/peve/Library/TinyTeX/texmf-dist/fonts/type1/public/lm/lmr7.pfb></Users/peve
/Library/TinyTeX/texmf-dist/fonts/type1/public/lm/lmr8.pfb></Users/peve/Library
/TinyTeX/texmf-dist/fonts/type1/public/lm/lmr9.pfb></Users/peve/Library/TinyTeX
/texmf-dist/fonts/type1/public/lm/lmri7.pfb></Users/peve/Library/TinyTeX/texmf-
dist/fonts/type1/public/lm/lmri9.pfb></Users/peve/Library/TinyTeX/texmf-dist/fo
nts/type1/public/lm/lmro8.pfb></Users/peve/Library/TinyTeX/texmf-dist/fonts/typ
e1/public/lm/lmro9.pfb></Users/peve/Library/TinyTeX/texmf-dist/fonts/type1/publ
ic/lm/lmsy10.pfb></Users/peve/Library/TinyTeX/texmf-dist/fonts/type1/public/lm/
lmsy5.pfb></Users/peve/Library/TinyTeX/texmf-dist/fonts/type1/public/lm/lmsy6.p
fb></Users/peve/Library/TinyTeX/texmf-dist/fonts/type1/public/lm/lmsy7.pfb></Us
ers/peve/Library/TinyTeX/texmf-dist/fonts/type1/public/lm/lmsy9.pfb></Users/pev
e/Library/TinyTeX/texmf-dist/fonts/type1/public/amsfonts/symbols/msam10.pfb>
Output written on pchem1.pdf (181 pages, 9271798 bytes).
PDF statistics:
 2712 PDF objects out of 2984 (max. 8388607)
 2380 compressed objects within 24 object streams
 900 named destinations out of 1000 (max. 500000)
 874 words of extra memory for PDF output out of 10000 (max. 10000000)

