\BOOKMARK [0][-]{chapter*.2}{\376\377\000P\000r\000e\000f\000a\000c\000e}{}% 1
\BOOKMARK [1][-]{section*.3}{\376\377\000H\000o\000w\000\040\000t\000o\000\040\000u\000s\000e\000\040\000t\000h\000i\000s\000\040\000b\000o\000o\000k}{chapter*.2}% 2
\BOOKMARK [1][-]{section*.4}{\376\377\000A\000\040\000n\000o\000t\000e\000\040\000o\000n\000\040\000u\000n\000i\000t\000s}{chapter*.2}% 3
\BOOKMARK [0][-]{chapter.1}{\376\377\000S\000y\000s\000t\000e\000m\000s\000\040\000a\000n\000d\000\040\000V\000a\000r\000i\000a\000b\000l\000e\000s}{}% 4
\BOOKMARK [1][-]{section.1.1}{\376\377\000T\000h\000e\000r\000m\000o\000d\000y\000n\000a\000m\000i\000c\000\040\000S\000y\000s\000t\000e\000m\000s}{chapter.1}% 5
\BOOKMARK [1][-]{section.1.2}{\376\377\000T\000h\000e\000r\000m\000o\000d\000y\000n\000a\000m\000i\000c\000\040\000V\000a\000r\000i\000a\000b\000l\000e\000s}{chapter.1}% 6
\BOOKMARK [0][-]{chapter.2}{\376\377\000Z\000e\000r\000o\000t\000h\000\040\000L\000a\000w\000\040\000o\000f\000\040\000T\000h\000e\000r\000m\000o\000d\000y\000n\000a\000m\000i\000c\000s}{}% 7
\BOOKMARK [1][-]{section.2.1}{\376\377\000W\000h\000a\000t\000\040\000i\000s\000\040\000T\000h\000e\000r\000m\000o\000d\000y\000n\000a\000m\000i\000c\000s\000?}{chapter.2}% 8
\BOOKMARK [1][-]{section.2.2}{\376\377\000T\000h\000e\000\040\000Z\000e\000r\000o\000t\000h\000\040\000L\000a\000w\000\040\000o\000f\000\040\000T\000h\000e\000r\000m\000o\000d\000y\000n\000a\000m\000i\000c\000s}{chapter.2}% 9
\BOOKMARK [1][-]{section.2.3}{\376\377\000W\000o\000r\000k\000\040\000i\000n\000\040\000T\000h\000e\000r\000o\000m\000d\000y\000n\000a\000m\000i\000c\000s}{chapter.2}% 10
\BOOKMARK [1][-]{section.2.4}{\376\377\000H\000e\000a\000t\000\040\000i\000n\000\040\000T\000h\000e\000r\000o\000m\000d\000y\000n\000a\000m\000i\000c\000s}{chapter.2}% 11
\BOOKMARK [0][-]{chapter.3}{\376\377\000F\000i\000r\000s\000t\000\040\000L\000a\000w\000\040\000o\000f\000\040\000T\000h\000e\000r\000m\000o\000d\000y\000n\000a\000m\000i\000c\000s}{}% 12
\BOOKMARK [1][-]{section.3.1}{\376\377\000E\000n\000e\000r\000g\000y\000\040\000i\000n\000\040\000T\000h\000e\000r\000m\000o\000d\000y\000n\000a\000m\000i\000c\000s}{chapter.3}% 13
\BOOKMARK [1][-]{section.3.2}{\376\377\000T\000h\000e\000\040\000F\000i\000r\000s\000t\000\040\000L\000a\000w\000\040\000o\000f\000\040\000T\000h\000e\000r\000m\000o\000d\000y\000n\000a\000m\000i\000c\000s}{chapter.3}% 14
\BOOKMARK [1][-]{section.3.3}{\376\377\000R\000e\000v\000e\000r\000s\000i\000b\000l\000e\000\040\000a\000n\000d\000\040\000I\000r\000r\000e\000v\000e\000r\000s\000i\000b\000l\000e\000\040\000p\000r\000o\000c\000e\000s\000s\000e\000s}{chapter.3}% 15
\BOOKMARK [0][-]{chapter.4}{\376\377\000T\000h\000e\000r\000m\000o\000c\000h\000e\000m\000i\000s\000t\000r\000y}{}% 16
\BOOKMARK [0][-]{chapter.5}{\376\377\000T\000h\000e\000r\000m\000o\000d\000y\000n\000a\000m\000i\000c\000\040\000C\000y\000c\000l\000e\000s}{}% 17
\BOOKMARK [0][-]{chapter.6}{\376\377\000S\000e\000c\000o\000n\000d\000\040\000a\000n\000d\000\040\000T\000h\000i\000r\000d\000\040\000L\000a\000w\000s\000\040\000o\000f\000\040\000T\000h\000e\000r\000m\000o\000d\000y\000n\000a\000m\000i\000c\000s}{}% 18
\BOOKMARK [0][-]{chapter.7}{\376\377\000C\000h\000e\000m\000i\000c\000a\000l\000\040\000P\000o\000t\000e\000n\000t\000i\000a\000l\000s}{}% 19
\BOOKMARK [0][-]{chapter.8}{\376\377\000C\000h\000e\000m\000i\000c\000a\000l\000\040\000E\000q\000u\000i\000l\000i\000b\000r\000i\000u\000m}{}% 20
\BOOKMARK [0][-]{chapter.9}{\376\377\000I\000n\000t\000r\000o\000d\000u\000c\000t\000i\000o\000n\000\040\000t\000o\000\040\000G\000a\000s\000e\000s}{}% 21
\BOOKMARK [0][-]{chapter.10}{\376\377\000R\000e\000a\000l\000\040\000G\000a\000s\000e\000s}{}% 22
\BOOKMARK [0][-]{chapter.11}{\376\377\000P\000h\000a\000s\000e\000\040\000E\000q\000u\000i\000l\000i\000b\000r\000i\000u\000m}{}% 23
\BOOKMARK [0][-]{chapter.12}{\376\377\000M\000u\000l\000t\000i\000-\000C\000o\000m\000p\000o\000n\000e\000n\000t\000\040\000P\000h\000a\000s\000e\000\040\000D\000i\000a\000g\000r\000a\000m\000s}{}% 24
\BOOKMARK [0][-]{chapter.13}{\376\377\000S\000o\000l\000u\000t\000i\000o\000n\000s}{}% 25
\BOOKMARK [0][-]{chapter.14}{\376\377\000K\000i\000n\000e\000t\000i\000c\000\040\000T\000h\000e\000o\000r\000y\000\040\000o\000f\000\040\000G\000a\000s}{}% 26
\BOOKMARK [0][-]{chapter.15}{\376\377\000C\000h\000e\000m\000i\000c\000a\000l\000\040\000K\000i\000n\000e\000t\000i\000c\000s}{}% 27
