This is pdfTeX, Version 3.141592653-2.6-1.40.26 (TeX Live 2024) (preloaded format=pdflatex 2024.9.18)  15 NOV 2024 18:26
entering extended mode
 restricted \write18 enabled.
 %&-line parsing enabled.
**pchem1.tex
(./pchem1.tex
LaTeX2e <2024-06-01> patch level 2
L3 programming layer <2024-08-30>
(/Users/peve/Library/TinyTeX/texmf-dist/tex/latex/extsizes/extbook.cls
Document Class: extbook 1999/01/07 v1.4a NON-Standard LaTeX document class
(/Users/peve/Library/TinyTeX/texmf-dist/tex/latex/extsizes/size9.clo
File: size9.clo 1999/11/11 v1.4a NON-Standard LaTeX file (size option)
) (/Users/peve/Library/TinyTeX/texmf-dist/tex/latex/base/exscale.sty
Package: exscale 2018/09/24 v2.1i Standard LaTeX package exscale
LaTeX Font Info:    Redeclaring symbol font `largesymbols' on input line 57.
LaTeX Font Info:    Overwriting symbol font `largesymbols' in version `normal'
(Font)                  OMX/cmex/m/n --> OMX/cmex/m/n on input line 57.
LaTeX Font Info:    Overwriting symbol font `largesymbols' in version `bold'
(Font)                  OMX/cmex/m/n --> OMX/cmex/m/n on input line 57.
\big@size=\dimen141
)
\c@part=\count194
\c@chapter=\count195
\c@section=\count196
\c@subsection=\count197
\c@subsubsection=\count198
\c@paragraph=\count199
\c@subparagraph=\count266
\c@figure=\count267
\c@table=\count268
\abovecaptionskip=\skip49
\belowcaptionskip=\skip50
\bibindent=\dimen142
) (/Users/peve/Library/TinyTeX/texmf-dist/tex/latex/amsmath/amsmath.sty
Package: amsmath 2024/05/23 v2.17q AMS math features
\@mathmargin=\skip51
For additional information on amsmath, use the `?' option.
(/Users/peve/Library/TinyTeX/texmf-dist/tex/latex/amsmath/amstext.sty
Package: amstext 2021/08/26 v2.01 AMS text
(/Users/peve/Library/TinyTeX/texmf-dist/tex/latex/amsmath/amsgen.sty
File: amsgen.sty 1999/11/30 v2.0 generic functions
\@emptytoks=\toks17
\ex@=\dimen143
)) (/Users/peve/Library/TinyTeX/texmf-dist/tex/latex/amsmath/amsbsy.sty
Package: amsbsy 1999/11/29 v1.2d Bold Symbols
\pmbraise@=\dimen144
) (/Users/peve/Library/TinyTeX/texmf-dist/tex/latex/amsmath/amsopn.sty
Package: amsopn 2022/04/08 v2.04 operator names
)
\inf@bad=\count269
LaTeX Info: Redefining \frac on input line 233.
\uproot@=\count270
\leftroot@=\count271
LaTeX Info: Redefining \overline on input line 398.
LaTeX Info: Redefining \colon on input line 409.
\classnum@=\count272
\DOTSCASE@=\count273
LaTeX Info: Redefining \ldots on input line 495.
LaTeX Info: Redefining \dots on input line 498.
LaTeX Info: Redefining \cdots on input line 619.
\Mathstrutbox@=\box52
\strutbox@=\box53
LaTeX Info: Redefining \big on input line 721.
LaTeX Info: Redefining \Big on input line 722.
LaTeX Info: Redefining \bigg on input line 723.
LaTeX Info: Redefining \Bigg on input line 724.
\big@size=\dimen145
LaTeX Font Info:    Redeclaring font encoding OML on input line 742.
LaTeX Font Info:    Redeclaring font encoding OMS on input line 743.
\macc@depth=\count274
LaTeX Info: Redefining \bmod on input line 904.
LaTeX Info: Redefining \pmod on input line 909.
LaTeX Info: Redefining \smash on input line 939.
LaTeX Info: Redefining \relbar on input line 969.
LaTeX Info: Redefining \Relbar on input line 970.
\c@MaxMatrixCols=\count275
\dotsspace@=\muskip17
\c@parentequation=\count276
\dspbrk@lvl=\count277
\tag@help=\toks18
\row@=\count278
\column@=\count279
\maxfields@=\count280
\andhelp@=\toks19
\eqnshift@=\dimen146
\alignsep@=\dimen147
\tagshift@=\dimen148
\tagwidth@=\dimen149
\totwidth@=\dimen150
\lineht@=\dimen151
\@envbody=\toks20
\multlinegap=\skip52
\multlinetaggap=\skip53
\mathdisplay@stack=\toks21
LaTeX Info: Redefining \[ on input line 2953.
LaTeX Info: Redefining \] on input line 2954.
) (/Users/peve/Library/TinyTeX/texmf-dist/tex/latex/amsfonts/amssymb.sty
Package: amssymb 2013/01/14 v3.01 AMS font symbols
(/Users/peve/Library/TinyTeX/texmf-dist/tex/latex/amsfonts/amsfonts.sty
Package: amsfonts 2013/01/14 v3.01 Basic AMSFonts support
\symAMSa=\mathgroup4
\symAMSb=\mathgroup5
LaTeX Font Info:    Redeclaring math symbol \hbar on input line 98.
LaTeX Font Info:    Overwriting math alphabet `\mathfrak' in version `bold'
(Font)                  U/euf/m/n --> U/euf/b/n on input line 106.
)) (/Users/peve/Library/TinyTeX/texmf-dist/tex/generic/iftex/iftex.sty
Package: iftex 2022/02/03 v1.0f TeX engine tests
) (/Users/peve/Library/TinyTeX/texmf-dist/tex/latex/base/fontenc.sty
Package: fontenc 2021/04/29 v2.0v Standard LaTeX package
) (/Users/peve/Library/TinyTeX/texmf-dist/tex/latex/base/inputenc.sty
Package: inputenc 2024/02/08 v1.3d Input encoding file
\inpenc@prehook=\toks22
\inpenc@posthook=\toks23
) (/Users/peve/Library/TinyTeX/texmf-dist/tex/latex/base/textcomp.sty
Package: textcomp 2024/04/24 v2.1b Standard LaTeX package
) (/Users/peve/Library/TinyTeX/texmf-dist/tex/latex/lm/lmodern.sty
Package: lmodern 2015/05/01 v1.6.1 Latin Modern Fonts
LaTeX Font Info:    Overwriting symbol font `operators' in version `normal'
(Font)                  OT1/cmr/m/n --> OT1/lmr/m/n on input line 22.
LaTeX Font Info:    Overwriting symbol font `letters' in version `normal'
(Font)                  OML/cmm/m/it --> OML/lmm/m/it on input line 23.
LaTeX Font Info:    Overwriting symbol font `symbols' in version `normal'
(Font)                  OMS/cmsy/m/n --> OMS/lmsy/m/n on input line 24.
LaTeX Font Info:    Overwriting symbol font `largesymbols' in version `normal'
(Font)                  OMX/cmex/m/n --> OMX/lmex/m/n on input line 25.
LaTeX Font Info:    Overwriting symbol font `operators' in version `bold'
(Font)                  OT1/cmr/bx/n --> OT1/lmr/bx/n on input line 26.
LaTeX Font Info:    Overwriting symbol font `letters' in version `bold'
(Font)                  OML/cmm/b/it --> OML/lmm/b/it on input line 27.
LaTeX Font Info:    Overwriting symbol font `symbols' in version `bold'
(Font)                  OMS/cmsy/b/n --> OMS/lmsy/b/n on input line 28.
LaTeX Font Info:    Overwriting symbol font `largesymbols' in version `bold'
(Font)                  OMX/cmex/m/n --> OMX/lmex/m/n on input line 29.
LaTeX Font Info:    Overwriting math alphabet `\mathbf' in version `normal'
(Font)                  OT1/cmr/bx/n --> OT1/lmr/bx/n on input line 31.
LaTeX Font Info:    Overwriting math alphabet `\mathsf' in version `normal'
(Font)                  OT1/cmss/m/n --> OT1/lmss/m/n on input line 32.
LaTeX Font Info:    Overwriting math alphabet `\mathit' in version `normal'
(Font)                  OT1/cmr/m/it --> OT1/lmr/m/it on input line 33.
LaTeX Font Info:    Overwriting math alphabet `\mathtt' in version `normal'
(Font)                  OT1/cmtt/m/n --> OT1/lmtt/m/n on input line 34.
LaTeX Font Info:    Overwriting math alphabet `\mathbf' in version `bold'
(Font)                  OT1/cmr/bx/n --> OT1/lmr/bx/n on input line 35.
LaTeX Font Info:    Overwriting math alphabet `\mathsf' in version `bold'
(Font)                  OT1/cmss/bx/n --> OT1/lmss/bx/n on input line 36.
LaTeX Font Info:    Overwriting math alphabet `\mathit' in version `bold'
(Font)                  OT1/cmr/bx/it --> OT1/lmr/bx/it on input line 37.
LaTeX Font Info:    Overwriting math alphabet `\mathtt' in version `bold'
(Font)                  OT1/cmtt/m/n --> OT1/lmtt/m/n on input line 38.
) (/Users/peve/Library/TinyTeX/texmf-dist/tex/latex/xcolor/xcolor.sty
Package: xcolor 2023/11/15 v3.01 LaTeX color extensions (UK)
(/Users/peve/Library/TinyTeX/texmf-dist/tex/latex/graphics-cfg/color.cfg
File: color.cfg 2016/01/02 v1.6 sample color configuration
)
Package xcolor Info: Driver file: pdftex.def on input line 274.
(/Users/peve/Library/TinyTeX/texmf-dist/tex/latex/graphics-def/pdftex.def
File: pdftex.def 2024/04/13 v1.2c Graphics/color driver for pdftex
) (/Users/peve/Library/TinyTeX/texmf-dist/tex/latex/graphics/mathcolor.ltx)
Package xcolor Info: Model `cmy' substituted by `cmy0' on input line 1350.
Package xcolor Info: Model `hsb' substituted by `rgb' on input line 1354.
Package xcolor Info: Model `RGB' extended on input line 1366.
Package xcolor Info: Model `HTML' substituted by `rgb' on input line 1368.
Package xcolor Info: Model `Hsb' substituted by `hsb' on input line 1369.
Package xcolor Info: Model `tHsb' substituted by `hsb' on input line 1370.
Package xcolor Info: Model `HSB' substituted by `hsb' on input line 1371.
Package xcolor Info: Model `Gray' substituted by `gray' on input line 1372.
Package xcolor Info: Model `wave' substituted by `hsb' on input line 1373.
) (/Users/peve/Library/TinyTeX/texmf-dist/tex/latex/tools/longtable.sty
Package: longtable 2024-04-26 v4.20 Multi-page Table package (DPC)
\LTleft=\skip54
\LTright=\skip55
\LTpre=\skip56
\LTpost=\skip57
\LTchunksize=\count281
\LTcapwidth=\dimen152
\LT@head=\box54
\LT@firsthead=\box55
\LT@foot=\box56
\LT@lastfoot=\box57
\LT@gbox=\box58
\LT@cols=\count282
\LT@rows=\count283
\c@LT@tables=\count284
\c@LT@chunks=\count285
\LT@p@ftn=\toks24
) (/Users/peve/Library/TinyTeX/texmf-dist/tex/latex/booktabs/booktabs.sty
Package: booktabs 2020/01/12 v1.61803398 Publication quality tables
\heavyrulewidth=\dimen153
\lightrulewidth=\dimen154
\cmidrulewidth=\dimen155
\belowrulesep=\dimen156
\belowbottomsep=\dimen157
\aboverulesep=\dimen158
\abovetopsep=\dimen159
\cmidrulesep=\dimen160
\cmidrulekern=\dimen161
\defaultaddspace=\dimen162
\@cmidla=\count286
\@cmidlb=\count287
\@aboverulesep=\dimen163
\@belowrulesep=\dimen164
\@thisruleclass=\count288
\@lastruleclass=\count289
\@thisrulewidth=\dimen165
) (/Users/peve/Library/TinyTeX/texmf-dist/tex/latex/tools/array.sty
Package: array 2024/06/14 v2.6d Tabular extension package (FMi)
\col@sep=\dimen166
\ar@mcellbox=\box59
\extrarowheight=\dimen167
\NC@list=\toks25
\extratabsurround=\skip58
\backup@length=\skip59
\ar@cellbox=\box60
) (/Users/peve/Library/TinyTeX/texmf-dist/tex/latex/tools/calc.sty
Package: calc 2023/07/08 v4.3 Infix arithmetic (KKT,FJ)
\calc@Acount=\count290
\calc@Bcount=\count291
\calc@Adimen=\dimen168
\calc@Bdimen=\dimen169
\calc@Askip=\skip60
\calc@Bskip=\skip61
LaTeX Info: Redefining \setlength on input line 80.
LaTeX Info: Redefining \addtolength on input line 81.
\calc@Ccount=\count292
\calc@Cskip=\skip62
) (/Users/peve/Library/TinyTeX/texmf-dist/tex/latex/etoolbox/etoolbox.sty
Package: etoolbox 2020/10/05 v2.5k e-TeX tools for LaTeX (JAW)
\etb@tempcnta=\count293
) (/Users/peve/Library/TinyTeX/texmf-dist/tex/latex/mdwtools/footnote.sty
Package: footnote 1997/01/28 1.13 Save footnotes around boxes
\fn@notes=\box61
\fn@width=\dimen170
) (/Users/peve/Library/TinyTeX/texmf-dist/tex/latex/graphics/graphicx.sty
Package: graphicx 2021/09/16 v1.2d Enhanced LaTeX Graphics (DPC,SPQR)
(/Users/peve/Library/TinyTeX/texmf-dist/tex/latex/graphics/keyval.sty
Package: keyval 2022/05/29 v1.15 key=value parser (DPC)
\KV@toks@=\toks26
) (/Users/peve/Library/TinyTeX/texmf-dist/tex/latex/graphics/graphics.sty
Package: graphics 2024/05/23 v1.4g Standard LaTeX Graphics (DPC,SPQR)
(/Users/peve/Library/TinyTeX/texmf-dist/tex/latex/graphics/trig.sty
Package: trig 2023/12/02 v1.11 sin cos tan (DPC)
) (/Users/peve/Library/TinyTeX/texmf-dist/tex/latex/graphics-cfg/graphics.cfg
File: graphics.cfg 2016/06/04 v1.11 sample graphics configuration
)
Package graphics Info: Driver file: pdftex.def on input line 106.
)
\Gin@req@height=\dimen171
\Gin@req@width=\dimen172
) (/Users/peve/Library/TinyTeX/texmf-dist/tex/latex/pdfpages/pdfpages.sty
Package: pdfpages 2024/08/20 v0.6b Insert pages of external PDF documents (AM)
(/Users/peve/Library/TinyTeX/texmf-dist/tex/latex/base/ifthen.sty
Package: ifthen 2024/03/16 v1.1e Standard LaTeX ifthen package (DPC)
) (/Users/peve/Library/TinyTeX/texmf-dist/tex/latex/eso-pic/eso-pic.sty
Package: eso-pic 2023/05/03 v3.0c eso-pic (RN)
\ESO@tempdima=\dimen173
\ESO@tempdimb=\dimen174
)
\AM@pagewidth=\dimen175
\AM@pageheight=\dimen176
\AM@fboxrule=\dimen177
(/Users/peve/Library/TinyTeX/texmf-dist/tex/latex/pdfpages/pppdftex.def
File: pppdftex.def 2024/08/20 v0.6b Pdfpages driver for pdfTeX (AM)
)
\pdfpages@includegraphics@status=\count294
\AM@pagebox=\box62
\AM@global@opts=\toks27
\AM@pagecnt=\count295
\AM@toc@title=\toks28
\AM@lof@heading=\toks29
\c@AM@survey=\count296
\AM@templatesizebox=\box63
) (/Users/peve/Library/TinyTeX/texmf-dist/tex/latex/amscls/amsthm.sty
Package: amsthm 2020/05/29 v2.20.6
\thm@style=\toks30
\thm@bodyfont=\toks31
\thm@headfont=\toks32
\thm@notefont=\toks33
\thm@headpunct=\toks34
\thm@preskip=\skip63
\thm@postskip=\skip64
\thm@headsep=\skip65
\dth@everypar=\toks35
) (/Users/peve/Library/TinyTeX/texmf-dist/tex/latex/mhchem/mhchem.sty
Package: mhchem 2024/01/29 v4.10 for typesetting chemical formulae
(/Users/peve/Library/TinyTeX/texmf-dist/tex/latex/l3kernel/expl3.sty
Package: expl3 2024-08-30 L3 programming layer (loader) 
(/Users/peve/Library/TinyTeX/texmf-dist/tex/latex/l3backend/l3backend-pdftex.def
File: l3backend-pdftex.def 2024-05-08 L3 backend support: PDF output (pdfTeX)
\l__color_backend_stack_int=\count297
\l__pdf_internal_box=\box64
)) (/Users/peve/Library/TinyTeX/texmf-dist/tex/latex/l3packages/l3keys2e/l3keys2e.sty
Package: l3keys2e 2024-08-16 LaTeX2e option processing using LaTeX3 keys
) (/Users/peve/Library/TinyTeX/texmf-dist/tex/latex/chemgreek/chemgreek.sty (/Users/peve/Library/TinyTeX/texmf-dist/tex/latex/l3packages/xparse/xparse.sty
Package: xparse 2024-08-16 L3 Experimental document command parser
)
Package: chemgreek 2020/01/16 v1.1a interface for upright Greek letters for use in chemistry (CN)
\l__chemgreek_tmpa_int=\count298
\g__chemgreek_tmpa_int=\count299
)
\l__mhchem_ce_distanceFromLastComma_int=\count300
\__mhchem_arrow_extPgfLength_skip=\skip66
\mhchem@minispace@tmp=\skip67
\mhchem@minibackspace@tmp=\skip68
\mhchem@bondwidth=\skip69
\mhchem@bondheight=\skip70
\mhchem@smallbondwidth@tmpA=\skip71
\mhchem@smallbondwidth@tmpB=\skip72
\mhchem@smallbondwidth=\skip73
\mhchem@bondtmp@minussidebearingleft=\skip74
\mhchem@bondtmp@minussidebearingright=\skip75
\l__mhchem_option_version_int=\count301
\mhchem@option@minusmathsidebearingleft=\dimen178
\mhchem@option@minusmathsidebearingright=\dimen179
\mhchem@option@minustextsidebearingleft=\dimen180
\mhchem@option@minustextsidebearingright=\dimen181
) (/Users/peve/Library/TinyTeX/texmf-dist/tex/latex/cancel/cancel.sty
Package: cancel 2013/04/12 v2.2 Cancel math terms
) (/Users/peve/Library/TinyTeX/texmf-dist/tex/latex/geometry/geometry.sty
Package: geometry 2020/01/02 v5.9 Page Geometry
(/Users/peve/Library/TinyTeX/texmf-dist/tex/generic/iftex/ifvtex.sty
Package: ifvtex 2019/10/25 v1.7 ifvtex legacy package. Use iftex instead.
)
\Gm@cnth=\count302
\Gm@cntv=\count303
\c@Gm@tempcnt=\count304
\Gm@bindingoffset=\dimen182
\Gm@wd@mp=\dimen183
\Gm@odd@mp=\dimen184
\Gm@even@mp=\dimen185
\Gm@layoutwidth=\dimen186
\Gm@layoutheight=\dimen187
\Gm@layouthoffset=\dimen188
\Gm@layoutvoffset=\dimen189
\Gm@dimlist=\toks36
) (/Users/peve/Library/TinyTeX/texmf-dist/tex/latex/fancyhdr/fancyhdr.sty
Package: fancyhdr 2024/07/23 v4.3.1 Extensive control of page headers and footers
\f@nch@headwidth=\skip76
\f@nch@O@elh=\skip77
\f@nch@O@erh=\skip78
\f@nch@O@olh=\skip79
\f@nch@O@orh=\skip80
\f@nch@O@elf=\skip81
\f@nch@O@erf=\skip82
\f@nch@O@olf=\skip83
\f@nch@O@orf=\skip84
) (/Users/peve/Library/TinyTeX/texmf-dist/tex/latex/natbib/natbib.sty
Package: natbib 2010/09/13 8.31b (PWD, AO)
\bibhang=\skip85
\bibsep=\skip86
LaTeX Info: Redefining \cite on input line 694.
\c@NAT@ctr=\count305
) (/Users/peve/Library/TinyTeX/texmf-dist/tex/latex/bookmark/bookmark.sty
Package: bookmark 2023-12-10 v1.31 PDF bookmarks (HO)
(/Users/peve/Library/TinyTeX/texmf-dist/tex/latex/hyperref/hyperref.sty
Package: hyperref 2024-07-10 v7.01j Hypertext links for LaTeX
(/Users/peve/Library/TinyTeX/texmf-dist/tex/latex/kvsetkeys/kvsetkeys.sty
Package: kvsetkeys 2022-10-05 v1.19 Key value parser (HO)
) (/Users/peve/Library/TinyTeX/texmf-dist/tex/generic/kvdefinekeys/kvdefinekeys.sty
Package: kvdefinekeys 2019-12-19 v1.6 Define keys (HO)
) (/Users/peve/Library/TinyTeX/texmf-dist/tex/generic/pdfescape/pdfescape.sty
Package: pdfescape 2019/12/09 v1.15 Implements pdfTeX's escape features (HO)
(/Users/peve/Library/TinyTeX/texmf-dist/tex/generic/ltxcmds/ltxcmds.sty
Package: ltxcmds 2023-12-04 v1.26 LaTeX kernel commands for general use (HO)
) (/Users/peve/Library/TinyTeX/texmf-dist/tex/generic/pdftexcmds/pdftexcmds.sty
Package: pdftexcmds 2020-06-27 v0.33 Utility functions of pdfTeX for LuaTeX (HO)
(/Users/peve/Library/TinyTeX/texmf-dist/tex/generic/infwarerr/infwarerr.sty
Package: infwarerr 2019/12/03 v1.5 Providing info/warning/error messages (HO)
)
Package pdftexcmds Info: \pdf@primitive is available.
Package pdftexcmds Info: \pdf@ifprimitive is available.
Package pdftexcmds Info: \pdfdraftmode found.
)) (/Users/peve/Library/TinyTeX/texmf-dist/tex/latex/hycolor/hycolor.sty
Package: hycolor 2020-01-27 v1.10 Color options for hyperref/bookmark (HO)
) (/Users/peve/Library/TinyTeX/texmf-dist/tex/latex/hyperref/nameref.sty
Package: nameref 2023-11-26 v2.56 Cross-referencing by name of section
(/Users/peve/Library/TinyTeX/texmf-dist/tex/latex/refcount/refcount.sty
Package: refcount 2019/12/15 v3.6 Data extraction from label references (HO)
) (/Users/peve/Library/TinyTeX/texmf-dist/tex/generic/gettitlestring/gettitlestring.sty
Package: gettitlestring 2019/12/15 v1.6 Cleanup title references (HO)
(/Users/peve/Library/TinyTeX/texmf-dist/tex/latex/kvoptions/kvoptions.sty
Package: kvoptions 2022-06-15 v3.15 Key value format for package options (HO)
))
\c@section@level=\count306
) (/Users/peve/Library/TinyTeX/texmf-dist/tex/generic/stringenc/stringenc.sty
Package: stringenc 2019/11/29 v1.12 Convert strings between diff. encodings (HO)
)
\@linkdim=\dimen190
\Hy@linkcounter=\count307
\Hy@pagecounter=\count308
(/Users/peve/Library/TinyTeX/texmf-dist/tex/latex/hyperref/pd1enc.def
File: pd1enc.def 2024-07-10 v7.01j Hyperref: PDFDocEncoding definition (HO)
Now handling font encoding PD1 ...
... no UTF-8 mapping file for font encoding PD1
) (/Users/peve/Library/TinyTeX/texmf-dist/tex/generic/intcalc/intcalc.sty
Package: intcalc 2019/12/15 v1.3 Expandable calculations with integers (HO)
)
\Hy@SavedSpaceFactor=\count309
(/Users/peve/Library/TinyTeX/texmf-dist/tex/latex/hyperref/puenc.def
File: puenc.def 2024-07-10 v7.01j Hyperref: PDF Unicode definition (HO)
Now handling font encoding PU ...
... no UTF-8 mapping file for font encoding PU
)
Package hyperref Info: Option `unicode' set `true' on input line 4040.
Package hyperref Info: Hyper figures OFF on input line 4157.
Package hyperref Info: Link nesting OFF on input line 4162.
Package hyperref Info: Hyper index ON on input line 4165.
Package hyperref Info: Plain pages OFF on input line 4172.
Package hyperref Info: Backreferencing OFF on input line 4177.
Package hyperref Info: Implicit mode ON; LaTeX internals redefined.
Package hyperref Info: Bookmarks ON on input line 4424.
\c@Hy@tempcnt=\count310
(/Users/peve/Library/TinyTeX/texmf-dist/tex/latex/url/url.sty
\Urlmuskip=\muskip18
Package: url 2013/09/16  ver 3.4  Verb mode for urls, etc.
)
LaTeX Info: Redefining \url on input line 4763.
\XeTeXLinkMargin=\dimen191
(/Users/peve/Library/TinyTeX/texmf-dist/tex/generic/bitset/bitset.sty
Package: bitset 2019/12/09 v1.3 Handle bit-vector datatype (HO)
(/Users/peve/Library/TinyTeX/texmf-dist/tex/generic/bigintcalc/bigintcalc.sty
Package: bigintcalc 2019/12/15 v1.5 Expandable calculations on big integers (HO)
))
\Fld@menulength=\count311
\Field@Width=\dimen192
\Fld@charsize=\dimen193
Package hyperref Info: Hyper figures OFF on input line 6042.
Package hyperref Info: Link nesting OFF on input line 6047.
Package hyperref Info: Hyper index ON on input line 6050.
Package hyperref Info: backreferencing OFF on input line 6057.
Package hyperref Info: Link coloring OFF on input line 6062.
Package hyperref Info: Link coloring with OCG OFF on input line 6067.
Package hyperref Info: PDF/A mode OFF on input line 6072.
(/Users/peve/Library/TinyTeX/texmf-dist/tex/latex/base/atbegshi-ltx.sty
Package: atbegshi-ltx 2021/01/10 v1.0c Emulation of the original atbegshi
package with kernel methods
)
\Hy@abspage=\count312
\c@Item=\count313
\c@Hfootnote=\count314
)
Package hyperref Info: Driver (autodetected): hpdftex.
(/Users/peve/Library/TinyTeX/texmf-dist/tex/latex/hyperref/hpdftex.def
File: hpdftex.def 2024-07-10 v7.01j Hyperref driver for pdfTeX
(/Users/peve/Library/TinyTeX/texmf-dist/tex/latex/base/atveryend-ltx.sty
Package: atveryend-ltx 2020/08/19 v1.0a Emulation of the original atveryend package
with kernel methods
)
\Fld@listcount=\count315
\c@bookmark@seq@number=\count316
(/Users/peve/Library/TinyTeX/texmf-dist/tex/latex/rerunfilecheck/rerunfilecheck.sty
Package: rerunfilecheck 2022-07-10 v1.10 Rerun checks for auxiliary files (HO)
(/Users/peve/Library/TinyTeX/texmf-dist/tex/generic/uniquecounter/uniquecounter.sty
Package: uniquecounter 2019/12/15 v1.4 Provide unlimited unique counter (HO)
)
Package uniquecounter Info: New unique counter `rerunfilecheck' on input line 285.
)
\Hy@SectionHShift=\skip87
) (/Users/peve/Library/TinyTeX/texmf-dist/tex/latex/bookmark/bkm-pdftex.def
File: bkm-pdftex.def 2023-12-10 v1.31 bookmark driver for pdfTeX and luaTeX (HO)
\BKM@id=\count317
))
\c@theorem=\count318
\c@lemma=\count319
\c@corollary=\count320
\c@proposition=\count321
\c@conjecture=\count322
\c@definition=\count323
\c@example=\count324
\c@exercise=\count325
\c@hypothesis=\count326
LaTeX Font Info:    Trying to load font information for T1+lmr on input line 138.
(/Users/peve/Library/TinyTeX/texmf-dist/tex/latex/lm/t1lmr.fd
File: t1lmr.fd 2015/05/01 v1.6.1 Font defs for Latin Modern
) (./pchem1.aux)
\openout1 = `pchem1.aux'.

LaTeX Font Info:    Checking defaults for OML/cmm/m/it on input line 138.
LaTeX Font Info:    ... okay on input line 138.
LaTeX Font Info:    Checking defaults for OMS/cmsy/m/n on input line 138.
LaTeX Font Info:    ... okay on input line 138.
LaTeX Font Info:    Checking defaults for OT1/cmr/m/n on input line 138.
LaTeX Font Info:    ... okay on input line 138.
LaTeX Font Info:    Checking defaults for T1/cmr/m/n on input line 138.
LaTeX Font Info:    ... okay on input line 138.
LaTeX Font Info:    Checking defaults for TS1/cmr/m/n on input line 138.
LaTeX Font Info:    ... okay on input line 138.
LaTeX Font Info:    Checking defaults for OMX/cmex/m/n on input line 138.
LaTeX Font Info:    ... okay on input line 138.
LaTeX Font Info:    Checking defaults for U/cmr/m/n on input line 138.
LaTeX Font Info:    ... okay on input line 138.
LaTeX Font Info:    Checking defaults for PD1/pdf/m/n on input line 138.
LaTeX Font Info:    ... okay on input line 138.
LaTeX Font Info:    Checking defaults for PU/pdf/m/n on input line 138.
LaTeX Font Info:    ... okay on input line 138.
(/Users/peve/Library/TinyTeX/texmf-dist/tex/latex/epstopdf-pkg/epstopdf-base.sty
Package: epstopdf-base 2020-01-24 v2.11 Base part for package epstopdf
Package epstopdf-base Info: Redefining graphics rule for `.eps' on input line 485.
(/Users/peve/Library/TinyTeX/texmf-dist/tex/latex/latexconfig/epstopdf-sys.cfg
File: epstopdf-sys.cfg 2010/07/13 v1.3 Configuration of (r)epstopdf for TeX Live
)) (/Users/peve/Library/TinyTeX/texmf-dist/tex/latex/pdflscape/pdflscape.sty
Package: pdflscape 2022-10-27 v0.13 Display of landscape pages in PDF
(/Users/peve/Library/TinyTeX/texmf-dist/tex/latex/pdflscape/pdflscape-nometadata.sty
Package: pdflscape-nometadata 2022-10-28 v0.13 Display of landscape pages in PDF (HO)
(/Users/peve/Library/TinyTeX/texmf-dist/tex/latex/graphics/lscape.sty
Package: lscape 2020/05/28 v3.02 Landscape Pages (DPC)
)
Package pdflscape Info: Auto-detected driver: pdftex on input line 81.
))

Package chemgreek Info: Activating mapping `default' on line 138.

*geometry* driver: auto-detecting
*geometry* detected driver: pdftex
*geometry* verbose mode - [ preamble ] result:
* driver: pdftex
* paper: custom
* layout: <same size as paper>
* layoutoffset:(h,v)=(0.0pt,0.0pt)
* modes: twoside 
* h-part:(L,W,R)=(52.03491pt, 303.53267pt, 78.05241pt)
* v-part:(T,H,B)=(78.0524pt, 455.299pt, 117.0786pt)
* \paperwidth=433.62pt
* \paperheight=650.43pt
* \textwidth=303.53267pt
* \textheight=455.299pt
* \oddsidemargin=-20.23508pt
* \evensidemargin=5.78242pt
* \topmargin=-31.21759pt
* \headheight=12.0pt
* \headsep=25.0pt
* \topskip=9.0pt
* \footskip=30.0pt
* \marginparwidth=131.0pt
* \marginparsep=10.0pt
* \columnsep=10.0pt
* \skip\footins=8.0pt plus 4.0pt minus 2.0pt
* \hoffset=0.0pt
* \voffset=0.0pt
* \mag=1000
* \@twocolumnfalse
* \@twosidetrue
* \@mparswitchtrue
* \@reversemarginfalse
* (1in=72.27pt=25.4mm, 1cm=28.453pt)

Package hyperref Info: Link coloring OFF on input line 138.
<FrontPage_6x9.pdf, id=4, 433.62pt x 650.43pt>
File: FrontPage_6x9.pdf Graphic file (type pdf)
<use FrontPage_6x9.pdf>
Package pdftex.def Info: FrontPage_6x9.pdf  used on input line 142.
(pdftex.def)             Requested size: 303.53854pt x 455.30782pt.
File: FrontPage_6x9.pdf Graphic file (type pdf)
<use FrontPage_6x9.pdf>
Package pdftex.def Info: FrontPage_6x9.pdf  used on input line 142.
(pdftex.def)             Requested size: 303.53854pt x 455.30782pt.
<FrontPage_6x9.pdf, id=7, page=1, 433.62pt x 650.43pt>
File: FrontPage_6x9.pdf Graphic file (type pdf)
<use FrontPage_6x9.pdf, page 1>
Package pdftex.def Info: FrontPage_6x9.pdf , page1 used on input line 142.
(pdftex.def)             Requested size: 433.61894pt x 650.4284pt.
File: FrontPage_6x9.pdf Graphic file (type pdf)
<use FrontPage_6x9.pdf, page 1>
Package pdftex.def Info: FrontPage_6x9.pdf , page1 used on input line 142.
(pdftex.def)             Requested size: 433.61894pt x 650.4284pt.
File: FrontPage_6x9.pdf Graphic file (type pdf)
<use FrontPage_6x9.pdf, page 1>
Package pdftex.def Info: FrontPage_6x9.pdf , page1 used on input line 142.
(pdftex.def)             Requested size: 433.61894pt x 650.4284pt.
File: FrontPage_6x9.pdf Graphic file (type pdf)
<use FrontPage_6x9.pdf, page 1>
Package pdftex.def Info: FrontPage_6x9.pdf , page1 used on input line 142.
(pdftex.def)             Requested size: 433.61894pt x 650.4284pt.


File: FrontPage_6x9.pdf Graphic file (type pdf)
<use FrontPage_6x9.pdf, page 1>
Package pdftex.def Info: FrontPage_6x9.pdf , page1 used on input line 142.
(pdftex.def)             Requested size: 433.61894pt x 650.4284pt.
[1


 <./FrontPage_6x9.pdf>]

[2


] (./pchem1.toc
LaTeX Font Info:    Trying to load font information for OT1+lmr on input line 2.
(/Users/peve/Library/TinyTeX/texmf-dist/tex/latex/lm/ot1lmr.fd
File: ot1lmr.fd 2015/05/01 v1.6.1 Font defs for Latin Modern
)
LaTeX Font Info:    Trying to load font information for OML+lmm on input line 2.
(/Users/peve/Library/TinyTeX/texmf-dist/tex/latex/lm/omllmm.fd
File: omllmm.fd 2015/05/01 v1.6.1 Font defs for Latin Modern
)
LaTeX Font Info:    Trying to load font information for OMS+lmsy on input line 2.
(/Users/peve/Library/TinyTeX/texmf-dist/tex/latex/lm/omslmsy.fd
File: omslmsy.fd 2015/05/01 v1.6.1 Font defs for Latin Modern
)
LaTeX Font Info:    Trying to load font information for OMX+lmex on input line 2.
(/Users/peve/Library/TinyTeX/texmf-dist/tex/latex/lm/omxlmex.fd
File: omxlmex.fd 2015/05/01 v1.6.1 Font defs for Latin Modern
)
LaTeX Font Info:    External font `lmex10' loaded for size
(Font)              <9> on input line 2.
LaTeX Font Info:    External font `lmex10' loaded for size
(Font)              <6> on input line 2.
LaTeX Font Info:    External font `lmex10' loaded for size
(Font)              <5> on input line 2.
LaTeX Font Info:    Trying to load font information for U+msa on input line 2.
(/Users/peve/Library/TinyTeX/texmf-dist/tex/latex/amsfonts/umsa.fd
File: umsa.fd 2013/01/14 v3.01 AMS symbols A
)
LaTeX Font Info:    Trying to load font information for U+msb on input line 2.
(/Users/peve/Library/TinyTeX/texmf-dist/tex/latex/amsfonts/umsb.fd
File: umsb.fd 2013/01/14 v3.01 AMS symbols B
)

[3{/Users/peve/Library/TinyTeX/texmf-var/fonts/map/pdftex/updmap/pdftex.map}{/Users/peve/Library/TinyTeX/texmf-dist/fonts/enc/dvips/lm/lm-ec.enc}]

[4{/Users/peve/Library/TinyTeX/texmf-dist/fonts/enc/dvips/lm/lm-mathit.enc}{/Users/peve/Library/TinyTeX/texmf-dist/fonts/enc/dvips/lm/lm-mathsy.enc}{/Users/peve/Library/TinyTeX/texmf-dist/fonts/enc/dvips/lm/lm-rm.enc}]

[5])
\tf@toc=\write3
\openout3 = `pchem1.toc'.



[6]

[7]

[8


]
<./img/OEP_Figures.000.jpeg, id=256, 806.01125pt x 566.115pt>
File: ./img/OEP_Figures.000.jpeg Graphic file (type jpg)
<use ./img/OEP_Figures.000.jpeg>
Package pdftex.def Info: ./img/OEP_Figures.000.jpeg  used on input line 164.
(pdftex.def)             Requested size: 242.82603pt x 170.55278pt.

Underfull \vbox (badness 2205) has occurred while \output is active []



[9 <./img/OEP_Figures.000.jpeg>]

[10]

[11]
LaTeX Font Info:    Trying to load font information for TS1+lmr on input line 205.
(/Users/peve/Library/TinyTeX/texmf-dist/tex/latex/lm/ts1lmr.fd
File: ts1lmr.fd 2015/05/01 v1.6.1 Font defs for Latin Modern
)

[12{/Users/peve/Library/TinyTeX/texmf-dist/fonts/enc/dvips/lm/lm-ts1.enc}]
Chapter 1.
LaTeX Font Info:    External font `lmex10' loaded for size
(Font)              <7> on input line 221.



pdfTeX warning (ext4): destination with the same identifier (name{page.1}) has been already used, duplicate ignored
<to be read again> 
                   \relax 
l.222 
       [1




]

[2]

[3]

[4{/Users/peve/Library/TinyTeX/texmf-dist/fonts/enc/dvips/lm/lm-mathex.enc}]

[5]

[6]
<./img/OEP_Figures.001.jpeg, id=339, 901.3675pt x 586.19pt>
File: ./img/OEP_Figures.001.jpeg Graphic file (type jpg)
<use ./img/OEP_Figures.001.jpeg>
Package pdftex.def Info: ./img/OEP_Figures.001.jpeg  used on input line 278.
(pdftex.def)             Requested size: 212.4678pt x 138.17506pt.


[7]

[8 <./img/OEP_Figures.001.jpeg>]

[9]

[10]

[11]

[12]

LaTeX Warning: Command \dj invalid in math mode on input line 431.



[13]

LaTeX Warning: Command \dj invalid in math mode on input line 434.


LaTeX Warning: Command \dj invalid in math mode on input line 441.



[14]
<./img/OEP_Figures.002.jpeg, id=412, 810.02625pt x 457.71pt>
File: ./img/OEP_Figures.002.jpeg Graphic file (type jpg)
<use ./img/OEP_Figures.002.jpeg>
Package pdftex.def Info: ./img/OEP_Figures.002.jpeg  used on input line 453.
(pdftex.def)             Requested size: 182.11208pt x 102.90347pt.


[15 <./img/OEP_Figures.002.jpeg>]

[16]

[17]

LaTeX Warning: Command \dj invalid in math mode on input line 616.



[18]
Chapter 2.


[19


]

[20]

LaTeX Warning: Command \dj invalid in math mode on input line 702.


LaTeX Warning: Command \dj invalid in math mode on input line 702.



[21]

LaTeX Warning: Command \dj invalid in math mode on input line 709.


LaTeX Warning: Command \dj invalid in math mode on input line 709.


LaTeX Warning: Command \dj invalid in math mode on input line 731.


LaTeX Warning: Command \dj invalid in math mode on input line 731.


LaTeX Warning: Command \dj invalid in math mode on input line 731.



[22]
<./img/OEP_Figures.004.jpeg, id=512, 778.91pt x 655.44875pt>
File: ./img/OEP_Figures.004.jpeg Graphic file (type jpg)
<use ./img/OEP_Figures.004.jpeg>
Package pdftex.def Info: ./img/OEP_Figures.004.jpeg  used on input line 748.
(pdftex.def)             Requested size: 151.76204pt x 127.70697pt.

LaTeX Warning: Command \dj invalid in math mode on input line 760.



[23 <./img/OEP_Figures.004.jpeg>]

LaTeX Warning: Command \dj invalid in math mode on input line 774.


LaTeX Warning: Command \dj invalid in math mode on input line 781.


LaTeX Warning: Command \dj invalid in math mode on input line 785.


LaTeX Warning: Command \dj invalid in math mode on input line 788.


LaTeX Warning: Command \dj invalid in math mode on input line 795.


LaTeX Warning: Command \dj invalid in math mode on input line 802.



[24]
LaTeX Font Info:    External font `lmex10' loaded for size
(Font)              <10> on input line 809.
<pchem1_files/figure-latex/unnamed-chunk-2-1.pdf, id=542, 410.53375pt x 279.0425pt>
File: pchem1_files/figure-latex/unnamed-chunk-2-1.pdf Graphic file (type pdf)
<use pchem1_files/figure-latex/unnamed-chunk-2-1.pdf>
Package pdftex.def Info: pchem1_files/figure-latex/unnamed-chunk-2-1.pdf  used on input line 813.
(pdftex.def)             Requested size: 212.47023pt x 144.41742pt.


[25 <./pchem1_files/figure-latex/unnamed-chunk-2-1.pdf>]
<pchem1_files/figure-latex/unnamed-chunk-3-1.pdf, id=563, 410.53375pt x 279.0425pt>
File: pchem1_files/figure-latex/unnamed-chunk-3-1.pdf Graphic file (type pdf)
<use pchem1_files/figure-latex/unnamed-chunk-3-1.pdf>
Package pdftex.def Info: pchem1_files/figure-latex/unnamed-chunk-3-1.pdf  used on input line 824.
(pdftex.def)             Requested size: 212.47023pt x 144.41742pt.
<pchem1_files/figure-latex/unnamed-chunk-4-1.pdf, id=564, 410.53375pt x 279.0425pt>
File: pchem1_files/figure-latex/unnamed-chunk-4-1.pdf Graphic file (type pdf)
<use pchem1_files/figure-latex/unnamed-chunk-4-1.pdf>
Package pdftex.def Info: pchem1_files/figure-latex/unnamed-chunk-4-1.pdf  used on input line 833.
(pdftex.def)             Requested size: 212.47023pt x 144.41742pt.

Underfull \vbox (badness 10000) has occurred while \output is active []



[26 <./pchem1_files/figure-latex/unnamed-chunk-3-1.pdf>]
<pchem1_files/figure-latex/unnamed-chunk-5-1.pdf, id=580, 410.53375pt x 279.0425pt>
File: pchem1_files/figure-latex/unnamed-chunk-5-1.pdf Graphic file (type pdf)
<use pchem1_files/figure-latex/unnamed-chunk-5-1.pdf>
Package pdftex.def Info: pchem1_files/figure-latex/unnamed-chunk-5-1.pdf  used on input line 842.
(pdftex.def)             Requested size: 212.47023pt x 144.41742pt.
<pchem1_files/figure-latex/unnamed-chunk-6-1.pdf, id=581, 410.53375pt x 279.0425pt>
File: pchem1_files/figure-latex/unnamed-chunk-6-1.pdf Graphic file (type pdf)
<use pchem1_files/figure-latex/unnamed-chunk-6-1.pdf>
Package pdftex.def Info: pchem1_files/figure-latex/unnamed-chunk-6-1.pdf  used on input line 851.
(pdftex.def)             Requested size: 212.47023pt x 144.41742pt.


[27 <./pchem1_files/figure-latex/unnamed-chunk-4-1.pdf> <./pchem1_files/figure-latex/unnamed-chunk-5-1.pdf>]
<pchem1_files/figure-latex/figures-side-1.pdf, id=604, 436.63126pt x 252.945pt>
File: pchem1_files/figure-latex/figures-side-1.pdf Graphic file (type pdf)
<use pchem1_files/figure-latex/figures-side-1.pdf>
Package pdftex.def Info: pchem1_files/figure-latex/figures-side-1.pdf  used on input line 867.
(pdftex.def)             Requested size: 151.7639pt x 87.9184pt.
<pchem1_files/figure-latex/figures-side-2.pdf, id=605, 436.63126pt x 252.945pt>
File: pchem1_files/figure-latex/figures-side-2.pdf Graphic file (type pdf)
<use pchem1_files/figure-latex/figures-side-2.pdf>
Package pdftex.def Info: pchem1_files/figure-latex/figures-side-2.pdf  used on input line 867.
(pdftex.def)             Requested size: 151.7639pt x 87.9184pt.
<pchem1_files/figure-latex/figures-side-3.pdf, id=606, 436.63126pt x 252.945pt>
File: pchem1_files/figure-latex/figures-side-3.pdf Graphic file (type pdf)
<use pchem1_files/figure-latex/figures-side-3.pdf>
Package pdftex.def Info: pchem1_files/figure-latex/figures-side-3.pdf  used on input line 867.
(pdftex.def)             Requested size: 151.7639pt x 87.9184pt.
<pchem1_files/figure-latex/figures-side-4.pdf, id=607, 436.63126pt x 252.945pt>
File: pchem1_files/figure-latex/figures-side-4.pdf Graphic file (type pdf)
<use pchem1_files/figure-latex/figures-side-4.pdf>
Package pdftex.def Info: pchem1_files/figure-latex/figures-side-4.pdf  used on input line 867.
(pdftex.def)             Requested size: 151.7639pt x 87.9184pt.

Overfull \hbox (2.05067pt too wide) in paragraph at lines 867--868
[][] []
 []


Overfull \hbox (2.05067pt too wide) in paragraph at lines 867--868
[] [] 
 []



[28 <./pchem1_files/figure-latex/unnamed-chunk-6-1.pdf> <./pchem1_files/figure-latex/figures-side-1.pdf> <./pchem1_files/figure-latex/figures-side-2.pdf>]

[29 <./pchem1_files/figure-latex/figures-side-3.pdf> <./pchem1_files/figure-latex/figures-side-4.pdf>]

[30]

[31]

[32]

[33]

[34]

[35]

[36


]
Chapter 3.

LaTeX Warning: Command \dj invalid in math mode on input line 1209.


LaTeX Warning: Command \dj invalid in math mode on input line 1209.


LaTeX Warning: Command \dj invalid in math mode on input line 1216.



[37]
<./img/OEP_Figures.006.jpeg, id=761, 1027.84pt x 340.27126pt>
File: ./img/OEP_Figures.006.jpeg Graphic file (type jpg)
<use ./img/OEP_Figures.006.jpeg>
Package pdftex.def Info: ./img/OEP_Figures.006.jpeg  used on input line 1226.
(pdftex.def)             Requested size: 242.82848pt x 80.3895pt.

LaTeX Warning: Command \dj invalid in math mode on input line 1236.


LaTeX Warning: Command \dj invalid in math mode on input line 1243.



[38 <./img/OEP_Figures.006.jpeg>]

LaTeX Warning: Command \dj invalid in math mode on input line 1255.


LaTeX Warning: Command \dj invalid in math mode on input line 1258.


LaTeX Warning: Command \dj invalid in math mode on input line 1266.


LaTeX Warning: Command \dj invalid in math mode on input line 1266.


LaTeX Warning: Command \dj invalid in math mode on input line 1269.



[39]

LaTeX Warning: Command \dj invalid in math mode on input line 1314.



[40]

LaTeX Warning: Command \dj invalid in math mode on input line 1321.


LaTeX Warning: Command \dj invalid in math mode on input line 1345.


LaTeX Warning: Command \dj invalid in math mode on input line 1345.



[41]
<./img/OEP_Figures.005.jpeg, id=817, 1027.84pt x 770.88pt>
File: ./img/OEP_Figures.005.jpeg Graphic file (type jpg)
<use ./img/OEP_Figures.005.jpeg>
Package pdftex.def Info: ./img/OEP_Figures.005.jpeg  used on input line 1365.
(pdftex.def)             Requested size: 242.82848pt x 182.12137pt.


[42 <./img/OEP_Figures.005.jpeg>]

LaTeX Warning: Command \dj invalid in math mode on input line 1381.



[43]

[44]

[45]

[46]

[47]

[48]

LaTeX Warning: Command \dj invalid in math mode on input line 1652.


LaTeX Warning: Command \dj invalid in math mode on input line 1654.



[49]

LaTeX Warning: Command \dj invalid in math mode on input line 1688.


LaTeX Warning: Command \dj invalid in math mode on input line 1690.


LaTeX Warning: Command \dj invalid in math mode on input line 1696.



[50]

[51]

[52


]
Chapter 4.


[53]

[54]

[55]

[56]

[57]
LaTeX Font Info:    External font `lmex10' loaded for size
(Font)              <10.95> on input line 1978.
LaTeX Font Info:    External font `lmex10' loaded for size
(Font)              <8> on input line 1978.


[58]

[59]
Overfull \hbox (45.58734pt too wide) detected at line 2042
\OT1/lmr/m/n/9 ^^A[]\OML/lmm/m/it/9 H[] \OT1/lmr/m/n/9 = (2 \OMS/lmsy/m/n/9 ^^B \OT1/lmr/m/n/9 33\OML/lmm/m/it/9 :\OT1/lmr/m/n/9 2 []) \OMS/lmsy/m/n/9 ^^@ \OT1/lmr/m/n/9 (11\OML/lmm/m/it/9 :\OT1/lmr/m/n/9 1 []) = 66\OML/lmm/m/it/9 :\OT1/lmr/m/n/9 4 [] \OMS/lmsy/m/n/9 ^^@ \OT1/lmr/m/n/9 11\OML/lmm/m/it/9 :\OT1/lmr/m/n/9 1 [] = 55\OML/lmm/m/it/9 :\OT1/lmr/m/n/9 3 []\OML/lmm/m/it/9 ;
 []



[60]

[61]

[62]

[63]

[64]
Chapter 5.
<./img/OEP_Figures.008.jpeg, id=1101, 1027.84pt x 770.88pt>
File: ./img/OEP_Figures.008.jpeg Graphic file (type jpg)
<use ./img/OEP_Figures.008.jpeg>
Package pdftex.def Info: ./img/OEP_Figures.008.jpeg  used on input line 2269.
(pdftex.def)             Requested size: 242.82848pt x 182.12137pt.

Underfull \vbox (badness 1668) has occurred while \output is active []



[65


]

[66 <./img/OEP_Figures.008.jpeg>]
<pchem1_files/figure-latex/FigCarnotPV-1.pdf, id=1122, 436.63126pt x 250.9375pt>
File: pchem1_files/figure-latex/FigCarnotPV-1.pdf Graphic file (type pdf)
<use pchem1_files/figure-latex/FigCarnotPV-1.pdf>
Package pdftex.def Info: pchem1_files/figure-latex/FigCarnotPV-1.pdf  used on input line 2301.
(pdftex.def)             Requested size: 212.47212pt x 122.1104pt.
<./img/OEP_Figures.007a.png, id=1123, 630.85687pt x 542.025pt>
File: ./img/OEP_Figures.007a.png Graphic file (type png)
<use ./img/OEP_Figures.007a.png>
Package pdftex.def Info: ./img/OEP_Figures.007a.png  used on input line 2310.
(pdftex.def)             Requested size: 212.46701pt x 182.54922pt.


[67 <./pchem1_files/figure-latex/FigCarnotPV-1.pdf>]
<./img/OEP_Figures.007b.png, id=1144, 684.30656pt x 503.63156pt>
File: ./img/OEP_Figures.007b.png Graphic file (type png)
<use ./img/OEP_Figures.007b.png>
Package pdftex.def Info: ./img/OEP_Figures.007b.png  used on input line 2333.
(pdftex.def)             Requested size: 212.46696pt x 156.37007pt.


[68 <./img/OEP_Figures.007a.png>]
<./img/OEP_Figures.007c.png, id=1155, 722.7pt x 515.67656pt>
File: ./img/OEP_Figures.007c.png Graphic file (type png)
<use ./img/OEP_Figures.007c.png>
Package pdftex.def Info: ./img/OEP_Figures.007c.png  used on input line 2351.
(pdftex.def)             Requested size: 212.46683pt x 151.60393pt.

Underfull \vbox (badness 10000) has occurred while \output is active []



[69 <./img/OEP_Figures.007b.png>]
<./img/OEP_Figures.007d.png, id=1164, 730.98094pt x 491.58656pt>
File: ./img/OEP_Figures.007d.png Graphic file (type png)
<use ./img/OEP_Figures.007d.png>
Package pdftex.def Info: ./img/OEP_Figures.007d.png  used on input line 2374.
(pdftex.def)             Requested size: 212.4698pt x 142.88649pt.

Underfull \vbox (badness 1490) has occurred while \output is active []



[70 <./img/OEP_Figures.007c.png>]

[71 <./img/OEP_Figures.007d.png>]

[72]
<./img/OEP_Figures.009.jpeg, id=1191, 1027.84pt x 620.3175pt>
File: ./img/OEP_Figures.009.jpeg Graphic file (type jpg)
<use ./img/OEP_Figures.009.jpeg>
Package pdftex.def Info: ./img/OEP_Figures.009.jpeg  used on input line 2453.
(pdftex.def)             Requested size: 242.82848pt x 146.55078pt.
<./img/OEP_Figures.010.jpeg, id=1195, 1027.84pt x 770.88pt>
File: ./img/OEP_Figures.010.jpeg Graphic file (type jpg)
<use ./img/OEP_Figures.010.jpeg>
Package pdftex.def Info: ./img/OEP_Figures.010.jpeg  used on input line 2467.
(pdftex.def)             Requested size: 154.35754pt x 115.76816pt.


[73 <./img/OEP_Figures.009.jpeg>]

[74 <./img/OEP_Figures.010.jpeg>]

[75]

[76]

[77]

[78]

[79]

[80]

[81]

[82


]
Chapter 6.


[83]
<pchem1_files/figure-latex/unnamed-chunk-12-1.pdf, id=1332, 410.53375pt x 291.0875pt>
File: pchem1_files/figure-latex/unnamed-chunk-12-1.pdf Graphic file (type pdf)
<use pchem1_files/figure-latex/unnamed-chunk-12-1.pdf>
Package pdftex.def Info: pchem1_files/figure-latex/unnamed-chunk-12-1.pdf  used on input line 2839.
(pdftex.def)             Requested size: 212.47023pt x 150.65126pt.


[84 <./pchem1_files/figure-latex/unnamed-chunk-12-1.pdf>]

LaTeX Warning: Command \dj invalid in math mode on input line 2859.


LaTeX Warning: Command \dj invalid in math mode on input line 2866.


LaTeX Warning: Command \dj invalid in math mode on input line 2889.



[85]

LaTeX Warning: Command \dj invalid in math mode on input line 2896.

<./img/OEP_Figures.011.jpeg, id=1371, 1027.84pt x 770.88pt>
File: ./img/OEP_Figures.011.jpeg Graphic file (type jpg)
<use ./img/OEP_Figures.011.jpeg>
Package pdftex.def Info: ./img/OEP_Figures.011.jpeg  used on input line 2908.
(pdftex.def)             Requested size: 242.82848pt x 182.12137pt.


[86 <./img/OEP_Figures.011.jpeg>]

LaTeX Warning: Command \dj invalid in math mode on input line 2918.


LaTeX Warning: Command \dj invalid in math mode on input line 2918.


LaTeX Warning: Command \dj invalid in math mode on input line 2918.


LaTeX Warning: Command \dj invalid in math mode on input line 2926.


LaTeX Warning: Command \dj invalid in math mode on input line 2926.


LaTeX Warning: Command \dj invalid in math mode on input line 2934.


LaTeX Warning: Command \dj invalid in math mode on input line 2934.


LaTeX Warning: Command \dj invalid in math mode on input line 2938.



[87]

[88]

[89]

[90]

[91]

LaTeX Warning: Command \dj invalid in math mode on input line 3096.


LaTeX Warning: Command \dj invalid in math mode on input line 3098.


LaTeX Warning: Command \dj invalid in math mode on input line 3100.


LaTeX Warning: Command \dj invalid in math mode on input line 3102.


LaTeX Warning: Command \dj invalid in math mode on input line 3104.



[92]

[93]

[94]
Chapter 7.


[95


]

LaTeX Warning: Command \dj invalid in math mode on input line 3266.



[96]

LaTeX Warning: Command \dj invalid in math mode on input line 3311.


LaTeX Warning: Command \dj invalid in math mode on input line 3315.


LaTeX Warning: Command \dj invalid in math mode on input line 3316.



[97]

LaTeX Warning: Command \dj invalid in math mode on input line 3326.


LaTeX Warning: Command \dj invalid in math mode on input line 3342.



[98]

LaTeX Warning: Command \dj invalid in math mode on input line 3365.


LaTeX Warning: Command \dj invalid in math mode on input line 3365.



[99]
Overfull \hbox (5.3379pt too wide) detected at line 3408
[][][][][]
 []



[100]

LaTeX Warning: Command \dj invalid in math mode on input line 3426.


LaTeX Warning: Command \dj invalid in math mode on input line 3433.


LaTeX Warning: Command \dj invalid in math mode on input line 3441.


LaTeX Warning: Command \dj invalid in math mode on input line 3442.


LaTeX Warning: Command \dj invalid in math mode on input line 3443.



[101]

[102]

[103]
Overfull \hbox (15.77777pt too wide) in paragraph at lines 3526--3527
[]\T1/lmr/bx/n/9 Answer: \T1/lmr/m/n/9 The stan-dard en-tropy of va-por-iza-tion for ethanol is $\OT1/lmr/m/n/9 109\OML/lmm/m/it/9 :\OT1/lmr/m/n/9 7 [] [][] [][]$\T1/lmr/m/n/9 . 
 []



[104]

[105]

[106]

[107]

LaTeX Warning: Command \dj invalid in math mode on input line 3705.


LaTeX Warning: Command \dj invalid in math mode on input line 3707.


LaTeX Warning: Command \dj invalid in math mode on input line 3709.


LaTeX Warning: Command \dj invalid in math mode on input line 3711.


LaTeX Warning: Command \dj invalid in math mode on input line 3713.



[108]

[109]

[110


]
Chapter 8.

LaTeX Warning: Command \dj invalid in math mode on input line 3804.


LaTeX Warning: Command \dj invalid in math mode on input line 3805.


LaTeX Warning: Command \dj invalid in math mode on input line 3805.



[111]

[112]

[113]

[114]

[115]

LaTeX Warning: Command \dj invalid in math mode on input line 3967.


LaTeX Warning: Command \dj invalid in math mode on input line 3967.


LaTeX Warning: Command \dj invalid in math mode on input line 3971.


LaTeX Warning: Command \dj invalid in math mode on input line 3971.



[116]
<pchem1_files/figure-latex/agfig-1.pdf, id=1740, 432.61626pt x 197.73875pt>
File: pchem1_files/figure-latex/agfig-1.pdf Graphic file (type pdf)
<use pchem1_files/figure-latex/agfig-1.pdf>
Package pdftex.def Info: pchem1_files/figure-latex/agfig-1.pdf  used on input line 4029.
(pdftex.def)             Requested size: 303.54224pt x 138.74203pt.


[117]
Underfull \vbox (badness 10000) has occurred while \output is active []



[118 <./pchem1_files/figure-latex/agfig-1.pdf>]

[119]

[120]

[121]

[122]

[123]

[124]
Chapter 9.


[125


]

[126]

[127]

[128]

[129]
<pchem1_files/figure-latex/gdeppfig-1.pdf, id=1914, 415.5525pt x 282.05376pt>
File: pchem1_files/figure-latex/gdeppfig-1.pdf Graphic file (type pdf)
<use pchem1_files/figure-latex/gdeppfig-1.pdf>
Package pdftex.def Info: pchem1_files/figure-latex/gdeppfig-1.pdf  used on input line 4536.
(pdftex.def)             Requested size: 303.54736pt x 206.03093pt.


[130]

[131 <./pchem1_files/figure-latex/gdeppfig-1.pdf>]

[132]

[133]

[134]

[135]

[136]

[137]

[138]
Chapter 10.


[139


]

[140]

[141]

[142]
<pchem1_files/figure-latex/vthoffplt-1.pdf, id=2104, 432.61626pt x 197.73875pt>
File: pchem1_files/figure-latex/vthoffplt-1.pdf Graphic file (type pdf)
<use pchem1_files/figure-latex/vthoffplt-1.pdf>
Package pdftex.def Info: pchem1_files/figure-latex/vthoffplt-1.pdf  used on input line 5098.
(pdftex.def)             Requested size: 303.54224pt x 138.74203pt.


[143 <./pchem1_files/figure-latex/vthoffplt-1.pdf>]

[144]

[145]

[146]

[147]

[148]

[149]

[150]

[151]

[152]
Chapter 11.


[153


]
<pchem1_files/figure-latex/FigPVideal-1.pdf, id=2258, 436.63126pt x 250.9375pt>
File: pchem1_files/figure-latex/FigPVideal-1.pdf Graphic file (type pdf)
<use pchem1_files/figure-latex/FigPVideal-1.pdf>
Package pdftex.def Info: pchem1_files/figure-latex/FigPVideal-1.pdf  used on input line 5545.
(pdftex.def)             Requested size: 212.47212pt x 122.1104pt.


[154 <./pchem1_files/figure-latex/FigPVideal-1.pdf>]
<pchem1_files/figure-latex/FigTVideal-1.pdf, id=2278, 436.63126pt x 252.945pt>
File: pchem1_files/figure-latex/FigTVideal-1.pdf Graphic file (type pdf)
<use pchem1_files/figure-latex/FigTVideal-1.pdf>
Package pdftex.def Info: pchem1_files/figure-latex/FigTVideal-1.pdf  used on input line 5572.
(pdftex.def)             Requested size: 212.47212pt x 123.0873pt.
<pchem1_files/figure-latex/FigTPideal-1.pdf, id=2280, 436.63126pt x 252.945pt>
File: pchem1_files/figure-latex/FigTPideal-1.pdf Graphic file (type pdf)
<use pchem1_files/figure-latex/FigTPideal-1.pdf>
Package pdftex.def Info: pchem1_files/figure-latex/FigTPideal-1.pdf  used on input line 5599.
(pdftex.def)             Requested size: 212.47212pt x 123.0873pt.


[155 <./pchem1_files/figure-latex/FigTVideal-1.pdf>]

[156 <./pchem1_files/figure-latex/FigTPideal-1.pdf>]

[157] [158]
<./img/OEP_Figures.015.jpeg, id=2337, 1027.84pt x 637.38126pt>
File: ./img/OEP_Figures.015.jpeg Graphic file (type jpg)
<use ./img/OEP_Figures.015.jpeg>
Package pdftex.def Info: ./img/OEP_Figures.015.jpeg  used on input line 5720.
(pdftex.def)             Requested size: 242.82848pt x 150.5821pt.


[159 <./img/OEP_Figures.015.jpeg>]

[160]

[161]
<./img/OEP_Figures.012.jpeg, id=2373, 1027.84pt x 484.81125pt>
File: ./img/OEP_Figures.012.jpeg Graphic file (type jpg)
<use ./img/OEP_Figures.012.jpeg>
Package pdftex.def Info: ./img/OEP_Figures.012.jpeg  used on input line 5839.
(pdftex.def)             Requested size: 242.82848pt x 114.53726pt.


[162 <./img/OEP_Figures.012.jpeg>]
<./img/OEP_Figures.013.jpeg, id=2383, 1027.84pt x 404.51125pt>
File: ./img/OEP_Figures.013.jpeg Graphic file (type jpg)
<use ./img/OEP_Figures.013.jpeg>
Package pdftex.def Info: ./img/OEP_Figures.013.jpeg  used on input line 5874.
(pdftex.def)             Requested size: 273.17616pt x 107.50975pt.
<./img/OEP_Figures.014.jpeg, id=2384, 645.41125pt x 538.01pt>
File: ./img/OEP_Figures.014.jpeg Graphic file (type jpg)
<use ./img/OEP_Figures.014.jpeg>
Package pdftex.def Info: ./img/OEP_Figures.014.jpeg  used on input line 5897.
(pdftex.def)             Requested size: 182.12221pt x 151.8157pt.


[163 <./img/OEP_Figures.013.jpeg>]
<./img/PVT_3D_diagram.png, id=2398, 651.93562pt x 731.73375pt>
File: ./img/PVT_3D_diagram.png Graphic file (type png)
<use ./img/PVT_3D_diagram.png>
Package pdftex.def Info: ./img/PVT_3D_diagram.png  used on input line 5918.
(pdftex.def)             Requested size: 151.76247pt x 170.33847pt.


[164 <./img/OEP_Figures.014.jpeg>]

[165 <./img/PVT_3D_diagram.png>]

[166]

[167]

[168]

[169]

[170]

[171]

[172]

[173]

[174]
Chapter 12.


[175


]
<./img/OEP_Figures.016.jpeg, id=2552, 626.34pt x 531.9875pt>
File: ./img/OEP_Figures.016.jpeg Graphic file (type jpg)
<use ./img/OEP_Figures.016.jpeg>
Package pdftex.def Info: ./img/OEP_Figures.016.jpeg  used on input line 6424.
(pdftex.def)             Requested size: 182.12135pt x 154.68642pt.


[176]
<./img/OEP_Figures.017.jpeg, id=2564, 626.34pt x 538.01pt>
File: ./img/OEP_Figures.017.jpeg Graphic file (type jpg)
<use ./img/OEP_Figures.017.jpeg>
Package pdftex.def Info: ./img/OEP_Figures.017.jpeg  used on input line 6436.
(pdftex.def)             Requested size: 182.12135pt x 156.43758pt.


[177 <./img/OEP_Figures.016.jpeg>]

[178 <./img/OEP_Figures.017.jpeg>]

[179]
<./img/OEP_Figures.018.jpeg, id=2594, 630.355pt x 587.19376pt>
File: ./img/OEP_Figures.018.jpeg Graphic file (type jpg)
<use ./img/OEP_Figures.018.jpeg>
Package pdftex.def Info: ./img/OEP_Figures.018.jpeg  used on input line 6502.
(pdftex.def)             Requested size: 182.11536pt x 169.64568pt.


[180 <./img/OEP_Figures.018.jpeg>]

[181]

[182]

[183]

[184]

[185]

[186]

[187]

[188


]
Chapter 13.


[189]
<./img/OEP_Figures.019.jpeg, id=2728, 661.47125pt x 619.31375pt>
File: ./img/OEP_Figures.019.jpeg Graphic file (type jpg)
<use ./img/OEP_Figures.019.jpeg>
Package pdftex.def Info: ./img/OEP_Figures.019.jpeg  used on input line 6867.
(pdftex.def)             Requested size: 182.11206pt x 170.50552pt.


[190]
<./img/OEP_Figures.020.jpeg, id=2740, 684.5575pt x 629.35126pt>
File: ./img/OEP_Figures.020.jpeg Graphic file (type jpg)
<use ./img/OEP_Figures.020.jpeg>
Package pdftex.def Info: ./img/OEP_Figures.020.jpeg  used on input line 6882.
(pdftex.def)             Requested size: 182.11716pt x 167.4303pt.


[191 <./img/OEP_Figures.019.jpeg>]

[192 <./img/OEP_Figures.020.jpeg>]
<./img/OEP_Figures.021.jpeg, id=2759, 677.53125pt x 618.31pt>
File: ./img/OEP_Figures.021.jpeg Graphic file (type jpg)
<use ./img/OEP_Figures.021.jpeg>
Package pdftex.def Info: ./img/OEP_Figures.021.jpeg  used on input line 6927.
(pdftex.def)             Requested size: 182.11916pt x 166.20059pt.
<./img/OEP_Figures.022.jpeg, id=2762, 683.55376pt x 620.3175pt>
File: ./img/OEP_Figures.022.jpeg Graphic file (type jpg)
<use ./img/OEP_Figures.022.jpeg>
Package pdftex.def Info: ./img/OEP_Figures.022.jpeg  used on input line 6942.
(pdftex.def)             Requested size: 182.12132pt x 165.27309pt.


[193 <./img/OEP_Figures.021.jpeg>]
<./img/OEP_Figures.023.jpeg, id=2775, 1027.84pt x 770.88pt>
File: ./img/OEP_Figures.023.jpeg Graphic file (type jpg)
<use ./img/OEP_Figures.023.jpeg>
Package pdftex.def Info: ./img/OEP_Figures.023.jpeg  used on input line 6953.
(pdftex.def)             Requested size: 182.11743pt x 136.58807pt.


[194 <./img/OEP_Figures.022.jpeg>]
<./img/OEP_Figures.024.jpeg, id=2784, 678.535pt x 618.31pt>
File: ./img/OEP_Figures.024.jpeg Graphic file (type jpg)
<use ./img/OEP_Figures.024.jpeg>
Package pdftex.def Info: ./img/OEP_Figures.024.jpeg  used on input line 6968.
(pdftex.def)             Requested size: 182.11977pt x 165.95529pt.


[195 <./img/OEP_Figures.023.jpeg>]
<./img/OEP_Figures.025.jpeg, id=2795, 1027.84pt x 497.86pt>
File: ./img/OEP_Figures.025.jpeg Graphic file (type jpg)
<use ./img/OEP_Figures.025.jpeg>
Package pdftex.def Info: ./img/OEP_Figures.025.jpeg  used on input line 6986.
(pdftex.def)             Requested size: 242.82848pt x 117.62004pt.
<./img/OEP_Figures.026.jpeg, id=2798, 1027.84pt x 497.86pt>
File: ./img/OEP_Figures.026.jpeg Graphic file (type jpg)
<use ./img/OEP_Figures.026.jpeg>
Package pdftex.def Info: ./img/OEP_Figures.026.jpeg  used on input line 6997.
(pdftex.def)             Requested size: 242.82848pt x 117.62004pt.


[196 <./img/OEP_Figures.024.jpeg>]

[197 <./img/OEP_Figures.025.jpeg> <./img/OEP_Figures.026.jpeg>]

[198]

[199]
<./img/OEP_Figures.033.jpeg, id=2842, 1027.84pt x 509.905pt>
File: ./img/OEP_Figures.033.jpeg Graphic file (type jpg)
<use ./img/OEP_Figures.033.jpeg>
Package pdftex.def Info: ./img/OEP_Figures.033.jpeg  used on input line 7079.
(pdftex.def)             Requested size: 242.82848pt x 120.46568pt.


[200 <./img/OEP_Figures.033.jpeg>]

[201]
<./img/OEP_Figures.034.jpeg, id=2866, 667.49374pt x 559.08875pt>
File: ./img/OEP_Figures.034.jpeg Graphic file (type jpg)
<use ./img/OEP_Figures.034.jpeg>
Package pdftex.def Info: ./img/OEP_Figures.034.jpeg  used on input line 7140.
(pdftex.def)             Requested size: 182.12015pt x 152.54274pt.


[202 <./img/OEP_Figures.034.jpeg>]

[203]
<./img/OEP_Figures.035.jpeg, id=2887, 1027.84pt x 613.29124pt>
File: ./img/OEP_Figures.035.jpeg Graphic file (type jpg)
<use ./img/OEP_Figures.035.jpeg>
Package pdftex.def Info: ./img/OEP_Figures.035.jpeg  used on input line 7194.
(pdftex.def)             Requested size: 242.82848pt x 144.89081pt.


[204 <./img/OEP_Figures.035.jpeg>]

[205]

[206]

[207]

[208]
Chapter 14.


[209


]
<pchem1_files/figure-latex/figk1-1.pdf, id=2974, 410.53375pt x 276.03125pt>
File: pchem1_files/figure-latex/figk1-1.pdf Graphic file (type pdf)
<use pchem1_files/figure-latex/figk1-1.pdf>
Package pdftex.def Info: pchem1_files/figure-latex/figk1-1.pdf  used on input line 7449.
(pdftex.def)             Requested size: 303.53339pt x 204.08722pt.


[210]
Underfull \vbox (badness 1019) has occurred while \output is active []



[211 <./pchem1_files/figure-latex/figk1-1.pdf>]
<pchem1_files/figure-latex/figk2-1.pdf, id=3000, 410.53375pt x 276.03125pt>
File: pchem1_files/figure-latex/figk2-1.pdf Graphic file (type pdf)
<use pchem1_files/figure-latex/figk2-1.pdf>
Package pdftex.def Info: pchem1_files/figure-latex/figk2-1.pdf  used on input line 7499.
(pdftex.def)             Requested size: 303.53339pt x 204.08722pt.
<pchem1_files/figure-latex/figk3-1.pdf, id=3003, 410.53375pt x 276.03125pt>
File: pchem1_files/figure-latex/figk3-1.pdf Graphic file (type pdf)
<use pchem1_files/figure-latex/figk3-1.pdf>
Package pdftex.def Info: pchem1_files/figure-latex/figk3-1.pdf  used on input line 7510.
(pdftex.def)             Requested size: 303.53339pt x 204.08722pt.


[212]

[213 <./pchem1_files/figure-latex/figk2-1.pdf>]

[214 <./pchem1_files/figure-latex/figk3-1.pdf>]
<pchem1_files/figure-latex/figk4-1.pdf, id=3041, 410.53375pt x 276.03125pt>
File: pchem1_files/figure-latex/figk4-1.pdf Graphic file (type pdf)
<use pchem1_files/figure-latex/figk4-1.pdf>
Package pdftex.def Info: pchem1_files/figure-latex/figk4-1.pdf  used on input line 7559.
(pdftex.def)             Requested size: 303.53339pt x 204.08722pt.


[215]

[216 <./pchem1_files/figure-latex/figk4-1.pdf>]

[217]

[218]
<pchem1_files/figure-latex/figk5-1.pdf, id=3093, 410.53375pt x 276.03125pt>
File: pchem1_files/figure-latex/figk5-1.pdf Graphic file (type pdf)
<use pchem1_files/figure-latex/figk5-1.pdf>
Package pdftex.def Info: pchem1_files/figure-latex/figk5-1.pdf  used on input line 7682.
(pdftex.def)             Requested size: 303.53339pt x 204.08722pt.
<pchem1_files/figure-latex/figk6-1.pdf, id=3095, 410.53375pt x 276.03125pt>
File: pchem1_files/figure-latex/figk6-1.pdf Graphic file (type pdf)
<use pchem1_files/figure-latex/figk6-1.pdf>
Package pdftex.def Info: pchem1_files/figure-latex/figk6-1.pdf  used on input line 7693.
(pdftex.def)             Requested size: 303.53339pt x 204.08722pt.


[219]

[220 <./pchem1_files/figure-latex/figk5-1.pdf>]

[221 <./pchem1_files/figure-latex/figk6-1.pdf>]
<pchem1_files/figure-latex/figk7-1.pdf, id=3131, 410.53375pt x 276.03125pt>
File: pchem1_files/figure-latex/figk7-1.pdf Graphic file (type pdf)
<use pchem1_files/figure-latex/figk7-1.pdf>
Package pdftex.def Info: pchem1_files/figure-latex/figk7-1.pdf  used on input line 7740.
(pdftex.def)             Requested size: 303.53339pt x 204.08722pt.


[222]

[223 <./pchem1_files/figure-latex/figk7-1.pdf>]
<pchem1_files/figure-latex/figkK-1.pdf, id=3156, 410.53375pt x 276.03125pt>
File: pchem1_files/figure-latex/figkK-1.pdf Graphic file (type pdf)
<use pchem1_files/figure-latex/figkK-1.pdf>
Package pdftex.def Info: pchem1_files/figure-latex/figkK-1.pdf  used on input line 7786.
(pdftex.def)             Requested size: 303.53339pt x 204.08722pt.


[224]
Underfull \vbox (badness 10000) has occurred while \output is active []



[225 <./pchem1_files/figure-latex/figkK-1.pdf>]
Overfull \hbox (15.39172pt too wide) in paragraph at lines 7843--7843
[]|\T1/lmr/bx/n/5 Differential 
 []


Overfull \hbox (12.32228pt too wide) in paragraph at lines 7844--7844
[]|\T1/lmr/bx/n/5 Integrated 
 []



[226]
Overfull \hbox (11.83899pt too wide) in paragraph at lines 7889--7889
[]|$[]$|  
 []


Overfull \hbox (11.83899pt too wide) in paragraph at lines 7890--7890
[]|$[]$|  
 []


Overfull \hbox (11.83899pt too wide) in paragraph at lines 7891--7891
[]|$[]$|  
 []



[227]

[228]
<pchem1_files/figure-latex/figk8-1.pdf, id=3212, 410.53375pt x 276.03125pt>
File: pchem1_files/figure-latex/figk8-1.pdf Graphic file (type pdf)
<use pchem1_files/figure-latex/figk8-1.pdf>
Package pdftex.def Info: pchem1_files/figure-latex/figk8-1.pdf  used on input line 7977.
(pdftex.def)             Requested size: 303.53339pt x 204.08722pt.


[229]

[230 <./pchem1_files/figure-latex/figk8-1.pdf>]
<./img/Rxn_coordinate_diagram_5.png, id=3237, 854.19125pt x 542.025pt>
File: ./img/Rxn_coordinate_diagram_5.png Graphic file (type png)
<use ./img/Rxn_coordinate_diagram_5.png>
Package pdftex.def Info: ./img/Rxn_coordinate_diagram_5.png  used on input line 7988.
(pdftex.def)             Requested size: 212.46547pt x 134.81944pt.


[231 <./img/Rxn_coordinate_diagram_5.png>]
Underfull \hbox (badness 2717) in paragraph at lines 8039--8040
[]\T1/lmr/m/n/9 Calculate the half-life of a first-order re-ac-tion with rate con-stant
 []



[232]

[233]

[234]

[235]

[236]

[237]

[238]
Chapter 15.

Overfull \hbox (2.95058pt too wide) in paragraph at lines 8400--8401
[]\T1/lmr/m/n/5 Substance:  
 []


Overfull \hbox (5.17339pt too wide) in paragraph at lines 8422--8422
[]|\T1/lmr/m/n/5 Ag$[]$CO$[]$(s)|  
 []


Overfull \hbox (1.38173pt too wide) in paragraph at lines 8423--8423
[]|\T1/lmr/m/n/5 AgNO$[]$(s)|  
 []


Overfull \hbox (5.4094pt too wide) in paragraph at lines 8437--8437
[]|\T1/lmr/m/n/5 Al(OH)$[]$(s)|  
 []


Overfull \hbox (12.50705pt too wide) in paragraph at lines 8438--8438
[]|\T1/lmr/m/n/5 Al(OH)$[]$$[]$(aq)|  
 []


Overfull \hbox (1.04138pt too wide) in paragraph at lines 8448--8448
[]|\T1/lmr/m/n/5 BaCO$[]$(s)|  
 []


Overfull \hbox (6.22197pt too wide) in paragraph at lines 8463--8463
[]|\T1/lmr/m/n/5 Be(OH)$[]$(s)|  
 []


Overfull \hbox (11.49239pt too wide) in paragraph at lines 8477--8477
[]|\T1/lmr/m/n/5 C(s,diamond)|  
 []


Overfull \hbox (10.72864pt too wide) in paragraph at lines 8478--8478
[]|\T1/lmr/m/n/5 C(s,graphite)|  
 []


Overfull \hbox (3.52054pt too wide) in paragraph at lines 8481--8481
[]|\T1/lmr/m/n/5 CCl$[]$F$[]$(g)|  
 []


Overfull \hbox (6.68704pt too wide) in paragraph at lines 8492--8492
[]|\T1/lmr/m/n/5 Ca(OH)$[]$(s)|  
 []


Overfull \hbox (18.10439pt too wide) in paragraph at lines 8496--8496
[]|\T1/lmr/m/n/5 CaCO$[]$(s,arag.)|  
 []


Overfull \hbox (16.71524pt too wide) in paragraph at lines 8497--8497
[]|\T1/lmr/m/n/5 CaCO$[]$(s,calc.)|  
 []


Overfull \hbox (1.50604pt too wide) in paragraph at lines 8507--8507
[]|\T1/lmr/m/n/5 CdCO$[]$(s)|  
 []


Overfull \hbox (4.96524pt too wide) in paragraph at lines 8575--8575
[]|\T1/lmr/m/n/5 H$[]$SO$[]$(aq)|  
 []


Overfull \hbox (0.74973pt too wide) in paragraph at lines 8577--8577
[]|\T1/lmr/m/n/5 H$[]$PO$[]$(l)|  
 []


Overfull \hbox (1.47871pt too wide) in paragraph at lines 8578--8578
[]|\T1/lmr/m/n/5 H$[]$PO$[]$(s)|  
 []


Overfull \hbox (2.21524pt too wide) in paragraph at lines 8591--8591
[]|\T1/lmr/m/n/5 HNO$[]$(aq)|  
 []


Overfull \hbox (2.71465pt too wide) in paragraph at lines 8599--8599
[]|\T1/lmr/m/n/5 HgS(s,red)|  
 []


Overfull \hbox (4.13173pt too wide) in paragraph at lines 8600--8600
[]|\T1/lmr/m/n/5 Hg$[]$SO$[]$(s)|  
 []


Overfull \hbox (2.04839pt too wide) in paragraph at lines 8602--8602
[]|\T1/lmr/m/n/5 Hg$[]$Cl$[]$(s)|  
 []


Overfull \hbox (2.62505pt too wide) in paragraph at lines 8604--8604
[]|\T1/lmr/m/n/5 Hg$[]$Br$[]$(s)|  
 []


Overfull \hbox (1.9439pt too wide) in paragraph at lines 8618--8618
[]|\T1/lmr/m/n/5 K$[]$CO$[]$(s)|  
 []


Overfull \hbox (0.90224pt too wide) in paragraph at lines 8621--8621
[]|\T1/lmr/m/n/5 K$[]$SO$[]$(s)|  
 []


Overfull \hbox (2.94374pt too wide) in paragraph at lines 8627--8627
[]|\T1/lmr/m/n/5 KMnO$[]$(s)|  
 []


Overfull \hbox (7.83989pt too wide) in paragraph at lines 8645--8645
[]|\T1/lmr/m/n/5 Mg(OH)$[]$(s)|  
 []


Overfull \hbox (1.27023pt too wide) in paragraph at lines 8647--8647
[]|\T1/lmr/m/n/5 MgSO$[]$(s)|  
 []


Overfull \hbox (6.00674pt too wide) in paragraph at lines 8655--8655
[]|\T1/lmr/m/n/5 MnO$[]$$[]$(aq)|  
 []


Overfull \hbox (2.71524pt too wide) in paragraph at lines 8668--8668
[]|\T1/lmr/m/n/5 NH$[]$$[]$(aq)|  
 []


Overfull \hbox (6.78473pt too wide) in paragraph at lines 8670--8670
[]|\T1/lmr/m/n/5 NH$[]$NO$[]$(s)|  
 []


Overfull \hbox (2.15274pt too wide) in paragraph at lines 8671--8671
[]|\T1/lmr/m/n/5 NH$[]$OH(l)|  
 []


Overfull \hbox (14.95139pt too wide) in paragraph at lines 8672--8672
[]|\T1/lmr/m/n/5 (NH$[]$)$[]$SO$[]$(s)|  
 []


Overfull \hbox (5.17339pt too wide) in paragraph at lines 8683--8683
[]|\T1/lmr/m/n/5 Na$[]$CO$[]$(s)|  
 []


Overfull \hbox (4.13173pt too wide) in paragraph at lines 8686--8686
[]|\T1/lmr/m/n/5 Na$[]$SO$[]$(s)|  
 []


Overfull \hbox (5.61824pt too wide) in paragraph at lines 8696--8696
[]|\T1/lmr/m/n/5 NaNO$[]$(aq)|  
 []


Overfull \hbox (1.38173pt too wide) in paragraph at lines 8697--8697
[]|\T1/lmr/m/n/5 NaNO$[]$(s)|  
 []


Overfull \hbox (5.4094pt too wide) in paragraph at lines 8705--8705
[]|\T1/lmr/m/n/5 Ni(OH)$[]$(s)|  
 []


Overfull \hbox (2.6243pt too wide) in paragraph at lines 8718--8718
[]|\T1/lmr/m/n/5 P(g,white)|  
 []


Overfull \hbox (1.27019pt too wide) in paragraph at lines 8719--8719
[]|\T1/lmr/m/n/5 P(s,black)|  
 []


Overfull \hbox (1.9643pt too wide) in paragraph at lines 8721--8721
[]|\T1/lmr/m/n/5 P(s,white)|  
 []


Overfull \hbox (1.21437pt too wide) in paragraph at lines 8733--8733
[]|\T1/lmr/m/n/5 PbCO$[]$(s)|  
 []


Overfull \hbox (17.58998pt too wide) in paragraph at lines 8734--8734
[]|\T1/lmr/m/n/5 PbO(s,litharge)|  
 []


Overfull \hbox (15.99231pt too wide) in paragraph at lines 8735--8735
[]|\T1/lmr/m/n/5 PbO(s,massic.)|  
 []


Overfull \hbox (14.88188pt too wide) in paragraph at lines 8737--8737
[]|\T1/lmr/m/n/5 Pb(NO$[]$)$[]$(aq)|  
 []


Overfull \hbox (10.64537pt too wide) in paragraph at lines 8738--8738
[]|\T1/lmr/m/n/5 Pb(NO$[]$)$[]$(s)|  
 []


Overfull \hbox (9.54802pt too wide) in paragraph at lines 8744--8744
[]|\T1/lmr/m/n/5 S(g,rhombic)|  
 []


Overfull \hbox (8.88802pt too wide) in paragraph at lines 8745--8745
[]|\T1/lmr/m/n/5 S(s,rhombic)|  
 []


Overfull \hbox (3.46524pt too wide) in paragraph at lines 8748--8748
[]|\T1/lmr/m/n/5 SO$[]$$[]$(aq)|  
 []


Overfull \hbox (1.52753pt too wide) in paragraph at lines 8750--8750
[]|\T1/lmr/m/n/5 Se(g,gray)|  
 []


Overfull \hbox (0.86752pt too wide) in paragraph at lines 8751--8751
[]|\T1/lmr/m/n/5 Se(s,gray)|  
 []


Overfull \hbox (7.32558pt too wide) in paragraph at lines 8754--8754
[]|\T1/lmr/m/n/5 SiC(s,cubic)|  
 []


Overfull \hbox (10.9025pt too wide) in paragraph at lines 8755--8755
[]|\T1/lmr/m/n/5 SiC(s,hexag.)|  
 []


Overfull \hbox (5.62431pt too wide) in paragraph at lines 8759--8759
[]|\T1/lmr/m/n/5 Sn(g,white)|  
 []


Overfull \hbox (1.56194pt too wide) in paragraph at lines 8760--8760
[]|\T1/lmr/m/n/5 Sn(s,gray)|  
 []


Overfull \hbox (4.96431pt too wide) in paragraph at lines 8761--8761
[]|\T1/lmr/m/n/5 Sn(s,white)|  
 []


Overfull \hbox (10.24272pt too wide) in paragraph at lines 8793--8793
[]|\T1/lmr/m/n/5 Zn(NO$[]$)$[]$(s)|  
 []


Overfull \hbox (16.18pt too wide) in paragraph at lines 8794--8794
[]|\T1/lmr/m/n/5 ZnS(s,sphaler.)|  
 []

[239


] [240] [241] [242] [243] [244] [245] [246] [247] [248]
Overfull \hbox (6.3922pt too wide) in paragraph at lines 8813--8814
[]\T1/lmr/m/n/5 Formula:  
 []


Overfull \hbox (0.96182pt too wide) in paragraph at lines 8833--8833
[]|\T1/lmr/m/n/5 CHBr$[]$|  
 []


Overfull \hbox (2.6215pt too wide) in paragraph at lines 8836--8836
[]|\T1/lmr/m/n/5 CH$[]$O$[]$|  
 []


Overfull \hbox (2.6215pt too wide) in paragraph at lines 8837--8837
[]|\T1/lmr/m/n/5 CH$[]$O$[]$|  
 []


Overfull \hbox (0.96182pt too wide) in paragraph at lines 8839--8839
[]|\T1/lmr/m/n/5 CH$[]$Br|  
 []


Overfull \hbox (2.26622pt too wide) in paragraph at lines 8839--8839
[]|\T1/lmr/m/n/5 Bromomethane(l)|  
 []


Overfull \hbox (0.96182pt too wide) in paragraph at lines 8840--8840
[]|\T1/lmr/m/n/5 CH$[]$Br|  
 []


Overfull \hbox (3.65521pt too wide) in paragraph at lines 8840--8840
[]|\T1/lmr/m/n/5 Bromomethane(g)|  
 []


Overfull \hbox (4.05089pt too wide) in paragraph at lines 8841--8841
[]|\T1/lmr/m/n/5 Chloromethane(g)|  
 []


Overfull \hbox (7.5245pt too wide) in paragraph at lines 8845--8845
[]|\T1/lmr/m/n/5 CH$[]$NO$[]$|  
 []


Overfull \hbox (7.0245pt too wide) in paragraph at lines 8846--8846
[]|\T1/lmr/m/n/5 CH$[]$NO2|  
 []


Overfull \hbox (6.0245pt too wide) in paragraph at lines 8854--8854
[]|\T1/lmr/m/n/5 C$[]$H4O$[]$|  
 []


Overfull \hbox (6.0245pt too wide) in paragraph at lines 8855--8855
[]|\T1/lmr/m/n/5 C$[]$H4O$[]$|  
 []


Overfull \hbox (4.86482pt too wide) in paragraph at lines 8856--8856
[]|\T1/lmr/m/n/5 C$[]$H$[]$Br|  
 []


Overfull \hbox (4.86482pt too wide) in paragraph at lines 8857--8857
[]|\T1/lmr/m/n/5 C$[]$H$[]$Br|  
 []


Overfull \hbox (4.28816pt too wide) in paragraph at lines 8858--8858
[]|\T1/lmr/m/n/5 C$[]$H$[]$Cl|  
 []


Overfull \hbox (4.28816pt too wide) in paragraph at lines 8859--8859
[]|\T1/lmr/m/n/5 C$[]$H$[]$Cl|  
 []


Overfull \hbox (10.9275pt too wide) in paragraph at lines 8860--8860
[]|\T1/lmr/m/n/5 C2H$[]$NO$[]$|  
 []


Overfull \hbox (10.9275pt too wide) in paragraph at lines 8861--8861
[]|\T1/lmr/m/n/5 C2H$[]$NO$[]$|  
 []


Overfull \hbox (2.6215pt too wide) in paragraph at lines 8863--8863
[]|\T1/lmr/m/n/5 C$[]$H$[]$O|  
 []


Overfull \hbox (2.6215pt too wide) in paragraph at lines 8864--8864
[]|\T1/lmr/m/n/5 C$[]$H$[]$O|  
 []


Overfull \hbox (2.6215pt too wide) in paragraph at lines 8865--8865
[]|\T1/lmr/m/n/5 C$[]$H$[]$O|  
 []


Overfull \hbox (8.43271pt too wide) in paragraph at lines 8865--8865
[]|\T1/lmr/m/n/5 Methoxymethane(l)|  
 []


Overfull \hbox (2.6215pt too wide) in paragraph at lines 8866--8866
[]|\T1/lmr/m/n/5 C$[]$H$[]$O|  
 []


Overfull \hbox (9.8217pt too wide) in paragraph at lines 8866--8866
[]|\T1/lmr/m/n/5 Methoxymethane(g)|  
 []


Overfull \hbox (2.3855pt too wide) in paragraph at lines 8867--8867
[]|\T1/lmr/m/n/5 C$[]$H$[]$N|  
 []


Overfull \hbox (2.3855pt too wide) in paragraph at lines 8868--8868
[]|\T1/lmr/m/n/5 C$[]$H$[]$N|  
 []


Overfull \hbox (2.6215pt too wide) in paragraph at lines 8874--8874
[]|\T1/lmr/m/n/5 C$[]$H$[]$O|  
 []


Overfull \hbox (2.6215pt too wide) in paragraph at lines 8875--8875
[]|\T1/lmr/m/n/5 C$[]$H$[]$O|  
 []


Overfull \hbox (6.5245pt too wide) in paragraph at lines 8876--8876
[]|\T1/lmr/m/n/5 C$[]$H$[]$O$[]$|  
 []


Overfull \hbox (6.5245pt too wide) in paragraph at lines 8877--8877
[]|\T1/lmr/m/n/5 C$[]$H$[]$O$[]$|  
 []


Overfull \hbox (2.6215pt too wide) in paragraph at lines 8880--8880
[]|\T1/lmr/m/n/5 C$[]$H$[]$O|  
 []


Overfull \hbox (2.6215pt too wide) in paragraph at lines 8881--8881
[]|\T1/lmr/m/n/5 C$[]$H$[]$O|  
 []


Overfull \hbox (2.6215pt too wide) in paragraph at lines 8882--8882
[]|\T1/lmr/m/n/5 C$[]$H$[]$O|  
 []


Overfull \hbox (2.6215pt too wide) in paragraph at lines 8883--8883
[]|\T1/lmr/m/n/5 C$[]$H$[]$O|  
 []


Overfull \hbox (2.3855pt too wide) in paragraph at lines 8884--8884
[]|\T1/lmr/m/n/5 C$[]$H$[]$N|  
 []


Overfull \hbox (6.5245pt too wide) in paragraph at lines 8895--8895
[]|\T1/lmr/m/n/5 C$[]$H$[]$O$[]$|  
 []


Overfull \hbox (6.5245pt too wide) in paragraph at lines 8896--8896
[]|\T1/lmr/m/n/5 C$[]$H$[]$O$[]$|  
 []


Overfull \hbox (0.8855pt too wide) in paragraph at lines 8897--8897
[]|\T1/lmr/m/n/5 C$[]$H$[]$|  
 []


Overfull \hbox (3.46762pt too wide) in paragraph at lines 8897--8897
\T1/lmr/m/n/5 Methylpropane(g)|  
 []


Overfull \hbox (0.8855pt too wide) in paragraph at lines 8898--8898
[]|\T1/lmr/m/n/5 C$[]$H$[]$|  
 []


Overfull \hbox (0.8855pt too wide) in paragraph at lines 8899--8899
[]|\T1/lmr/m/n/5 C$[]$H$[]$|  
 []


Overfull \hbox (6.0245pt too wide) in paragraph at lines 8900--8900
[]|\T1/lmr/m/n/5 C$[]$H$[]$O|  
 []


Overfull \hbox (6.0245pt too wide) in paragraph at lines 8901--8901
[]|\T1/lmr/m/n/5 C$[]$H$[]$O|  
 []


Overfull \hbox (6.0245pt too wide) in paragraph at lines 8902--8902
[]|\T1/lmr/m/n/5 C$[]$H$[]$O|  
 []


Overfull \hbox (6.0245pt too wide) in paragraph at lines 8903--8903
[]|\T1/lmr/m/n/5 C$[]$H$[]$O|  
 []


Overfull \hbox (0.8855pt too wide) in paragraph at lines 8908--8908
[]|\T1/lmr/m/n/5 C$[]$H$[]$|  
 []


Overfull \hbox (0.8855pt too wide) in paragraph at lines 8909--8909
[]|\T1/lmr/m/n/5 C$[]$H$[]$|  
 []


Overfull \hbox (0.8855pt too wide) in paragraph at lines 8910--8910
[]|\T1/lmr/m/n/5 C$[]$H$[]$|  
 []


Overfull \hbox (0.8855pt too wide) in paragraph at lines 8911--8911
[]|\T1/lmr/m/n/5 C$[]$H$[]$|  
 []


Overfull \hbox (0.8855pt too wide) in paragraph at lines 8912--8912
[]|\T1/lmr/m/n/5 C$[]$H$[]$|  
 []


Overfull \hbox (0.8855pt too wide) in paragraph at lines 8913--8913
[]|\T1/lmr/m/n/5 C$[]$H$[]$|  
 []


Overfull \hbox (9.9275pt too wide) in paragraph at lines 8914--8914
[]|\T1/lmr/m/n/5 C$[]$H$[]$O$[]$|  
 []


Overfull \hbox (9.9275pt too wide) in paragraph at lines 8915--8915
[]|\T1/lmr/m/n/5 C$[]$H$[]$O$[]$|  
 []


Overfull \hbox (0.8855pt too wide) in paragraph at lines 8916--8916
[]|\T1/lmr/m/n/5 C$[]$H$[]$|  
 []


Overfull \hbox (10.0441pt too wide) in paragraph at lines 8916--8916
\T1/lmr/m/n/5 Dimethylpropane(g)|  
 []


Overfull \hbox (0.8855pt too wide) in paragraph at lines 8917--8917
[]|\T1/lmr/m/n/5 C$[]$H$[]$|  
 []


Overfull \hbox (0.8855pt too wide) in paragraph at lines 8918--8918
[]|\T1/lmr/m/n/5 C$[]$H$[]$|  
 []


Overfull \hbox (0.8855pt too wide) in paragraph at lines 8919--8919
[]|\T1/lmr/m/n/5 C$[]$H$[]$|  
 []


Overfull \hbox (6.0245pt too wide) in paragraph at lines 8920--8920
[]|\T1/lmr/m/n/5 C$[]$H$[]$O|  
 []


Overfull \hbox (6.0245pt too wide) in paragraph at lines 8921--8921
[]|\T1/lmr/m/n/5 C$[]$H$[]$O|  
 []


Overfull \hbox (6.0245pt too wide) in paragraph at lines 8922--8922
[]|\T1/lmr/m/n/5 C$[]$H$[]$O|  
 []


Overfull \hbox (6.0245pt too wide) in paragraph at lines 8923--8923
[]|\T1/lmr/m/n/5 C$[]$H$[]$O|  
 []


Overfull \hbox (6.0245pt too wide) in paragraph at lines 8924--8924
[]|\T1/lmr/m/n/5 C$[]$H$[]$O|  
 []


Overfull \hbox (6.0245pt too wide) in paragraph at lines 8925--8925
[]|\T1/lmr/m/n/5 C$[]$H$[]$O|  
 []


Overfull \hbox (6.0245pt too wide) in paragraph at lines 8926--8926
[]|\T1/lmr/m/n/5 C$[]$H$[]$O|  
 []


Overfull \hbox (6.0245pt too wide) in paragraph at lines 8928--8928
[]|\T1/lmr/m/n/5 C$[]$H$[]$O|  
 []


Overfull \hbox (2.3855pt too wide) in paragraph at lines 8932--8932
[]|\T1/lmr/m/n/5 C$[]$H$[]$N|  
 []


Overfull \hbox (2.3855pt too wide) in paragraph at lines 8933--8933
[]|\T1/lmr/m/n/5 C$[]$H$[]$N|  
 []


Overfull \hbox (0.8855pt too wide) in paragraph at lines 8934--8934
[]|\T1/lmr/m/n/5 C$[]$H$[]$|  
 []


Overfull \hbox (0.8855pt too wide) in paragraph at lines 8935--8935
[]|\T1/lmr/m/n/5 C$[]$H$[]$|  
 []


Overfull \hbox (0.8855pt too wide) in paragraph at lines 8936--8936
[]|\T1/lmr/m/n/5 C$[]$H$[]$|  
 []


Overfull \hbox (0.8855pt too wide) in paragraph at lines 8937--8937
[]|\T1/lmr/m/n/5 C$[]$H$[]$|  
 []


Overfull \hbox (0.8855pt too wide) in paragraph at lines 8938--8938
[]|\T1/lmr/m/n/5 C$[]$H$[]$|  
 []


Overfull \hbox (0.8855pt too wide) in paragraph at lines 8939--8939
[]|\T1/lmr/m/n/5 C$[]$H$[]$|  
 []


Overfull \hbox (0.8855pt too wide) in paragraph at lines 8940--8940
[]|\T1/lmr/m/n/5 C$[]$H$[]$|  
 []


Overfull \hbox (0.8855pt too wide) in paragraph at lines 8941--8941
[]|\T1/lmr/m/n/5 C$[]$H$[]$|  
 []


Overfull \hbox (0.8855pt too wide) in paragraph at lines 8942--8942
[]|\T1/lmr/m/n/5 C$[]$H$[]$|  
 []


Overfull \hbox (0.8855pt too wide) in paragraph at lines 8943--8943
[]|\T1/lmr/m/n/5 C$[]$H$[]$|  
 []


Overfull \hbox (18.22488pt too wide) in paragraph at lines 8943--8943
[]|\T1/lmr/m/n/5 Methylcyclopentane(g)|  
 []


Overfull \hbox (0.8855pt too wide) in paragraph at lines 8944--8944
[]|\T1/lmr/m/n/5 C$[]$H$[]$|  
 []


Overfull \hbox (16.83589pt too wide) in paragraph at lines 8944--8944
[]|\T1/lmr/m/n/5 Methylcyclopentane(l)|  
 []


Overfull \hbox (9.9275pt too wide) in paragraph at lines 8945--8945
[]|\T1/lmr/m/n/5 C$[]$H$[]$O$[]$|  
 []


Overfull \hbox (9.9275pt too wide) in paragraph at lines 8946--8946
[]|\T1/lmr/m/n/5 C$[]$H$[]$O$[]$|  
 []


Overfull \hbox (0.8855pt too wide) in paragraph at lines 8947--8947
[]|\T1/lmr/m/n/5 C$[]$H$[]$|  
 []


Overfull \hbox (6.6411pt too wide) in paragraph at lines 8947--8947
\T1/lmr/m/n/5 Dimethylbutane(g)|  
 []


Overfull \hbox (0.8855pt too wide) in paragraph at lines 8948--8948
[]|\T1/lmr/m/n/5 C$[]$H$[]$|  
 []


Overfull \hbox (5.2521pt too wide) in paragraph at lines 8948--8948
\T1/lmr/m/n/5 Dimethylbutane(l)|  
 []


Overfull \hbox (0.8855pt too wide) in paragraph at lines 8949--8949
[]|\T1/lmr/m/n/5 C$[]$H$[]$|  
 []


Overfull \hbox (3.1202pt too wide) in paragraph at lines 8949--8949
\T1/lmr/m/n/5 Methylpentane(g)|  
 []


Overfull \hbox (0.8855pt too wide) in paragraph at lines 8950--8950
[]|\T1/lmr/m/n/5 C$[]$H$[]$|  
 []


Overfull \hbox (1.7312pt too wide) in paragraph at lines 8950--8950
\T1/lmr/m/n/5 Methylpentane(l)|  
 []


Overfull \hbox (0.8855pt too wide) in paragraph at lines 8951--8951
[]|\T1/lmr/m/n/5 C$[]$H$[]$|  
 []


Overfull \hbox (3.1202pt too wide) in paragraph at lines 8951--8951
\T1/lmr/m/n/5 Methylpentane(g)|  
 []


Overfull \hbox (0.8855pt too wide) in paragraph at lines 8952--8952
[]|\T1/lmr/m/n/5 C$[]$H$[]$|  
 []


Overfull \hbox (1.7312pt too wide) in paragraph at lines 8952--8952
\T1/lmr/m/n/5 Methylpentane(l)|  
 []


Overfull \hbox (0.8855pt too wide) in paragraph at lines 8953--8953
[]|\T1/lmr/m/n/5 C$[]$H$[]$|  
 []


Overfull \hbox (0.8855pt too wide) in paragraph at lines 8954--8954
[]|\T1/lmr/m/n/5 C$[]$H$[]$|  
 []


Overfull \hbox (6.0245pt too wide) in paragraph at lines 8955--8955
[]|\T1/lmr/m/n/5 C$[]$H$[]$O|  
 []


Overfull \hbox (6.0245pt too wide) in paragraph at lines 8956--8956
[]|\T1/lmr/m/n/5 C$[]$H$[]$O|  
 []


Overfull \hbox (6.0245pt too wide) in paragraph at lines 8957--8957
[]|\T1/lmr/m/n/5 C$[]$H$[]$O|  
 []


Overfull \hbox (6.0245pt too wide) in paragraph at lines 8958--8958
[]|\T1/lmr/m/n/5 C$[]$H$[]$O|  
 []


Overfull \hbox (2.6215pt too wide) in paragraph at lines 8959--8959
[]|\T1/lmr/m/n/5 C$[]$H$[]$O|  
 []


Overfull \hbox (2.6215pt too wide) in paragraph at lines 8960--8960
[]|\T1/lmr/m/n/5 C$[]$H$[]$O|  
 []


Overfull \hbox (1.90468pt too wide) in paragraph at lines 8961--8961
[]|\T1/lmr/m/n/5 Methylbenzene(l)|  
 []


Overfull \hbox (3.29367pt too wide) in paragraph at lines 8962--8962
[]|\T1/lmr/m/n/5 Methylbenzene(g)|  
 []


Overfull \hbox (0.8855pt too wide) in paragraph at lines 8963--8963
[]|\T1/lmr/m/n/5 C$[]$H$[]$|  
 []


Overfull \hbox (0.8855pt too wide) in paragraph at lines 8964--8964
[]|\T1/lmr/m/n/5 C$[]$H$[]$|  
 []


Overfull \hbox (0.8855pt too wide) in paragraph at lines 8965--8965
[]|\T1/lmr/m/n/5 C$[]$H$[]$|  
 []


Overfull \hbox (0.8855pt too wide) in paragraph at lines 8966--8966
[]|\T1/lmr/m/n/5 C$[]$H$[]$|  
 []


Overfull \hbox (0.8855pt too wide) in paragraph at lines 8967--8967
[]|\T1/lmr/m/n/5 C$[]$H$[]$|  
 []


Overfull \hbox (12.33578pt too wide) in paragraph at lines 8967--8967
[]|\T1/lmr/m/n/5 Ethylcyclopentane(l)|  
 []


Overfull \hbox (0.8855pt too wide) in paragraph at lines 8968--8968
[]|\T1/lmr/m/n/5 C$[]$H$[]$|  
 []


Overfull \hbox (13.72478pt too wide) in paragraph at lines 8968--8968
[]|\T1/lmr/m/n/5 Ethylcyclopentane(g)|  
 []


Overfull \hbox (0.8855pt too wide) in paragraph at lines 8969--8969
[]|\T1/lmr/m/n/5 C$[]$H$[]$|  
 []


Overfull \hbox (15.34308pt too wide) in paragraph at lines 8969--8969
[]|\T1/lmr/m/n/5 Methylcyclohexane(g)|  
 []


Overfull \hbox (0.8855pt too wide) in paragraph at lines 8970--8970
[]|\T1/lmr/m/n/5 C$[]$H$[]$|  
 []


Overfull \hbox (13.95409pt too wide) in paragraph at lines 8970--8970
[]|\T1/lmr/m/n/5 Methylcyclohexane(l)|  
 []


Overfull \hbox (9.9275pt too wide) in paragraph at lines 8971--8971
[]|\T1/lmr/m/n/5 C$[]$H$[]$O$[]$|  
 []


Overfull \hbox (9.9275pt too wide) in paragraph at lines 8972--8972
[]|\T1/lmr/m/n/5 C$[]$H$[]$O$[]$|  
 []


Overfull \hbox (0.8855pt too wide) in paragraph at lines 8973--8973
[]|\T1/lmr/m/n/5 C$[]$H$[]$|  
 []


Overfull \hbox (9.69667pt too wide) in paragraph at lines 8973--8973
\T1/lmr/m/n/5 Dimethylpentane(g)|  
 []


Overfull \hbox (0.8855pt too wide) in paragraph at lines 8974--8974
[]|\T1/lmr/m/n/5 C$[]$H$[]$|  
 []


Overfull \hbox (8.30768pt too wide) in paragraph at lines 8974--8974
\T1/lmr/m/n/5 Dimethylpentane(l)|  
 []


Overfull \hbox (0.8855pt too wide) in paragraph at lines 8975--8975
[]|\T1/lmr/m/n/5 C$[]$H$[]$|  
 []


Overfull \hbox (0.8855pt too wide) in paragraph at lines 8976--8976
[]|\T1/lmr/m/n/5 C$[]$H$[]$|  
 []


Overfull \hbox (0.8855pt too wide) in paragraph at lines 8977--8977
[]|\T1/lmr/m/n/5 C$[]$H$[]$|  
 []


Overfull \hbox (0.8855pt too wide) in paragraph at lines 8978--8978
[]|\T1/lmr/m/n/5 C$[]$H$[]$|  
 []


Overfull \hbox (0.8855pt too wide) in paragraph at lines 8979--8979
[]|\T1/lmr/m/n/5 C$[]$H$[]$|  
 []


Overfull \hbox (0.8855pt too wide) in paragraph at lines 8980--8980
[]|\T1/lmr/m/n/5 C$[]$H$[]$|  
 []


Overfull \hbox (6.0245pt too wide) in paragraph at lines 8981--8981
[]|\T1/lmr/m/n/5 C$[]$H$[]$O|  
 []


Overfull \hbox (6.0245pt too wide) in paragraph at lines 8982--8982
[]|\T1/lmr/m/n/5 C$[]$H$[]$O|  
 []


Overfull \hbox (0.8855pt too wide) in paragraph at lines 8983--8983
[]|\T1/lmr/m/n/5 C$[]$H$[]$|  
 []


Overfull \hbox (0.8855pt too wide) in paragraph at lines 8984--8984
[]|\T1/lmr/m/n/5 C$[]$H$[]$|  
 []


Overfull \hbox (0.8855pt too wide) in paragraph at lines 8985--8985
[]|\T1/lmr/m/n/5 C$[]$H$[]$|  
 []


Overfull \hbox (0.8855pt too wide) in paragraph at lines 8986--8986
[]|\T1/lmr/m/n/5 C$[]$H$[]$|  
 []


Overfull \hbox (0.8855pt too wide) in paragraph at lines 8987--8987
[]|\T1/lmr/m/n/5 C$[]$H$[]$|  
 []


Overfull \hbox (0.8855pt too wide) in paragraph at lines 8988--8988
[]|\T1/lmr/m/n/5 C$[]$H$[]$|  
 []


Overfull \hbox (0.8855pt too wide) in paragraph at lines 8989--8989
[]|\T1/lmr/m/n/5 C$[]$H$[]$|  
 []


Overfull \hbox (9.45398pt too wide) in paragraph at lines 8989--8989
[]|\T1/lmr/m/n/5 Ethylcyclohexane(l)|  
 []


Overfull \hbox (0.8855pt too wide) in paragraph at lines 8990--8990
[]|\T1/lmr/m/n/5 C$[]$H$[]$|  
 []


Overfull \hbox (10.84297pt too wide) in paragraph at lines 8990--8990
[]|\T1/lmr/m/n/5 Ethylcyclohexane(g)|  
 []


Overfull \hbox (9.9275pt too wide) in paragraph at lines 8991--8991
[]|\T1/lmr/m/n/5 C$[]$H$[]$O$[]$|  
 []


Overfull \hbox (9.9275pt too wide) in paragraph at lines 8992--8992
[]|\T1/lmr/m/n/5 C$[]$H$[]$O$[]$|  
 []


Overfull \hbox (0.8855pt too wide) in paragraph at lines 8993--8993
[]|\T1/lmr/m/n/5 C$[]$H$[]$|  
 []


Overfull \hbox (3.12021pt too wide) in paragraph at lines 8993--8993
\T1/lmr/m/n/5 Methylheptane(g)|  
 []


Overfull \hbox (0.8855pt too wide) in paragraph at lines 8994--8994
[]|\T1/lmr/m/n/5 C$[]$H$[]$|  
 []


Overfull \hbox (1.73122pt too wide) in paragraph at lines 8994--8994
\T1/lmr/m/n/5 Methylheptane(l)|  
 []


Overfull \hbox (0.8855pt too wide) in paragraph at lines 8995--8995
[]|\T1/lmr/m/n/5 C$[]$H$[]$|  
 []


Overfull \hbox (3.12021pt too wide) in paragraph at lines 8995--8995
\T1/lmr/m/n/5 Methylheptane(g)|  
 []


Overfull \hbox (0.8855pt too wide) in paragraph at lines 8996--8996
[]|\T1/lmr/m/n/5 C$[]$H$[]$|  
 []


Overfull \hbox (1.73122pt too wide) in paragraph at lines 8996--8996
\T1/lmr/m/n/5 Methylheptane(l)|  
 []


Overfull \hbox (0.8855pt too wide) in paragraph at lines 8997--8997
[]|\T1/lmr/m/n/5 C$[]$H$[]$|  
 []


Overfull \hbox (0.8855pt too wide) in paragraph at lines 8998--8998
[]|\T1/lmr/m/n/5 C$[]$H$[]$|  
 []


Overfull \hbox (6.0245pt too wide) in paragraph at lines 8999--8999
[]|\T1/lmr/m/n/5 C$[]$H$[]$O|  
 []


Overfull \hbox (6.0245pt too wide) in paragraph at lines 9000--9000
[]|\T1/lmr/m/n/5 C$[]$H$[]$O|  
 []


Overfull \hbox (0.8855pt too wide) in paragraph at lines 9001--9001
[]|\T1/lmr/m/n/5 C$[]$H$[]$|  
 []


Overfull \hbox (6.81487pt too wide) in paragraph at lines 9001--9001
\T1/lmr/m/n/5 Dimethylhexane(g)|  
 []


Overfull \hbox (0.8855pt too wide) in paragraph at lines 9002--9002
[]|\T1/lmr/m/n/5 C$[]$H$[]$|  
 []


Overfull \hbox (5.42587pt too wide) in paragraph at lines 9002--9002
\T1/lmr/m/n/5 Dimethylhexane(l)|  
 []


Overfull \hbox (0.8855pt too wide) in paragraph at lines 9003--9003
[]|\T1/lmr/m/n/5 C$[]$H$[]$|  
 []


Overfull \hbox (14.24597pt too wide) in paragraph at lines 9003--9003
[]|\T1/lmr/m/n/5 Propylcyclohexane(g)|  
 []


Overfull \hbox (0.8855pt too wide) in paragraph at lines 9004--9004
[]|\T1/lmr/m/n/5 C$[]$H$[]$|  
 []


Overfull \hbox (2.19656pt too wide) in paragraph at lines 9004--9004
[]|\T1/lmr/m/n/5 Propylbenzene(g)|  
 []


Overfull \hbox (0.8855pt too wide) in paragraph at lines 9005--9005
[]|\T1/lmr/m/n/5 C$[]$H$[]$|  
 []


Overfull \hbox (0.8855pt too wide) in paragraph at lines 9006--9006
[]|\T1/lmr/m/n/5 C$[]$H$[]$|  
 []


Overfull \hbox (9.9275pt too wide) in paragraph at lines 9007--9007
[]|\T1/lmr/m/n/5 C$[]$H$[]$O$[]$|  
 []


Overfull \hbox (9.9275pt too wide) in paragraph at lines 9008--9008
[]|\T1/lmr/m/n/5 C$[]$H$[]$O$[]$|  
 []


Overfull \hbox (0.8855pt too wide) in paragraph at lines 9009--9009
[]|\T1/lmr/m/n/5 C$[]$H$[]$|  
 []


Overfull \hbox (9.69669pt too wide) in paragraph at lines 9009--9009
\T1/lmr/m/n/5 Dimethylheptane(g)|  
 []


Overfull \hbox (0.8855pt too wide) in paragraph at lines 9010--9010
[]|\T1/lmr/m/n/5 C$[]$H$[]$|  
 []


Overfull \hbox (8.3077pt too wide) in paragraph at lines 9010--9010
\T1/lmr/m/n/5 Dimethylheptane(l)|  
 []


Overfull \hbox (0.8855pt too wide) in paragraph at lines 9011--9011
[]|\T1/lmr/m/n/5 C$[]$H$[]$|  
 []


Overfull \hbox (0.8855pt too wide) in paragraph at lines 9012--9012
[]|\T1/lmr/m/n/5 C$[]$H$[]$|  
 []


Overfull \hbox (6.0245pt too wide) in paragraph at lines 9013--9013
[]|\T1/lmr/m/n/5 C$[]$H$[]$O|  
 []


Overfull \hbox (6.0245pt too wide) in paragraph at lines 9014--9014
[]|\T1/lmr/m/n/5 C$[]$H$[]$O|  
 []


Overfull \hbox (0.8855pt too wide) in paragraph at lines 9015--9015
[]|\T1/lmr/m/n/5 C$[]$H$[]$|  
 []


Overfull \hbox (4.2885pt too wide) in paragraph at lines 9016--9016
[]|\T1/lmr/m/n/5 C$[]$H$[]$|  
 []


Overfull \hbox (4.2885pt too wide) in paragraph at lines 9017--9017
[]|\T1/lmr/m/n/5 C$[]$H$[]$|  
 []


Overfull \hbox (4.2885pt too wide) in paragraph at lines 9018--9018
[]|\T1/lmr/m/n/5 C$[]$H$[]$|  
 []


Overfull \hbox (4.2885pt too wide) in paragraph at lines 9019--9019
[]|\T1/lmr/m/n/5 C$[]$H$[]$|  
 []


Overfull \hbox (4.2885pt too wide) in paragraph at lines 9020--9020
[]|\T1/lmr/m/n/5 C$[]$H$[]$|  
 []


Overfull \hbox (9.62799pt too wide) in paragraph at lines 9020--9020
[]|\T1/lmr/m/n/5 Butylcyclohexane(l)|  
 []


Overfull \hbox (4.2885pt too wide) in paragraph at lines 9021--9021
[]|\T1/lmr/m/n/5 C$[]$H$[]$|  
 []


Overfull \hbox (11.01698pt too wide) in paragraph at lines 9021--9021
[]|\T1/lmr/m/n/5 Butylcyclohexane(g)|  
 []


Overfull \hbox (13.3305pt too wide) in paragraph at lines 9022--9022
[]|\T1/lmr/m/n/5 C$[]$H$[]$O$[]$|  
 []


Overfull \hbox (13.3305pt too wide) in paragraph at lines 9023--9023
[]|\T1/lmr/m/n/5 C$[]$H$[]$O$[]$|  
 []


Overfull \hbox (13.3305pt too wide) in paragraph at lines 9024--9024
[]|\T1/lmr/m/n/5 C$[]$H$[]$O$[]$|  
 []


Overfull \hbox (4.2885pt too wide) in paragraph at lines 9025--9025
[]|\T1/lmr/m/n/5 C$[]$H$[]$|  
 []


Overfull \hbox (0.7593pt too wide) in paragraph at lines 9025--9025
\T1/lmr/m/n/5 Methylnonane(g)|  
 []


Overfull \hbox (4.2885pt too wide) in paragraph at lines 9026--9026
[]|\T1/lmr/m/n/5 C$[]$H$[]$|  
 []


Overfull \hbox (4.2885pt too wide) in paragraph at lines 9027--9027
[]|\T1/lmr/m/n/5 C$[]$H$[]$|  
 []


Overfull \hbox (4.2885pt too wide) in paragraph at lines 9028--9028
[]|\T1/lmr/m/n/5 C$[]$H$[]$|  
 []


Overfull \hbox (9.4275pt too wide) in paragraph at lines 9029--9029
[]|\T1/lmr/m/n/5 C$[]$H$[]$O|  
 []


Overfull \hbox (9.4275pt too wide) in paragraph at lines 9030--9030
[]|\T1/lmr/m/n/5 C$[]$H$[]$O|  
 []


Overfull \hbox (4.2885pt too wide) in paragraph at lines 9031--9031
[]|\T1/lmr/m/n/5 C$[]$H$[]$|  
 []


Overfull \hbox (14.4746pt too wide) in paragraph at lines 9031--9031
\T1/lmr/m/n/5 Methylnaphthalene(l)|  
 []


Overfull \hbox (4.2885pt too wide) in paragraph at lines 9032--9032
[]|\T1/lmr/m/n/5 C$[]$H$[]$|  
 []


Overfull \hbox (15.20358pt too wide) in paragraph at lines 9032--9032
\T1/lmr/m/n/5 Methylnaphthalene(s)|  
 []


Overfull \hbox (4.2885pt too wide) in paragraph at lines 9033--9033
[]|\T1/lmr/m/n/5 C$[]$H$[]$|  
 []


Overfull \hbox (15.86359pt too wide) in paragraph at lines 9033--9033
\T1/lmr/m/n/5 Methylnaphthalene(g)|  
 []


Overfull \hbox (4.2885pt too wide) in paragraph at lines 9034--9034
[]|\T1/lmr/m/n/5 C$[]$H$[]$|  
 []


Overfull \hbox (4.2885pt too wide) in paragraph at lines 9035--9035
[]|\T1/lmr/m/n/5 C$[]$H$[]$|  
 []


Overfull \hbox (4.2885pt too wide) in paragraph at lines 9036--9036
[]|\T1/lmr/m/n/5 C$[]$H$[]$|  
 []


Overfull \hbox (9.4275pt too wide) in paragraph at lines 9037--9037
[]|\T1/lmr/m/n/5 C$[]$H$[]$O|  
 []


Overfull \hbox (4.2885pt too wide) in paragraph at lines 9038--9038
[]|\T1/lmr/m/n/5 C$[]$H$[]$|  
 []


Overfull \hbox (4.2885pt too wide) in paragraph at lines 9039--9039
[]|\T1/lmr/m/n/5 C$[]$H$[]$|  
 []


Overfull \hbox (13.3305pt too wide) in paragraph at lines 9040--9040
[]|\T1/lmr/m/n/5 C$[]$H$[]$O$[]$|  
 []


Overfull \hbox (13.3305pt too wide) in paragraph at lines 9041--9041
[]|\T1/lmr/m/n/5 C$[]$H$[]$O$[]$|  
 []


Overfull \hbox (13.3305pt too wide) in paragraph at lines 9042--9042
[]|\T1/lmr/m/n/5 C$[]$H$[]$O$[]$|  
 []


Overfull \hbox (4.2885pt too wide) in paragraph at lines 9043--9043
[]|\T1/lmr/m/n/5 C$[]$H$[]$|  
 []


Overfull \hbox (4.2885pt too wide) in paragraph at lines 9044--9044
[]|\T1/lmr/m/n/5 C$[]$H$[]$|  
 []


Overfull \hbox (9.4275pt too wide) in paragraph at lines 9045--9045
[]|\T1/lmr/m/n/5 C$[]$H$[]$O|  
 []


Overfull \hbox (9.4275pt too wide) in paragraph at lines 9046--9046
[]|\T1/lmr/m/n/5 C$[]$H$[]$O|  
 []


Overfull \hbox (4.2885pt too wide) in paragraph at lines 9047--9047
[]|\T1/lmr/m/n/5 C$[]$H$[]$|  
 []


Overfull \hbox (4.2885pt too wide) in paragraph at lines 9048--9048
[]|\T1/lmr/m/n/5 C$[]$H$[]$|  
 []


Overfull \hbox (4.2885pt too wide) in paragraph at lines 9049--9049
[]|\T1/lmr/m/n/5 C$[]$H$[]$|  
 []


Overfull \hbox (12.68326pt too wide) in paragraph at lines 9049--9049
[]|\T1/lmr/m/n/5 Decylcyclopentane(l)|  
 []


Overfull \hbox (4.2885pt too wide) in paragraph at lines 9050--9050
[]|\T1/lmr/m/n/5 C$[]$H$[]$|  
 []


Overfull \hbox (4.2885pt too wide) in paragraph at lines 9051--9051
[]|\T1/lmr/m/n/5 C$[]$H$[]$|  
 []


Overfull \hbox (4.2885pt too wide) in paragraph at lines 9052--9052
[]|\T1/lmr/m/n/5 C$[]$H$[]$|  
 []


Overfull \hbox (4.2885pt too wide) in paragraph at lines 9053--9053
[]|\T1/lmr/m/n/5 C$[]$H$[]$|  
 []


Overfull \hbox (13.3305pt too wide) in paragraph at lines 9054--9054
[]|\T1/lmr/m/n/5 C$[]$H$[]$O$[]$|  
 []


Overfull \hbox (13.3305pt too wide) in paragraph at lines 9055--9055
[]|\T1/lmr/m/n/5 C$[]$H$[]$O$[]$|  
 []


Overfull \hbox (13.3305pt too wide) in paragraph at lines 9056--9056
[]|\T1/lmr/m/n/5 C$[]$H$[]$O$[]$|  
 []


Overfull \hbox (4.2885pt too wide) in paragraph at lines 9057--9057
[]|\T1/lmr/m/n/5 C$[]$H$[]$|  
 []


Overfull \hbox (4.2885pt too wide) in paragraph at lines 9058--9058
[]|\T1/lmr/m/n/5 C$[]$H$[]$|  
 []


Overfull \hbox (4.2885pt too wide) in paragraph at lines 9059--9059
[]|\T1/lmr/m/n/5 C$[]$H$[]$|  
 []


Overfull \hbox (4.2885pt too wide) in paragraph at lines 9060--9060
[]|\T1/lmr/m/n/5 C$[]$H$[]$|  
 []

[249] [250] [251] [252] [253] [254] [255]

[256] (./pchem1.aux)
 ***********
LaTeX2e <2024-06-01> patch level 2
L3 programming layer <2024-08-30>
 ***********
 ) 
Here is how much of TeX's memory you used:
 17060 strings out of 475539
 280137 string characters out of 5776837
 918836 words of memory out of 5000000
 37775 multiletter control sequences out of 15000+600000
 665966 words of font info for 102 fonts, out of 8000000 for 9000
 14 hyphenation exceptions out of 8191
 89i,19n,100p,2440b,736s stack positions out of 10000i,1000n,20000p,200000b,200000s
</Users/peve/Library/TinyTeX/texmf-dist/fonts/type1/public/lm/lmbx10.pfb></Users/peve/Library/TinyTeX/texmf-dist/fonts/type1/public/lm/lmbx12.pfb></Users/peve/Library/TinyTeX/texmf-dist/fonts/type1/public/lm/lmbx5.pfb></Users/peve/Library/TinyTeX/texmf-dist/fonts/type1/public/lm/lmbx6.pfb></Users/peve/Library/TinyTeX/texmf-dist/fonts/type1/public/lm/lmbx7.pfb></Users/peve/Library/TinyTeX/texmf-dist/fonts/type1/public/lm/lmbx8.pfb></Users/peve/Library/TinyTeX/texmf-dist/fonts/type1/public/lm/lmbx9.pfb></Users/peve/Library/TinyTeX/texmf-dist/fonts/type1/public/lm/lmbxi10.pfb></Users/peve/Library/TinyTeX/texmf-dist/fonts/type1/public/lm/lmex10.pfb></Users/peve/Library/TinyTeX/texmf-dist/fonts/type1/public/lm/lmmi10.pfb></Users/peve/Library/TinyTeX/texmf-dist/fonts/type1/public/lm/lmmi5.pfb></Users/peve/Library/TinyTeX/texmf-dist/fonts/type1/public/lm/lmmi6.pfb></Users/peve/Library/TinyTeX/texmf-dist/fonts/type1/public/lm/lmmi7.pfb></Users/peve/Library/TinyTeX/texmf-dist/fonts/type1/public/lm/lmmi9.pfb></Users/peve/Library/TinyTeX/texmf-dist/fonts/type1/public/lm/lmr10.pfb></Users/peve/Library/TinyTeX/texmf-dist/fonts/type1/public/lm/lmr5.pfb></Users/peve/Library/TinyTeX/texmf-dist/fonts/type1/public/lm/lmr6.pfb></Users/peve/Library/TinyTeX/texmf-dist/fonts/type1/public/lm/lmr7.pfb></Users/peve/Library/TinyTeX/texmf-dist/fonts/type1/public/lm/lmr8.pfb></Users/peve/Library/TinyTeX/texmf-dist/fonts/type1/public/lm/lmr9.pfb></Users/peve/Library/TinyTeX/texmf-dist/fonts/type1/public/lm/lmri7.pfb></Users/peve/Library/TinyTeX/texmf-dist/fonts/type1/public/lm/lmri9.pfb></Users/peve/Library/TinyTeX/texmf-dist/fonts/type1/public/lm/lmro8.pfb></Users/peve/Library/TinyTeX/texmf-dist/fonts/type1/public/lm/lmro9.pfb></Users/peve/Library/TinyTeX/texmf-dist/fonts/type1/public/lm/lmsy10.pfb></Users/peve/Library/TinyTeX/texmf-dist/fonts/type1/public/lm/lmsy5.pfb></Users/peve/Library/TinyTeX/texmf-dist/fonts/type1/public/lm/lmsy6.pfb></Users/peve/Library/TinyTeX/texmf-dist/fonts/type1/public/lm/lmsy7.pfb></Users/peve/Library/TinyTeX/texmf-dist/fonts/type1/public/lm/lmsy9.pfb></Users/peve/Library/TinyTeX/texmf-dist/fonts/type1/public/amsfonts/symbols/msam10.pfb>
Output written on pchem1.pdf (268 pages, 8676960 bytes).
PDF statistics:
 4176 PDF objects out of 4296 (max. 8388607)
 3672 compressed objects within 37 object streams
 1664 named destinations out of 1728 (max. 500000)
 1017 words of extra memory for PDF output out of 10000 (max. 10000000)

