This is pdfTeX, Version 3.14159265-2.6-1.40.21 (TeX Live 2020) (preloaded format=pdflatex 2020.8.8)  9 AUG 2020 22:59
entering extended mode
 restricted \write18 enabled.
 %&-line parsing enabled.
**pchem1.tex
(./pchem1.tex
LaTeX2e <2020-02-02> patch level 5
L3 programming layer <2020-08-07> (/Users/peve/Library/TinyTeX/texmf-dist/tex/l
atex/base/book.cls
Document Class: book 2019/12/20 v1.4l Standard LaTeX document class
(/Users/peve/Library/TinyTeX/texmf-dist/tex/latex/base/bk10.clo
File: bk10.clo 2019/12/20 v1.4l Standard LaTeX file (size option)
)
\c@part=\count168
\c@chapter=\count169
\c@section=\count170
\c@subsection=\count171
\c@subsubsection=\count172
\c@paragraph=\count173
\c@subparagraph=\count174
\c@figure=\count175
\c@table=\count176
\abovecaptionskip=\skip47
\belowcaptionskip=\skip48
\bibindent=\dimen134
) (/Users/peve/Library/TinyTeX/texmf-dist/tex/latex/lm/lmodern.sty
Package: lmodern 2009/10/30 v1.6 Latin Modern Fonts
LaTeX Font Info:    Overwriting symbol font `operators' in version `normal'
(Font)                  OT1/cmr/m/n --> OT1/lmr/m/n on input line 22.
LaTeX Font Info:    Overwriting symbol font `letters' in version `normal'
(Font)                  OML/cmm/m/it --> OML/lmm/m/it on input line 23.
LaTeX Font Info:    Overwriting symbol font `symbols' in version `normal'
(Font)                  OMS/cmsy/m/n --> OMS/lmsy/m/n on input line 24.
LaTeX Font Info:    Overwriting symbol font `largesymbols' in version `normal'
(Font)                  OMX/cmex/m/n --> OMX/lmex/m/n on input line 25.
LaTeX Font Info:    Overwriting symbol font `operators' in version `bold'
(Font)                  OT1/cmr/bx/n --> OT1/lmr/bx/n on input line 26.
LaTeX Font Info:    Overwriting symbol font `letters' in version `bold'
(Font)                  OML/cmm/b/it --> OML/lmm/b/it on input line 27.
LaTeX Font Info:    Overwriting symbol font `symbols' in version `bold'
(Font)                  OMS/cmsy/b/n --> OMS/lmsy/b/n on input line 28.
LaTeX Font Info:    Overwriting symbol font `largesymbols' in version `bold'
(Font)                  OMX/cmex/m/n --> OMX/lmex/m/n on input line 29.
LaTeX Font Info:    Overwriting math alphabet `\mathbf' in version `normal'
(Font)                  OT1/cmr/bx/n --> OT1/lmr/bx/n on input line 31.
LaTeX Font Info:    Overwriting math alphabet `\mathsf' in version `normal'
(Font)                  OT1/cmss/m/n --> OT1/lmss/m/n on input line 32.
LaTeX Font Info:    Overwriting math alphabet `\mathit' in version `normal'
(Font)                  OT1/cmr/m/it --> OT1/lmr/m/it on input line 33.
LaTeX Font Info:    Overwriting math alphabet `\mathtt' in version `normal'
(Font)                  OT1/cmtt/m/n --> OT1/lmtt/m/n on input line 34.
LaTeX Font Info:    Overwriting math alphabet `\mathbf' in version `bold'
(Font)                  OT1/cmr/bx/n --> OT1/lmr/bx/n on input line 35.
LaTeX Font Info:    Overwriting math alphabet `\mathsf' in version `bold'
(Font)                  OT1/cmss/bx/n --> OT1/lmss/bx/n on input line 36.
LaTeX Font Info:    Overwriting math alphabet `\mathit' in version `bold'
(Font)                  OT1/cmr/bx/it --> OT1/lmr/bx/it on input line 37.
LaTeX Font Info:    Overwriting math alphabet `\mathtt' in version `bold'
(Font)                  OT1/cmtt/m/n --> OT1/lmtt/m/n on input line 38.
) (/Users/peve/Library/TinyTeX/texmf-dist/tex/latex/amsfonts/amssymb.sty
Package: amssymb 2013/01/14 v3.01 AMS font symbols
(/Users/peve/Library/TinyTeX/texmf-dist/tex/latex/amsfonts/amsfonts.sty
Package: amsfonts 2013/01/14 v3.01 Basic AMSFonts support
\@emptytoks=\toks15
\symAMSa=\mathgroup4
\symAMSb=\mathgroup5
LaTeX Font Info:    Redeclaring math symbol \hbar on input line 98.
LaTeX Font Info:    Overwriting math alphabet `\mathfrak' in version `bold'
(Font)                  U/euf/m/n --> U/euf/b/n on input line 106.
)) (/Users/peve/Library/TinyTeX/texmf-dist/tex/latex/amsmath/amsmath.sty
Package: amsmath 2020/01/20 v2.17e AMS math features
\@mathmargin=\skip49
For additional information on amsmath, use the `?' option.
(/Users/peve/Library/TinyTeX/texmf-dist/tex/latex/amsmath/amstext.sty
Package: amstext 2000/06/29 v2.01 AMS text
(/Users/peve/Library/TinyTeX/texmf-dist/tex/latex/amsmath/amsgen.sty
File: amsgen.sty 1999/11/30 v2.0 generic functions
\@emptytoks=\toks16
\ex@=\dimen135
)) (/Users/peve/Library/TinyTeX/texmf-dist/tex/latex/amsmath/amsbsy.sty
Package: amsbsy 1999/11/29 v1.2d Bold Symbols
\pmbraise@=\dimen136
) (/Users/peve/Library/TinyTeX/texmf-dist/tex/latex/amsmath/amsopn.sty
Package: amsopn 2016/03/08 v2.02 operator names
)
\inf@bad=\count177
LaTeX Info: Redefining \frac on input line 227.
\uproot@=\count178
\leftroot@=\count179
LaTeX Info: Redefining \overline on input line 389.
\classnum@=\count180
\DOTSCASE@=\count181
LaTeX Info: Redefining \ldots on input line 486.
LaTeX Info: Redefining \dots on input line 489.
LaTeX Info: Redefining \cdots on input line 610.
\Mathstrutbox@=\box45
\strutbox@=\box46
\big@size=\dimen137
LaTeX Font Info:    Redeclaring font encoding OML on input line 733.
LaTeX Font Info:    Redeclaring font encoding OMS on input line 734.
\macc@depth=\count182
\c@MaxMatrixCols=\count183
\dotsspace@=\muskip16
\c@parentequation=\count184
\dspbrk@lvl=\count185
\tag@help=\toks17
\row@=\count186
\column@=\count187
\maxfields@=\count188
\andhelp@=\toks18
\eqnshift@=\dimen138
\alignsep@=\dimen139
\tagshift@=\dimen140
\tagwidth@=\dimen141
\totwidth@=\dimen142
\lineht@=\dimen143
\@envbody=\toks19
\multlinegap=\skip50
\multlinetaggap=\skip51
\mathdisplay@stack=\toks20
LaTeX Info: Redefining \[ on input line 2859.
LaTeX Info: Redefining \] on input line 2860.
) (/Users/peve/Library/TinyTeX/texmf-dist/tex/generic/iftex/ifxetex.sty
Package: ifxetex 2019/10/25 v0.7 ifxetex legacy package. Use iftex instead.
(/Users/peve/Library/TinyTeX/texmf-dist/tex/generic/iftex/iftex.sty
Package: iftex 2020/03/06 v1.0d TeX engine tests
)) (/Users/peve/Library/TinyTeX/texmf-dist/tex/generic/iftex/ifluatex.sty
Package: ifluatex 2019/10/25 v1.5 ifluatex legacy package. Use iftex instead.
) (/Users/peve/Library/TinyTeX/texmf-dist/tex/latex/base/fontenc.sty
Package: fontenc 2020/02/11 v2.0o Standard LaTeX package
LaTeX Font Info:    Trying to load font information for T1+lmr on input line 11
2.
(/Users/peve/Library/TinyTeX/texmf-dist/tex/latex/lm/t1lmr.fd
File: t1lmr.fd 2009/10/30 v1.6 Font defs for Latin Modern
)) (/Users/peve/Library/TinyTeX/texmf-dist/tex/latex/base/inputenc.sty
Package: inputenc 2018/08/11 v1.3c Input encoding file
\inpenc@prehook=\toks21
\inpenc@posthook=\toks22
) (/Users/peve/Library/TinyTeX/texmf-dist/tex/latex/base/textcomp.sty
Package: textcomp 2020/02/02 v2.0n Standard LaTeX package
) (/Users/peve/Library/TinyTeX/texmf-dist/tex/latex/xcolor/xcolor.sty
Package: xcolor 2016/05/11 v2.12 LaTeX color extensions (UK)
(/Users/peve/Library/TinyTeX/texmf-dist/tex/latex/graphics-cfg/color.cfg
File: color.cfg 2016/01/02 v1.6 sample color configuration
)
Package xcolor Info: Driver file: pdftex.def on input line 225.
(/Users/peve/Library/TinyTeX/texmf-dist/tex/latex/graphics-def/pdftex.def
File: pdftex.def 2018/01/08 v1.0l Graphics/color driver for pdftex
)
Package xcolor Info: Model `cmy' substituted by `cmy0' on input line 1348.
Package xcolor Info: Model `hsb' substituted by `rgb' on input line 1352.
Package xcolor Info: Model `RGB' extended on input line 1364.
Package xcolor Info: Model `HTML' substituted by `rgb' on input line 1366.
Package xcolor Info: Model `Hsb' substituted by `hsb' on input line 1367.
Package xcolor Info: Model `tHsb' substituted by `hsb' on input line 1368.
Package xcolor Info: Model `HSB' substituted by `hsb' on input line 1369.
Package xcolor Info: Model `Gray' substituted by `gray' on input line 1370.
Package xcolor Info: Model `wave' substituted by `hsb' on input line 1371.
) (/Users/peve/Library/TinyTeX/texmf-dist/tex/latex/hyperref/hyperref.sty
Package: hyperref 2020-05-15 v7.00e Hypertext links for LaTeX
(/Users/peve/Library/TinyTeX/texmf-dist/tex/generic/ltxcmds/ltxcmds.sty
Package: ltxcmds 2019/12/15 v1.24 LaTeX kernel commands for general use (HO)
) (/Users/peve/Library/TinyTeX/texmf-dist/tex/generic/pdftexcmds/pdftexcmds.sty
Package: pdftexcmds 2020-06-27 v0.33 Utility functions of pdfTeX for LuaTeX (HO
)
(/Users/peve/Library/TinyTeX/texmf-dist/tex/generic/infwarerr/infwarerr.sty
Package: infwarerr 2019/12/03 v1.5 Providing info/warning/error messages (HO)
)
Package pdftexcmds Info: \pdf@primitive is available.
Package pdftexcmds Info: \pdf@ifprimitive is available.
Package pdftexcmds Info: \pdfdraftmode found.
) (/Users/peve/Library/TinyTeX/texmf-dist/tex/latex/graphics/keyval.sty
Package: keyval 2014/10/28 v1.15 key=value parser (DPC)
\KV@toks@=\toks23
) (/Users/peve/Library/TinyTeX/texmf-dist/tex/generic/kvsetkeys/kvsetkeys.sty
Package: kvsetkeys 2019/12/15 v1.18 Key value parser (HO)
)
(/Users/peve/Library/TinyTeX/texmf-dist/tex/generic/kvdefinekeys/kvdefinekeys.s
ty
Package: kvdefinekeys 2019-12-19 v1.6 Define keys (HO)
) (/Users/peve/Library/TinyTeX/texmf-dist/tex/generic/pdfescape/pdfescape.sty
Package: pdfescape 2019/12/09 v1.15 Implements pdfTeX's escape features (HO)
) (/Users/peve/Library/TinyTeX/texmf-dist/tex/latex/hycolor/hycolor.sty
Package: hycolor 2020-01-27 v1.10 Color options for hyperref/bookmark (HO)
) (/Users/peve/Library/TinyTeX/texmf-dist/tex/latex/letltxmacro/letltxmacro.sty
Package: letltxmacro 2019/12/03 v1.6 Let assignment for LaTeX macros (HO)
) (/Users/peve/Library/TinyTeX/texmf-dist/tex/latex/auxhook/auxhook.sty
Package: auxhook 2019-12-17 v1.6 Hooks for auxiliary files (HO)
) (/Users/peve/Library/TinyTeX/texmf-dist/tex/latex/kvoptions/kvoptions.sty
Package: kvoptions 2019/11/29 v3.13 Key value format for package options (HO)
)
\@linkdim=\dimen144
\Hy@linkcounter=\count189
\Hy@pagecounter=\count190
(/Users/peve/Library/TinyTeX/texmf-dist/tex/latex/hyperref/pd1enc.def
File: pd1enc.def 2020-05-15 v7.00e Hyperref: PDFDocEncoding definition (HO)
Now handling font encoding PD1 ...
... no UTF-8 mapping file for font encoding PD1
) (/Users/peve/Library/TinyTeX/texmf-dist/tex/generic/intcalc/intcalc.sty
Package: intcalc 2019/12/15 v1.3 Expandable calculations with integers (HO)
) (/Users/peve/Library/TinyTeX/texmf-dist/tex/generic/etexcmds/etexcmds.sty
Package: etexcmds 2019/12/15 v1.7 Avoid name clashes with e-TeX commands (HO)
)
\Hy@SavedSpaceFactor=\count191
Package hyperref Info: Option `unicode' set `true' on input line 4338.
(/Users/peve/Library/TinyTeX/texmf-dist/tex/latex/hyperref/puenc.def
File: puenc.def 2020-05-15 v7.00e Hyperref: PDF Unicode definition (HO)
Now handling font encoding PU ...
... no UTF-8 mapping file for font encoding PU
)
Package hyperref Info: Hyper figures OFF on input line 4464.
Package hyperref Info: Link nesting OFF on input line 4469.
Package hyperref Info: Hyper index ON on input line 4472.
Package hyperref Info: Plain pages OFF on input line 4479.
Package hyperref Info: Backreferencing OFF on input line 4484.
Package hyperref Info: Implicit mode ON; LaTeX internals redefined.
Package hyperref Info: Bookmarks ON on input line 4717.
\c@Hy@tempcnt=\count192
(/Users/peve/Library/TinyTeX/texmf-dist/tex/latex/url/url.sty
\Urlmuskip=\muskip17
Package: url 2013/09/16  ver 3.4  Verb mode for urls, etc.
)
LaTeX Info: Redefining \url on input line 5076.
\XeTeXLinkMargin=\dimen145
(/Users/peve/Library/TinyTeX/texmf-dist/tex/generic/bitset/bitset.sty
Package: bitset 2019/12/09 v1.3 Handle bit-vector datatype (HO)
(/Users/peve/Library/TinyTeX/texmf-dist/tex/generic/bigintcalc/bigintcalc.sty
Package: bigintcalc 2019/12/15 v1.5 Expandable calculations on big integers (HO
)
))
\Fld@menulength=\count193
\Field@Width=\dimen146
\Fld@charsize=\dimen147
Package hyperref Info: Hyper figures OFF on input line 6347.
Package hyperref Info: Link nesting OFF on input line 6352.
Package hyperref Info: Hyper index ON on input line 6355.
Package hyperref Info: backreferencing OFF on input line 6362.
Package hyperref Info: Link coloring OFF on input line 6367.
Package hyperref Info: Link coloring with OCG OFF on input line 6372.
Package hyperref Info: PDF/A mode OFF on input line 6377.
LaTeX Info: Redefining \ref on input line 6417.
LaTeX Info: Redefining \pageref on input line 6421.
(/Users/peve/Library/TinyTeX/texmf-dist/tex/generic/atbegshi/atbegshi.sty
Package: atbegshi 2019/12/05 v1.19 At begin shipout hook (HO)
)
\Hy@abspage=\count194
\c@Item=\count195
\c@Hfootnote=\count196
)
Package hyperref Info: Driver (autodetected): hpdftex.
(/Users/peve/Library/TinyTeX/texmf-dist/tex/latex/hyperref/hpdftex.def
File: hpdftex.def 2020-05-15 v7.00e Hyperref driver for pdfTeX
(/Users/peve/Library/TinyTeX/texmf-dist/tex/latex/atveryend/atveryend.sty
Package: atveryend 2019-12-11 v1.11 Hooks at the very end of document (HO)
Package atveryend Info: \enddocument detected (standard20110627).
)
\Fld@listcount=\count197
\c@bookmark@seq@number=\count198

(/Users/peve/Library/TinyTeX/texmf-dist/tex/latex/rerunfilecheck/rerunfilecheck
.sty
Package: rerunfilecheck 2019/12/05 v1.9 Rerun checks for auxiliary files (HO)

(/Users/peve/Library/TinyTeX/texmf-dist/tex/generic/uniquecounter/uniquecounter
.sty
Package: uniquecounter 2019/12/15 v1.4 Provide unlimited unique counter (HO)
)
Package uniquecounter Info: New unique counter `rerunfilecheck' on input line 2
86.
)
\Hy@SectionHShift=\skip52
) (/Users/peve/Library/TinyTeX/texmf-dist/tex/latex/tools/longtable.sty
Package: longtable 2020/01/07 v4.13 Multi-page Table package (DPC)
\LTleft=\skip53
\LTright=\skip54
\LTpre=\skip55
\LTpost=\skip56
\LTchunksize=\count199
\LTcapwidth=\dimen148
\LT@head=\box47
\LT@firsthead=\box48
\LT@foot=\box49
\LT@lastfoot=\box50
\LT@cols=\count266
\LT@rows=\count267
\c@LT@tables=\count268
\c@LT@chunks=\count269
\LT@p@ftn=\toks24
) (/Users/peve/Library/TinyTeX/texmf-dist/tex/latex/booktabs/booktabs.sty
Package: booktabs 2020/01/12 v1.61803398 Publication quality tables
\heavyrulewidth=\dimen149
\lightrulewidth=\dimen150
\cmidrulewidth=\dimen151
\belowrulesep=\dimen152
\belowbottomsep=\dimen153
\aboverulesep=\dimen154
\abovetopsep=\dimen155
\cmidrulesep=\dimen156
\cmidrulekern=\dimen157
\defaultaddspace=\dimen158
\@cmidla=\count270
\@cmidlb=\count271
\@aboverulesep=\dimen159
\@belowrulesep=\dimen160
\@thisruleclass=\count272
\@lastruleclass=\count273
\@thisrulewidth=\dimen161
) (/Users/peve/Library/TinyTeX/texmf-dist/tex/latex/etoolbox/etoolbox.sty
Package: etoolbox 2020/07/15 v2.5i e-TeX tools for LaTeX (JAW)
\etb@tempcnta=\count274
) (/Users/peve/Library/TinyTeX/texmf-dist/tex/latex/mdwtools/footnote.sty
Package: footnote 1997/01/28 1.13 Save footnotes around boxes
\fn@notes=\box51
\fn@width=\dimen162
) (/Users/peve/Library/TinyTeX/texmf-dist/tex/latex/graphics/graphicx.sty
Package: graphicx 2019/11/30 v1.2a Enhanced LaTeX Graphics (DPC,SPQR)
(/Users/peve/Library/TinyTeX/texmf-dist/tex/latex/graphics/graphics.sty
Package: graphics 2019/11/30 v1.4a Standard LaTeX Graphics (DPC,SPQR)
(/Users/peve/Library/TinyTeX/texmf-dist/tex/latex/graphics/trig.sty
Package: trig 2016/01/03 v1.10 sin cos tan (DPC)
) (/Users/peve/Library/TinyTeX/texmf-dist/tex/latex/graphics-cfg/graphics.cfg
File: graphics.cfg 2016/06/04 v1.11 sample graphics configuration
)
Package graphics Info: Driver file: pdftex.def on input line 105.
)
\Gin@req@height=\dimen163
\Gin@req@width=\dimen164
) (/Users/peve/Library/TinyTeX/texmf-dist/tex/latex/amscls/amsthm.sty
Package: amsthm 2020/05/29 v2.20.6
\thm@style=\toks25
\thm@bodyfont=\toks26
\thm@headfont=\toks27
\thm@notefont=\toks28
\thm@headpunct=\toks29
\thm@preskip=\skip57
\thm@postskip=\skip58
\thm@headsep=\skip59
\dth@everypar=\toks30
) (/Users/peve/Library/TinyTeX/texmf-dist/tex/latex/cancel/cancel.sty
Package: cancel 2013/04/12 v2.2 Cancel math terms
) (/Users/peve/Library/TinyTeX/texmf-dist/tex/latex/natbib/natbib.sty
Package: natbib 2010/09/13 8.31b (PWD, AO)
\bibhang=\skip60
\bibsep=\skip61
LaTeX Info: Redefining \cite on input line 694.
\c@NAT@ctr=\count275
)
\c@theorem=\count276
\c@lemma=\count277
\c@corollary=\count278
\c@proposition=\count279
\c@conjecture=\count280
\c@definition=\count281
\c@example=\count282
\c@exercise=\count283

(/Users/peve/Library/TinyTeX/texmf-dist/tex/latex/l3backend/l3backend-pdfmode.d
ef
File: l3backend-pdfmode.def 2020-08-07 L3 backend support: PDF mode
\l__kernel_color_stack_int=\count284
\l__pdf_internal_box=\box52
) (./pchem1.aux)
\openout1 = `pchem1.aux'.

LaTeX Font Info:    Checking defaults for OML/cmm/m/it on input line 104.
LaTeX Font Info:    ... okay on input line 104.
LaTeX Font Info:    Checking defaults for OMS/cmsy/m/n on input line 104.
LaTeX Font Info:    ... okay on input line 104.
LaTeX Font Info:    Checking defaults for OT1/cmr/m/n on input line 104.
LaTeX Font Info:    ... okay on input line 104.
LaTeX Font Info:    Checking defaults for T1/cmr/m/n on input line 104.
LaTeX Font Info:    ... okay on input line 104.
LaTeX Font Info:    Checking defaults for TS1/cmr/m/n on input line 104.
LaTeX Font Info:    ... okay on input line 104.
LaTeX Font Info:    Checking defaults for OMX/cmex/m/n on input line 104.
LaTeX Font Info:    ... okay on input line 104.
LaTeX Font Info:    Checking defaults for U/cmr/m/n on input line 104.
LaTeX Font Info:    ... okay on input line 104.
LaTeX Font Info:    Checking defaults for PD1/pdf/m/n on input line 104.
LaTeX Font Info:    ... okay on input line 104.
LaTeX Font Info:    Checking defaults for PU/pdf/m/n on input line 104.
LaTeX Font Info:    ... okay on input line 104.

(/Users/peve/Library/TinyTeX/texmf-dist/tex/latex/epstopdf-pkg/epstopdf-base.st
y
Package: epstopdf-base 2020-01-24 v2.11 Base part for package epstopdf
Package epstopdf-base Info: Redefining graphics rule for `.eps' on input line 4
85.
(/Users/peve/Library/TinyTeX/texmf-dist/tex/latex/latexconfig/epstopdf-sys.cfg
File: epstopdf-sys.cfg 2010/07/13 v1.3 Configuration of (r)epstopdf for TeX Liv
e
))
\AtBeginShipoutBox=\box53
Package hyperref Info: Link coloring OFF on input line 104.
(/Users/peve/Library/TinyTeX/texmf-dist/tex/latex/hyperref/nameref.sty
Package: nameref 2019/09/16 v2.46 Cross-referencing by name of section
(/Users/peve/Library/TinyTeX/texmf-dist/tex/latex/refcount/refcount.sty
Package: refcount 2019/12/15 v3.6 Data extraction from label references (HO)
)
(/Users/peve/Library/TinyTeX/texmf-dist/tex/generic/gettitlestring/gettitlestri
ng.sty
Package: gettitlestring 2019/12/15 v1.6 Cleanup title references (HO)
)
\c@section@level=\count285
)
LaTeX Info: Redefining \ref on input line 104.
LaTeX Info: Redefining \pageref on input line 104.
LaTeX Info: Redefining \nameref on input line 104.
(./pchem1.out) (./pchem1.out)
\@outlinefile=\write3
\openout3 = `pchem1.out'.

LaTeX Font Info:    Trying to load font information for OT1+lmr on input line 1
06.
(/Users/peve/Library/TinyTeX/texmf-dist/tex/latex/lm/ot1lmr.fd
File: ot1lmr.fd 2009/10/30 v1.6 Font defs for Latin Modern
)
LaTeX Font Info:    Trying to load font information for OML+lmm on input line 1
06.
(/Users/peve/Library/TinyTeX/texmf-dist/tex/latex/lm/omllmm.fd
File: omllmm.fd 2009/10/30 v1.6 Font defs for Latin Modern
)
LaTeX Font Info:    Trying to load font information for OMS+lmsy on input line 
106.
(/Users/peve/Library/TinyTeX/texmf-dist/tex/latex/lm/omslmsy.fd
File: omslmsy.fd 2009/10/30 v1.6 Font defs for Latin Modern
)
LaTeX Font Info:    Trying to load font information for OMX+lmex on input line 
106.
(/Users/peve/Library/TinyTeX/texmf-dist/tex/latex/lm/omxlmex.fd
File: omxlmex.fd 2009/10/30 v1.6 Font defs for Latin Modern
)
LaTeX Font Info:    External font `lmex10' loaded for size
(Font)              <12> on input line 106.
LaTeX Font Info:    External font `lmex10' loaded for size
(Font)              <8> on input line 106.
LaTeX Font Info:    External font `lmex10' loaded for size
(Font)              <6> on input line 106.
LaTeX Font Info:    Trying to load font information for U+msa on input line 106
.
(/Users/peve/Library/TinyTeX/texmf-dist/tex/latex/amsfonts/umsa.fd
File: umsa.fd 2013/01/14 v3.01 AMS symbols A
)
LaTeX Font Info:    Trying to load font information for U+msb on input line 106
.
(/Users/peve/Library/TinyTeX/texmf-dist/tex/latex/amsfonts/umsb.fd
File: umsb.fd 2013/01/14 v3.01 AMS symbols B
) [1


{/Users/peve/Library/TinyTeX/texmf-var/fonts/map/pdftex/updmap/pdftex.map}] [2

] (./pchem1.toc
LaTeX Font Info:    External font `lmex10' loaded for size
(Font)              <10> on input line 2.
LaTeX Font Info:    External font `lmex10' loaded for size
(Font)              <7> on input line 2.
LaTeX Font Info:    External font `lmex10' loaded for size
(Font)              <5> on input line 2.
[3] [4])
\tf@toc=\write4
\openout4 = `pchem1.toc'.

[5] [6

]
<./img/OEP_Figures.000.jpeg, id=314, 806.01125pt x 566.115pt>
File: ./img/OEP_Figures.000.jpeg Graphic file (type jpg)
<use ./img/OEP_Figures.000.jpeg>
Package pdftex.def Info: ./img/OEP_Figures.000.jpeg  used on input line 115.
(pdftex.def)             Requested size: 275.9957pt x 193.85002pt.
[7 <./img/OEP_Figures.000.jpeg>] [8]
Chapter 1.
<./img/OEP_Figures.001.jpeg, id=335, 901.3675pt x 586.19pt>
File: ./img/OEP_Figures.001.jpeg Graphic file (type jpg)
<use ./img/OEP_Figures.001.jpeg>
Package pdftex.def Info: ./img/OEP_Figures.001.jpeg  used on input line 159.
(pdftex.def)             Requested size: 275.99635pt x 179.48982pt.
[9

 <./img/OEP_Figures.001.jpeg>] [10] [11]
LaTeX Font Info:    Trying to load font information for TS1+lmr on input line 1
96.
(/Users/peve/Library/TinyTeX/texmf-dist/tex/latex/lm/ts1lmr.fd
File: ts1lmr.fd 2009/10/30 v1.6 Font defs for Latin Modern
) [12] [13]

LaTeX Warning: Command \dj invalid in math mode on input line 299.


LaTeX Warning: Command \dj invalid in math mode on input line 299.

[14]
<./img/OEP_Figures.002.jpeg, id=392, 810.02625pt x 457.71pt>
File: ./img/OEP_Figures.002.jpeg Graphic file (type jpg)
<use ./img/OEP_Figures.002.jpeg>
Package pdftex.def Info: ./img/OEP_Figures.002.jpeg  used on input line 307.
(pdftex.def)             Requested size: 275.99855pt x 155.95457pt.
[15 <./img/OEP_Figures.002.jpeg>] [16

]
Chapter 2.
[17] [18]
<./img/OEP_Figures.003.jpeg, id=420, 701.62125pt x 596.2275pt>
File: ./img/OEP_Figures.003.jpeg Graphic file (type jpg)
<use ./img/OEP_Figures.003.jpeg>
Package pdftex.def Info: ./img/OEP_Figures.003.jpeg  used on input line 357.
(pdftex.def)             Requested size: 172.49287pt x 146.58194pt.

LaTeX Warning: Command \dj invalid in math mode on input line 369.

[19 <./img/OEP_Figures.003.jpeg>]

LaTeX Warning: Command \dj invalid in math mode on input line 383.


LaTeX Warning: Command \dj invalid in math mode on input line 390.


LaTeX Warning: Command \dj invalid in math mode on input line 394.


LaTeX Warning: Command \dj invalid in math mode on input line 397.


LaTeX Warning: Command \dj invalid in math mode on input line 404.


LaTeX Warning: Command \dj invalid in math mode on input line 411.

[20]
<./img/OEP_Figures.004.jpeg, id=454, 778.91pt x 655.44875pt>
File: ./img/OEP_Figures.004.jpeg Graphic file (type jpg)
<use ./img/OEP_Figures.004.jpeg>
Package pdftex.def Info: ./img/OEP_Figures.004.jpeg  used on input line 435.
(pdftex.def)             Requested size: 172.48982pt x 145.14929pt.

LaTeX Warning: Command \dj invalid in math mode on input line 447.

[21 <./img/OEP_Figures.004.jpeg>]

LaTeX Warning: Command \dj invalid in math mode on input line 485.


LaTeX Warning: Command \dj invalid in math mode on input line 485.


LaTeX Warning: Command \dj invalid in math mode on input line 492.


LaTeX Warning: Command \dj invalid in math mode on input line 492.

[22]

LaTeX Warning: Command \dj invalid in math mode on input line 515.


LaTeX Warning: Command \dj invalid in math mode on input line 515.


LaTeX Warning: Command \dj invalid in math mode on input line 515.

[23] [24

]
Chapter 3.

LaTeX Warning: Command \dj invalid in math mode on input line 549.


LaTeX Warning: Command \dj invalid in math mode on input line 549.


LaTeX Warning: Command \dj invalid in math mode on input line 556.

[25]
<./img/OEP_Figures.006.jpeg, id=510, 1027.84pt x 340.27126pt>
File: ./img/OEP_Figures.006.jpeg Graphic file (type jpg)
<use ./img/OEP_Figures.006.jpeg>
Package pdftex.def Info: ./img/OEP_Figures.006.jpeg  used on input line 567.
(pdftex.def)             Requested size: 275.9992pt x 91.37082pt.

LaTeX Warning: Command \dj invalid in math mode on input line 577.


LaTeX Warning: Command \dj invalid in math mode on input line 584.


LaTeX Warning: Command \dj invalid in math mode on input line 597.

[26 <./img/OEP_Figures.006.jpeg>]

LaTeX Warning: Command \dj invalid in math mode on input line 600.


LaTeX Warning: Command \dj invalid in math mode on input line 609.


LaTeX Warning: Command \dj invalid in math mode on input line 609.


LaTeX Warning: Command \dj invalid in math mode on input line 612.

[27]

LaTeX Warning: Command \dj invalid in math mode on input line 660.


LaTeX Warning: Command \dj invalid in math mode on input line 667.

[28]

LaTeX Warning: Command \dj invalid in math mode on input line 692.


LaTeX Warning: Command \dj invalid in math mode on input line 692.

<pchem1_files/figure-latex/unnamed-chunk-2-1.pdf, id=560, 469.755pt x 291.0875p
t>
File: pchem1_files/figure-latex/unnamed-chunk-2-1.pdf Graphic file (type pdf)
<use pchem1_files/figure-latex/unnamed-chunk-2-1.pdf>
Package pdftex.def Info: pchem1_files/figure-latex/unnamed-chunk-2-1.pdf  used 
on input line 714.
(pdftex.def)             Requested size: 344.997pt x 213.78017pt.

Underfull \vbox (badness 1158) has occurred while \output is active []

[29]
<pchem1_files/figure-latex/unnamed-chunk-3-1.pdf, id=580, 469.755pt x 291.0875p
t>
File: pchem1_files/figure-latex/unnamed-chunk-3-1.pdf Graphic file (type pdf)
<use pchem1_files/figure-latex/unnamed-chunk-3-1.pdf>
Package pdftex.def Info: pchem1_files/figure-latex/unnamed-chunk-3-1.pdf  used 
on input line 718.
(pdftex.def)             Requested size: 344.997pt x 213.78017pt.
[30 <./pchem1_files/figure-latex/unnamed-chunk-2-1.pdf> <./pchem1_files/figure-
latex/unnamed-chunk-3-1.pdf>]
<pchem1_files/figure-latex/unnamed-chunk-4-1.pdf, id=597, 469.755pt x 291.0875p
t>
File: pchem1_files/figure-latex/unnamed-chunk-4-1.pdf Graphic file (type pdf)
<use pchem1_files/figure-latex/unnamed-chunk-4-1.pdf>
Package pdftex.def Info: pchem1_files/figure-latex/unnamed-chunk-4-1.pdf  used 
on input line 727.
(pdftex.def)             Requested size: 344.997pt x 213.78017pt.
<pchem1_files/figure-latex/unnamed-chunk-5-1.pdf, id=598, 469.755pt x 291.0875p
t>
File: pchem1_files/figure-latex/unnamed-chunk-5-1.pdf Graphic file (type pdf)
<use pchem1_files/figure-latex/unnamed-chunk-5-1.pdf>
Package pdftex.def Info: pchem1_files/figure-latex/unnamed-chunk-5-1.pdf  used 
on input line 736.
(pdftex.def)             Requested size: 344.997pt x 213.78017pt.

Underfull \vbox (badness 10000) has occurred while \output is active []

[31 <./pchem1_files/figure-latex/unnamed-chunk-4-1.pdf>]
<pchem1_files/figure-latex/unnamed-chunk-6-1.pdf, id=612, 469.755pt x 291.0875p
t>
File: pchem1_files/figure-latex/unnamed-chunk-6-1.pdf Graphic file (type pdf)
<use pchem1_files/figure-latex/unnamed-chunk-6-1.pdf>
Package pdftex.def Info: pchem1_files/figure-latex/unnamed-chunk-6-1.pdf  used 
on input line 745.
(pdftex.def)             Requested size: 344.997pt x 213.78017pt.
[32 <./pchem1_files/figure-latex/unnamed-chunk-5-1.pdf> <./pchem1_files/figure-
latex/unnamed-chunk-6-1.pdf>]
<pchem1_files/figure-latex/figures-side-1.pdf, id=631, 469.755pt x 325.215pt>
File: pchem1_files/figure-latex/figures-side-1.pdf Graphic file (type pdf)
<use pchem1_files/figure-latex/figures-side-1.pdf>
Package pdftex.def Info: pchem1_files/figure-latex/figures-side-1.pdf  used on 
input line 761.
(pdftex.def)             Requested size: 172.4949pt x 119.41954pt.
<pchem1_files/figure-latex/figures-side-2.pdf, id=632, 469.755pt x 325.215pt>
File: pchem1_files/figure-latex/figures-side-2.pdf Graphic file (type pdf)
<use pchem1_files/figure-latex/figures-side-2.pdf>
Package pdftex.def Info: pchem1_files/figure-latex/figures-side-2.pdf  used on 
input line 761.
(pdftex.def)             Requested size: 172.4949pt x 119.41954pt.
<pchem1_files/figure-latex/figures-side-3.pdf, id=633, 469.755pt x 325.215pt>
File: pchem1_files/figure-latex/figures-side-3.pdf Graphic file (type pdf)
<use pchem1_files/figure-latex/figures-side-3.pdf>
Package pdftex.def Info: pchem1_files/figure-latex/figures-side-3.pdf  used on 
input line 761.
(pdftex.def)             Requested size: 172.4949pt x 119.41954pt.
<pchem1_files/figure-latex/figures-side-4.pdf, id=634, 469.755pt x 325.215pt>
File: pchem1_files/figure-latex/figures-side-4.pdf Graphic file (type pdf)
<use pchem1_files/figure-latex/figures-side-4.pdf>
Package pdftex.def Info: pchem1_files/figure-latex/figures-side-4.pdf  used on 
input line 761.
(pdftex.def)             Requested size: 172.4949pt x 119.41954pt.

Overfull \hbox (2.21202pt too wide) in paragraph at lines 761--762
[][] []
 []


Overfull \hbox (2.21202pt too wide) in paragraph at lines 761--762
[] [] 
 []

[33 <./pchem1_files/figure-latex/figures-side-1.pdf> <./pchem1_files/figure-lat
ex/figures-side-2.pdf> <./pchem1_files/figure-latex/figures-side-3.pdf> <./pche
m1_files/figure-latex/figures-side-4.pdf>]
<./img/OEP_Figures.005.jpeg, id=671, 1027.84pt x 770.88pt>
File: ./img/OEP_Figures.005.jpeg Graphic file (type jpg)
<use ./img/OEP_Figures.005.jpeg>
Package pdftex.def Info: ./img/OEP_Figures.005.jpeg  used on input line 781.
(pdftex.def)             Requested size: 275.9992pt x 206.9994pt.
[34 <./img/OEP_Figures.005.jpeg>]

LaTeX Warning: Command \dj invalid in math mode on input line 797.

[35] [36]
Chapter 4.
[37

] [38] [39] [40]
LaTeX Font Info:    External font `lmex10' loaded for size
(Font)              <14.4> on input line 1038.
[41]
Overfull \hbox (29.62206pt too wide) detected at line 1078
\OT1/lmr/m/n/10 ^^A[]\OML/lmm/m/it/10 H[] \OT1/lmr/m/n/10 = \OMS/lmsy/m/n/10 ^^
@\OT1/lmr/m/n/10 283\OML/lmm/m/it/10 :\OT1/lmr/m/n/10 0 + [] \OMS/lmsy/m/n/10 ^
^B \OT1/lmr/m/n/10 10[](398 \OMS/lmsy/m/n/10 ^^@ \OT1/lmr/m/n/10 298) = \OMS/lm
sy/m/n/10 ^^@\OT1/lmr/m/n/10 283\OML/lmm/m/it/10 :\OT1/lmr/m/n/10 6 []\OML/lmm/
m/it/10 :
 []

[42]
Chapter 5.
<./img/OEP_Figures.008.jpeg, id=794, 1027.84pt x 770.88pt>
File: ./img/OEP_Figures.008.jpeg Graphic file (type jpg)
<use ./img/OEP_Figures.008.jpeg>
Package pdftex.def Info: ./img/OEP_Figures.008.jpeg  used on input line 1091.
(pdftex.def)             Requested size: 275.9992pt x 206.9994pt.
[43

 <./img/OEP_Figures.008.jpeg>] [44]
<pchem1_files/figure-latex/FigCarnotPV-1.pdf, id=819, 469.755pt x 325.215pt>
File: pchem1_files/figure-latex/FigCarnotPV-1.pdf Graphic file (type pdf)
<use pchem1_files/figure-latex/FigCarnotPV-1.pdf>
Package pdftex.def Info: pchem1_files/figure-latex/FigCarnotPV-1.pdf  used on i
nput line 1125.
(pdftex.def)             Requested size: 344.997pt x 238.84406pt.
<./img/OEP_Figures.007a.png, id=820, 630.85687pt x 542.025pt>
File: ./img/OEP_Figures.007a.png Graphic file (type png)
<use ./img/OEP_Figures.007a.png>
Package pdftex.def Info: ./img/OEP_Figures.007a.png  used on input line 1135.
(pdftex.def)             Requested size: 241.4993pt x 207.49342pt.

Underfull \vbox (badness 10000) has occurred while \output is active []

[45 <./pchem1_files/figure-latex/FigCarnotPV-1.pdf>]
<./img/OEP_Figures.007b.png, id=840, 684.30656pt x 503.63156pt>
File: ./img/OEP_Figures.007b.png Graphic file (type png)
<use ./img/OEP_Figures.007b.png>
Package pdftex.def Info: ./img/OEP_Figures.007b.png  used on input line 1159.
(pdftex.def)             Requested size: 241.4948pt x 177.7338pt.
[46 <./img/OEP_Figures.007a.png>]
<./img/OEP_Figures.007c.png, id=851, 722.7pt x 515.67656pt>
File: ./img/OEP_Figures.007c.png Graphic file (type png)
<use ./img/OEP_Figures.007c.png>
Package pdftex.def Info: ./img/OEP_Figures.007c.png  used on input line 1178.
(pdftex.def)             Requested size: 241.50224pt x 172.3219pt.

Underfull \vbox (badness 10000) has occurred while \output is active []

[47 <./img/OEP_Figures.007b.png>]
<./img/OEP_Figures.007d.png, id=861, 730.98094pt x 491.58656pt>
File: ./img/OEP_Figures.007d.png Graphic file (type png)
<use ./img/OEP_Figures.007d.png>
Package pdftex.def Info: ./img/OEP_Figures.007d.png  used on input line 1202.
(pdftex.def)             Requested size: 241.49214pt x 162.40408pt.

Underfull \vbox (badness 8151) has occurred while \output is active []

[48 <./img/OEP_Figures.007c.png>] [49 <./img/OEP_Figures.007d.png>]
<./img/OEP_Figures.009.jpeg, id=883, 1027.84pt x 620.3175pt>
File: ./img/OEP_Figures.009.jpeg Graphic file (type jpg)
<use ./img/OEP_Figures.009.jpeg>
Package pdftex.def Info: ./img/OEP_Figures.009.jpeg  used on input line 1282.
(pdftex.def)             Requested size: 275.9992pt x 166.56982pt.
[50]
<./img/OEP_Figures.010.jpeg, id=897, 1027.84pt x 770.88pt>
File: ./img/OEP_Figures.010.jpeg Graphic file (type jpg)
<use ./img/OEP_Figures.010.jpeg>
Package pdftex.def Info: ./img/OEP_Figures.010.jpeg  used on input line 1297.
(pdftex.def)             Requested size: 206.99156pt x 155.24367pt.
[51 <./img/OEP_Figures.009.jpeg> <./img/OEP_Figures.010.jpeg>] [52]
Chapter 6.
[53

]
<pchem1_files/figure-latex/unnamed-chunk-12-1.pdf, id=942, 469.755pt x 291.0875
pt>
File: pchem1_files/figure-latex/unnamed-chunk-12-1.pdf Graphic file (type pdf)
<use pchem1_files/figure-latex/unnamed-chunk-12-1.pdf>
Package pdftex.def Info: pchem1_files/figure-latex/unnamed-chunk-12-1.pdf  used
 on input line 1358.
(pdftex.def)             Requested size: 344.997pt x 213.78017pt.

LaTeX Warning: Command \dj invalid in math mode on input line 1378.

[54 <./pchem1_files/figure-latex/unnamed-chunk-12-1.pdf>]

LaTeX Warning: Command \dj invalid in math mode on input line 1385.


LaTeX Warning: Command \dj invalid in math mode on input line 1409.


LaTeX Warning: Command \dj invalid in math mode on input line 1416.

[55]
<./img/OEP_Figures.011.jpeg, id=982, 1027.84pt x 770.88pt>
File: ./img/OEP_Figures.011.jpeg Graphic file (type jpg)
<use ./img/OEP_Figures.011.jpeg>
Package pdftex.def Info: ./img/OEP_Figures.011.jpeg  used on input line 1429.
(pdftex.def)             Requested size: 275.9992pt x 206.9994pt.

LaTeX Warning: Command \dj invalid in math mode on input line 1439.


LaTeX Warning: Command \dj invalid in math mode on input line 1439.


LaTeX Warning: Command \dj invalid in math mode on input line 1439.


LaTeX Warning: Command \dj invalid in math mode on input line 1447.


LaTeX Warning: Command \dj invalid in math mode on input line 1447.

[56 <./img/OEP_Figures.011.jpeg>]

LaTeX Warning: Command \dj invalid in math mode on input line 1455.


LaTeX Warning: Command \dj invalid in math mode on input line 1455.


LaTeX Warning: Command \dj invalid in math mode on input line 1459.

[57] [58

]
Chapter 7.
[59]

LaTeX Warning: Command \dj invalid in math mode on input line 1518.

[60]

LaTeX Warning: Command \dj invalid in math mode on input line 1564.


LaTeX Warning: Command \dj invalid in math mode on input line 1568.


LaTeX Warning: Command \dj invalid in math mode on input line 1569.


LaTeX Warning: Command \dj invalid in math mode on input line 1580.

[61]

LaTeX Warning: Command \dj invalid in math mode on input line 1597.


LaTeX Warning: Command \dj invalid in math mode on input line 1621.


LaTeX Warning: Command \dj invalid in math mode on input line 1621.

[62] [63]
Overfull \hbox (34.04266pt too wide) detected at line 1664
[][][]
 []


LaTeX Warning: Command \dj invalid in math mode on input line 1683.


LaTeX Warning: Command \dj invalid in math mode on input line 1690.


LaTeX Warning: Command \dj invalid in math mode on input line 1698.


LaTeX Warning: Command \dj invalid in math mode on input line 1699.


LaTeX Warning: Command \dj invalid in math mode on input line 1700.

[64] [65] [66]
Chapter 8.

LaTeX Warning: Command \dj invalid in math mode on input line 1743.


LaTeX Warning: Command \dj invalid in math mode on input line 1744.


LaTeX Warning: Command \dj invalid in math mode on input line 1744.

[67

] [68] [69]
Overfull \hbox (68.69347pt too wide) in alignment at lines 1837--1841
 [] [] [] [] 
 []


Overfull \hbox (68.69347pt too wide) in alignment at lines 1841--1847
 [] [] [] [] 
 []

[70]

LaTeX Warning: Command \dj invalid in math mode on input line 1891.


LaTeX Warning: Command \dj invalid in math mode on input line 1891.


LaTeX Warning: Command \dj invalid in math mode on input line 1895.


LaTeX Warning: Command \dj invalid in math mode on input line 1895.

[71]
<pchem1_files/figure-latex/agfig-1.pdf, id=1181, 469.755pt x 325.215pt>
File: pchem1_files/figure-latex/agfig-1.pdf Graphic file (type pdf)
<use pchem1_files/figure-latex/agfig-1.pdf>
Package pdftex.def Info: pchem1_files/figure-latex/agfig-1.pdf  used on input l
ine 1950.
(pdftex.def)             Requested size: 344.997pt x 238.84406pt.
[72] [73 <./pchem1_files/figure-latex/agfig-1.pdf>]
Overfull \hbox (6.11798pt too wide) detected at line 1982
[][][]
 []


Underfull \vbox (badness 10000) has occurred while \output is active []

[74] [75] [76]
Chapter 9.
[77

]
Underfull \hbox (badness 3333) in paragraph at lines 2170--2172
[]\T1/lmr/m/n/10 Endothermic re-ac-tions that re-duce the en-tropy are al-ways 
non-
 []

[78] [79] [80]
<pchem1_files/figure-latex/gdeppfig-1.pdf, id=1290, 469.755pt x 291.0875pt>
File: pchem1_files/figure-latex/gdeppfig-1.pdf Graphic file (type pdf)
<use pchem1_files/figure-latex/gdeppfig-1.pdf>
Package pdftex.def Info: pchem1_files/figure-latex/gdeppfig-1.pdf  used on inpu
t line 2301.
(pdftex.def)             Requested size: 344.997pt x 213.78017pt.
[81] [82 <./pchem1_files/figure-latex/gdeppfig-1.pdf>] [83] [84]
Chapter 10.
[85

] [86] [87]
<pchem1_files/figure-latex/vthoffplt-1.pdf, id=1389, 469.755pt x 325.215pt>
File: pchem1_files/figure-latex/vthoffplt-1.pdf Graphic file (type pdf)
<use pchem1_files/figure-latex/vthoffplt-1.pdf>
Package pdftex.def Info: pchem1_files/figure-latex/vthoffplt-1.pdf  used on inp
ut line 2566.
(pdftex.def)             Requested size: 344.997pt x 238.84406pt.
[88] [89 <./pchem1_files/figure-latex/vthoffplt-1.pdf>] [90]
Overfull \hbox (31.00237pt too wide) detected at line 2619
[] []\OT1/lmr/m/n/10 [\OML/lmm/m/it/10 K[]\OT1/lmr/m/n/10 (\OML/lmm/m/it/10 P[]
; \OT1/lmr/m/n/10 2298 [])] = [][\OML/lmm/m/it/10 K[]\OT1/lmr/m/n/10 (\OML/lmm/
m/it/10 P[]; \OT1/lmr/m/n/10 298 [])] \OMS/lmsy/m/n/10 ^^@ [] [] \OML/lmm/m/it/
10 ;
 []


Overfull \hbox (24.30606pt too wide) detected at line 2623
[] []\OT1/lmr/m/n/10 [\OML/lmm/m/it/10 K[]\OT1/lmr/m/n/10 (\OML/lmm/m/it/10 P[]
; \OT1/lmr/m/n/10 2298 [])] = \OMS/lmsy/m/n/10 ^^@\OT1/lmr/m/n/10 85\OML/lmm/m/
it/10 :\OT1/lmr/m/n/10 0 \OMS/lmsy/m/n/10 ^^@ [] [] \OT1/lmr/m/n/10 = 0\OML/lmm
/m/it/10 :\OT1/lmr/m/n/10 262 \OML/lmm/m/it/10 ;
 []

[91]
Underfull \hbox (badness 1831) in paragraph at lines 2645--2647
\T1/lmr/m/n/10 Solving the quadratic equa-tion, we ob-tain one neg-a-tive
 []


Underfull \hbox (badness 1057) in paragraph at lines 2653--2655
\T1/lmr/m/n/10 and, us-ing the same tech-nique used be-fore to solve the
 []

[92]
Chapter 11.
[93

] [94

]
Chapter 12.
[95] [96

]
Chapter 13.
[97] [98

]
Chapter 14.
[99] [100

]
Chapter 15.
[101] [102

]
Chapter 16.

Overfull \hbox (7.03387pt too wide) in paragraph at lines 2940--2941
[]\T1/lmr/m/n/5 Al(OH)$[]$$[]$(aq)|  
 []


Overfull \hbox (0.7488pt too wide) in paragraph at lines 3215--3216
[]\T1/lmr/m/n/5 Be(OH)$[]$(s)|  
 []


Overfull \hbox (6.01921pt too wide) in paragraph at lines 3369--3370
[]\T1/lmr/m/n/5 C(s,diamond)|  
 []


Overfull \hbox (5.25546pt too wide) in paragraph at lines 3380--3381
[]\T1/lmr/m/n/5 C(s,graphite)|  
 []


Overfull \hbox (1.21387pt too wide) in paragraph at lines 3534--3535
[]\T1/lmr/m/n/5 Ca(OH)$[]$(s)|  
 []


Overfull \hbox (19.78421pt too wide) in paragraph at lines 3578--3579
[]\T1/lmr/m/n/5 CaCO$[]$(s,aragon.)|  
 []


Overfull \hbox (17.00598pt too wide) in paragraph at lines 3589--3590
[]\T1/lmr/m/n/5 CaCO$[]$(s,calcite)|  
 []

[103] [104]
Overfull \hbox (2.36671pt too wide) in paragraph at lines 5173--5174
[]\T1/lmr/m/n/5 Mg(OH)$[]$(s)|  
 []


Overfull \hbox (0.53357pt too wide) in paragraph at lines 5283--5284
[]\T1/lmr/m/n/5 MnO$[]$$[]$(aq)|  
 []


Overfull \hbox (1.31155pt too wide) in paragraph at lines 5448--5449
[]\T1/lmr/m/n/5 NH$[]$NO$[]$(s)|  
 []


Overfull \hbox (9.47821pt too wide) in paragraph at lines 5470--5471
[]\T1/lmr/m/n/5 (NH$[]$)$[]$SO$[]$(s)|  
 []


Overfull \hbox (13.30234pt too wide) has occurred while \output is active
\T1/lmr/m/sl/10 16.1.  THERMODYNAMIC DATA OF INORGANIC SUBSTANCES AT 298 K \T1/
lmr/m/n/10 105
 []

[105]
Overfull \hbox (12.1168pt too wide) in paragraph at lines 6142--6143
[]\T1/lmr/m/n/5 PbO(s,litharge)|  
 []


Overfull \hbox (10.11647pt too wide) in paragraph at lines 6153--6154
[]\T1/lmr/m/n/5 bO(s,massicot)|  
 []


Overfull \hbox (9.4087pt too wide) in paragraph at lines 6175--6176
[]\T1/lmr/m/n/5 Pb(NO$[]$)$[]$(aq)|  
 []


Overfull \hbox (5.1722pt too wide) in paragraph at lines 6186--6187
[]\T1/lmr/m/n/5 Pb(NO$[]$)$[]$(s)|  
 []


Overfull \hbox (4.07484pt too wide) in paragraph at lines 6252--6253
[]\T1/lmr/m/n/5 S(g,rhombic)|  
 []


Overfull \hbox (3.41484pt too wide) in paragraph at lines 6263--6264
[]\T1/lmr/m/n/5 S(s,rhombic)|  
 []


Overfull \hbox (1.8524pt too wide) in paragraph at lines 6362--6363
[]\T1/lmr/m/n/5 SiC(s,cubic)|  
 []


Overfull \hbox (15.98532pt too wide) in paragraph at lines 6373--6374
[]\T1/lmr/m/n/5 SiC(s,hexagonal)|  
 []

[106]
Overfull \hbox (4.76955pt too wide) in paragraph at lines 6791--6792
[]\T1/lmr/m/n/5 Zn(NO$[]$)$[]$(s)|  
 []


Overfull \hbox (16.47073pt too wide) in paragraph at lines 6802--6803
[]\T1/lmr/m/n/5 ZnS(s,sphalerite)|  
 []


Underfull \hbox (badness 1571) in paragraph at lines 6871--6871
[]\T1/lmr/bx/n/14.4 Thermodynamic Data of Or-ganic Sub-
 []


Overfull \hbox (7.82698pt too wide) in paragraph at lines 6876--6877
[]\T1/lmr/m/n/5 Substance:|  
 []


Overfull \hbox (3.39014pt too wide) in paragraph at lines 7051--7052
[]\T1/lmr/m/n/5 CH$[]$NO$[]$|  
 []


Overfull \hbox (2.89014pt too wide) in paragraph at lines 7064--7065
[]\T1/lmr/m/n/5 CH$[]$NO2|  
 []


Overfull \hbox (1.89014pt too wide) in paragraph at lines 7168--7169
[]\T1/lmr/m/n/5 C$[]$H4O$[]$|  
 []


Overfull \hbox (1.89014pt too wide) in paragraph at lines 7181--7182
[]\T1/lmr/m/n/5 C$[]$H4O$[]$|  
 []


Overfull \hbox (0.73045pt too wide) in paragraph at lines 7194--7195
[]\T1/lmr/m/n/5 C$[]$H$[]$Br|  
 []


Overfull \hbox (0.73045pt too wide) in paragraph at lines 7207--7208
[]\T1/lmr/m/n/5 C$[]$H$[]$Br|  
 []


Overfull \hbox (6.79314pt too wide) in paragraph at lines 7246--7247
[]\T1/lmr/m/n/5 C2H$[]$NO$[]$|  
 []


Overfull \hbox (6.79314pt too wide) in paragraph at lines 7259--7260
[]\T1/lmr/m/n/5 C2H$[]$NO$[]$|  
 []


Overfull \hbox (1.21959pt too wide) in paragraph at lines 7326--7327
[]\T1/lmr/m/n/5 Methoxymethane(g)|  
 []


Overfull \hbox (2.19135pt too wide) has occurred while \output is active
\T1/lmr/m/sl/10 16.2.  THERMODYNAMIC DATA OF ORGANIC SUBSTANCES AT 298 K \T1/lm
r/m/n/10 107
 []

[107]
Overfull \hbox (2.39014pt too wide) in paragraph at lines 7454--7455
[]\T1/lmr/m/n/5 C$[]$H$[]$O$[]$|  
 []


Overfull \hbox (2.39014pt too wide) in paragraph at lines 7467--7468
[]\T1/lmr/m/n/5 C$[]$H$[]$O$[]$|  
 []


Overfull \hbox (2.39014pt too wide) in paragraph at lines 7701--7702
[]\T1/lmr/m/n/5 C$[]$H$[]$O$[]$|  
 []


Overfull \hbox (2.39014pt too wide) in paragraph at lines 7714--7715
[]\T1/lmr/m/n/5 C$[]$H$[]$O$[]$|  
 []


Overfull \hbox (1.89014pt too wide) in paragraph at lines 7766--7767
[]\T1/lmr/m/n/5 C$[]$H$[]$O|  
 []


Overfull \hbox (1.89014pt too wide) in paragraph at lines 7779--7780
[]\T1/lmr/m/n/5 C$[]$H$[]$O|  
 []


Overfull \hbox (1.89014pt too wide) in paragraph at lines 7792--7793
[]\T1/lmr/m/n/5 C$[]$H$[]$O|  
 []


Overfull \hbox (1.89014pt too wide) in paragraph at lines 7805--7806
[]\T1/lmr/m/n/5 C$[]$H$[]$O|  
 []


Overfull \hbox (5.79314pt too wide) in paragraph at lines 7948--7949
[]\T1/lmr/m/n/5 C$[]$H$[]$O$[]$|  
 []


Overfull \hbox (5.79314pt too wide) in paragraph at lines 7961--7962
[]\T1/lmr/m/n/5 C$[]$H$[]$O$[]$|  
 []


Overfull \hbox (1.44199pt too wide) in paragraph at lines 7976--7977
\T1/lmr/m/n/5 Dimethylpropane(g)|  
 []


Overfull \hbox (1.89014pt too wide) in paragraph at lines 8026--8027
[]\T1/lmr/m/n/5 C$[]$H$[]$O|  
 []


Overfull \hbox (1.89014pt too wide) in paragraph at lines 8039--8040
[]\T1/lmr/m/n/5 C$[]$H$[]$O|  
 []


Overfull \hbox (1.89014pt too wide) in paragraph at lines 8052--8053
[]\T1/lmr/m/n/5 C$[]$H$[]$O|  
 []


Overfull \hbox (1.89014pt too wide) in paragraph at lines 8065--8066
[]\T1/lmr/m/n/5 C$[]$H$[]$O|  
 []


Overfull \hbox (1.89014pt too wide) in paragraph at lines 8078--8079
[]\T1/lmr/m/n/5 C$[]$H$[]$O|  
 []


Overfull \hbox (1.89014pt too wide) in paragraph at lines 8091--8092
[]\T1/lmr/m/n/5 C$[]$H$[]$O|  
 []


Overfull \hbox (1.89014pt too wide) in paragraph at lines 8104--8105
[]\T1/lmr/m/n/5 C$[]$H$[]$O|  
 []


Overfull \hbox (1.89014pt too wide) in paragraph at lines 8118--8119
[]\T1/lmr/m/n/5 C$[]$H$[]$O|  
 []


Overfull \hbox (9.62277pt too wide) in paragraph at lines 8303--8304
[]\T1/lmr/m/n/5 Methylcyclopentane(g)|  
 []


Overfull \hbox (8.23378pt too wide) in paragraph at lines 8316--8317
[]\T1/lmr/m/n/5 Methylcyclopentane(l)|  
 []


Overfull \hbox (5.79314pt too wide) in paragraph at lines 8327--8328
[]\T1/lmr/m/n/5 C$[]$H$[]$O$[]$|  
 []


Overfull \hbox (5.79314pt too wide) in paragraph at lines 8340--8341
[]\T1/lmr/m/n/5 C$[]$H$[]$O$[]$|  
 []

[108]
Overfull \hbox (1.89014pt too wide) in paragraph at lines 8457--8458
[]\T1/lmr/m/n/5 C$[]$H$[]$O|  
 []


Overfull \hbox (1.89014pt too wide) in paragraph at lines 8470--8471
[]\T1/lmr/m/n/5 C$[]$H$[]$O|  
 []


Overfull \hbox (1.89014pt too wide) in paragraph at lines 8483--8484
[]\T1/lmr/m/n/5 C$[]$H$[]$O|  
 []


Overfull \hbox (1.89014pt too wide) in paragraph at lines 8496--8497
[]\T1/lmr/m/n/5 C$[]$H$[]$O|  
 []


Overfull \hbox (3.73367pt too wide) in paragraph at lines 8615--8616
[]\T1/lmr/m/n/5 Ethylcyclopentane(l)|  
 []


Overfull \hbox (5.12267pt too wide) in paragraph at lines 8628--8629
[]\T1/lmr/m/n/5 Ethylcyclopentane(g)|  
 []


Overfull \hbox (6.74097pt too wide) in paragraph at lines 8641--8642
[]\T1/lmr/m/n/5 Methylcyclohexane(g)|  
 []


Overfull \hbox (5.35197pt too wide) in paragraph at lines 8654--8655
[]\T1/lmr/m/n/5 Methylcyclohexane(l)|  
 []


Overfull \hbox (5.79314pt too wide) in paragraph at lines 8665--8666
[]\T1/lmr/m/n/5 C$[]$H$[]$O$[]$|  
 []


Overfull \hbox (5.79314pt too wide) in paragraph at lines 8678--8679
[]\T1/lmr/m/n/5 C$[]$H$[]$O$[]$|  
 []


Overfull \hbox (1.09456pt too wide) in paragraph at lines 8693--8694
\T1/lmr/m/n/5 Dimethylpentane(g)|  
 []


Overfull \hbox (1.89014pt too wide) in paragraph at lines 8795--8796
[]\T1/lmr/m/n/5 C$[]$H$[]$O|  
 []


Overfull \hbox (1.89014pt too wide) in paragraph at lines 8808--8809
[]\T1/lmr/m/n/5 C$[]$H$[]$O|  
 []


Overfull \hbox (0.85187pt too wide) in paragraph at lines 8901--8902
[]\T1/lmr/m/n/5 Ethylcyclohexane(l)|  
 []


Overfull \hbox (2.24086pt too wide) in paragraph at lines 8914--8915
[]\T1/lmr/m/n/5 Ethylcyclohexane(g)|  
 []


Overfull \hbox (5.79314pt too wide) in paragraph at lines 8925--8926
[]\T1/lmr/m/n/5 C$[]$H$[]$O$[]$|  
 []


Overfull \hbox (5.79314pt too wide) in paragraph at lines 8938--8939
[]\T1/lmr/m/n/5 C$[]$H$[]$O$[]$|  
 []


Overfull \hbox (1.89014pt too wide) in paragraph at lines 9029--9030
[]\T1/lmr/m/n/5 C$[]$H$[]$O|  
 []


Overfull \hbox (1.89014pt too wide) in paragraph at lines 9042--9043
[]\T1/lmr/m/n/5 C$[]$H$[]$O|  
 []


Overfull \hbox (5.64386pt too wide) in paragraph at lines 9083--9084
[]\T1/lmr/m/n/5 Propylcyclohexane(g)|  
 []


Overfull \hbox (5.79314pt too wide) in paragraph at lines 9133--9134
[]\T1/lmr/m/n/5 C$[]$H$[]$O$[]$|  
 []


Overfull \hbox (5.79314pt too wide) in paragraph at lines 9146--9147
[]\T1/lmr/m/n/5 C$[]$H$[]$O$[]$|  
 []


Overfull \hbox (1.09457pt too wide) in paragraph at lines 9161--9162
\T1/lmr/m/n/5 Dimethylheptane(g)|  
 []


Overfull \hbox (1.89014pt too wide) in paragraph at lines 9211--9212
[]\T1/lmr/m/n/5 C$[]$H$[]$O|  
 []


Overfull \hbox (1.89014pt too wide) in paragraph at lines 9224--9225
[]\T1/lmr/m/n/5 C$[]$H$[]$O|  
 []


Overfull \hbox (1.02588pt too wide) in paragraph at lines 9304--9305
[]\T1/lmr/m/n/5 Butylcyclohexane(l)|  
 []


Overfull \hbox (2.41487pt too wide) in paragraph at lines 9317--9318
[]\T1/lmr/m/n/5 Butylcyclohexane(g)|  
 []


Overfull \hbox (9.19614pt too wide) in paragraph at lines 9328--9329
[]\T1/lmr/m/n/5 C$[]$H$[]$O$[]$|  
 []


Overfull \hbox (9.19614pt too wide) in paragraph at lines 9341--9342
[]\T1/lmr/m/n/5 C$[]$H$[]$O$[]$|  
 []


Overfull \hbox (9.19614pt too wide) in paragraph at lines 9354--9355
[]\T1/lmr/m/n/5 C$[]$H$[]$O$[]$|  
 []


Overfull \hbox (5.29314pt too wide) in paragraph at lines 9419--9420
[]\T1/lmr/m/n/5 C$[]$H$[]$O|  
 []


Overfull \hbox (5.29314pt too wide) in paragraph at lines 9432--9433
[]\T1/lmr/m/n/5 C$[]$H$[]$O|  
 []


Overfull \hbox (5.87248pt too wide) in paragraph at lines 9447--9448
\T1/lmr/m/n/5 Methylnaphthalene(l)|  
 []


Overfull \hbox (6.60147pt too wide) in paragraph at lines 9460--9461
\T1/lmr/m/n/5 Methylnaphthalene(s)|  
 []


Overfull \hbox (7.26147pt too wide) in paragraph at lines 9473--9474
\T1/lmr/m/n/5 Methylnaphthalene(g)|  
 []


Overfull \hbox (2.19135pt too wide) has occurred while \output is active
\T1/lmr/m/sl/10 16.2.  THERMODYNAMIC DATA OF ORGANIC SUBSTANCES AT 298 K \T1/lm
r/m/n/10 109
 []

[109]
Overfull \hbox (5.29314pt too wide) in paragraph at lines 9523--9524
[]\T1/lmr/m/n/5 C$[]$H$[]$O|  
 []


Overfull \hbox (9.19614pt too wide) in paragraph at lines 9562--9563
[]\T1/lmr/m/n/5 C$[]$H$[]$O$[]$|  
 []


Overfull \hbox (9.19614pt too wide) in paragraph at lines 9575--9576
[]\T1/lmr/m/n/5 C$[]$H$[]$O$[]$|  
 []


Overfull \hbox (9.19614pt too wide) in paragraph at lines 9588--9589
[]\T1/lmr/m/n/5 C$[]$H$[]$O$[]$|  
 []


Overfull \hbox (5.29314pt too wide) in paragraph at lines 9627--9628
[]\T1/lmr/m/n/5 C$[]$H$[]$O|  
 []


Overfull \hbox (5.29314pt too wide) in paragraph at lines 9640--9641
[]\T1/lmr/m/n/5 C$[]$H$[]$O|  
 []


Overfull \hbox (4.08115pt too wide) in paragraph at lines 9681--9682
[]\T1/lmr/m/n/5 Decylcyclopentane(l)|  
 []


Overfull \hbox (9.19614pt too wide) in paragraph at lines 9744--9745
[]\T1/lmr/m/n/5 C$[]$H$[]$O$[]$|  
 []


Overfull \hbox (9.19614pt too wide) in paragraph at lines 9757--9758
[]\T1/lmr/m/n/5 C$[]$H$[]$O$[]$|  
 []


Overfull \hbox (9.19614pt too wide) in paragraph at lines 9770--9771
[]\T1/lmr/m/n/5 C$[]$H$[]$O$[]$|  
 []

Package atveryend Info: Empty hook `BeforeClearDocument' on input line 9837.
[110]
Package atveryend Info: Empty hook `AfterLastShipout' on input line 9837.
(./pchem1.aux)
Package atveryend Info: Executing hook `AtVeryEndDocument' on input line 9837.
Package atveryend Info: Executing hook `AtEndAfterFileList' on input line 9837.

Package rerunfilecheck Info: File `pchem1.out' has not changed.
(rerunfilecheck)             Checksum: 01A1658F7211F79230663CCC31DFC7CF;10490.
Package atveryend Info: Empty hook `AtVeryVeryEnd' on input line 9837.
 ) 
Here is how much of TeX's memory you used:
 12158 strings out of 482841
 174761 string characters out of 5955902
 489656 words of memory out of 5000000
 26691 multiletter control sequences out of 15000+600000
 639595 words of font info for 90 fonts, out of 8000000 for 9000
 14 hyphenation exceptions out of 8191
 43i,17n,37p,2422b,549s stack positions out of 5000i,500n,10000p,200000b,80000s
{/Users/peve/Library/TinyTeX/texmf-dist/fonts/enc/dvips/lm/lm-ec.enc}{/Users/
peve/Library/TinyTeX/texmf-dist/fonts/enc/dvips/lm/lm-rm.enc}{/Users/peve/Libra
ry/TinyTeX/texmf-dist/fonts/enc/dvips/lm/lm-mathsy.enc}{/Users/peve/Library/Tin
yTeX/texmf-dist/fonts/enc/dvips/lm/lm-mathit.enc}{/Users/peve/Library/TinyTeX/t
exmf-dist/fonts/enc/dvips/lm/lm-mathex.enc}{/Users/peve/Library/TinyTeX/texmf-d
ist/fonts/enc/dvips/lm/lm-ts1.enc}</Users/peve/Library/TinyTeX/texmf-dist/fonts
/type1/public/lm/lmbx10.pfb></Users/peve/Library/TinyTeX/texmf-dist/fonts/type1
/public/lm/lmbx12.pfb></Users/peve/Library/TinyTeX/texmf-dist/fonts/type1/publi
c/lm/lmbx8.pfb></Users/peve/Library/TinyTeX/texmf-dist/fonts/type1/public/lm/lm
bxi10.pfb></Users/peve/Library/TinyTeX/texmf-dist/fonts/type1/public/lm/lmex10.
pfb></Users/peve/Library/TinyTeX/texmf-dist/fonts/type1/public/lm/lmmi10.pfb></
Users/peve/Library/TinyTeX/texmf-dist/fonts/type1/public/lm/lmmi12.pfb></Users/
peve/Library/TinyTeX/texmf-dist/fonts/type1/public/lm/lmmi5.pfb></Users/peve/Li
brary/TinyTeX/texmf-dist/fonts/type1/public/lm/lmmi6.pfb></Users/peve/Library/T
inyTeX/texmf-dist/fonts/type1/public/lm/lmmi7.pfb></Users/peve/Library/TinyTeX/
texmf-dist/fonts/type1/public/lm/lmmi8.pfb></Users/peve/Library/TinyTeX/texmf-d
ist/fonts/type1/public/lm/lmr10.pfb></Users/peve/Library/TinyTeX/texmf-dist/fon
ts/type1/public/lm/lmr12.pfb></Users/peve/Library/TinyTeX/texmf-dist/fonts/type
1/public/lm/lmr17.pfb></Users/peve/Library/TinyTeX/texmf-dist/fonts/type1/publi
c/lm/lmr5.pfb></Users/peve/Library/TinyTeX/texmf-dist/fonts/type1/public/lm/lmr
6.pfb></Users/peve/Library/TinyTeX/texmf-dist/fonts/type1/public/lm/lmr7.pfb></
Users/peve/Library/TinyTeX/texmf-dist/fonts/type1/public/lm/lmr8.pfb></Users/pe
ve/Library/TinyTeX/texmf-dist/fonts/type1/public/lm/lmri10.pfb></Users/peve/Lib
rary/TinyTeX/texmf-dist/fonts/type1/public/lm/lmri8.pfb></Users/peve/Library/Ti
nyTeX/texmf-dist/fonts/type1/public/lm/lmro10.pfb></Users/peve/Library/TinyTeX/
texmf-dist/fonts/type1/public/lm/lmro8.pfb></Users/peve/Library/TinyTeX/texmf-d
ist/fonts/type1/public/lm/lmsy10.pfb></Users/peve/Library/TinyTeX/texmf-dist/fo
nts/type1/public/lm/lmsy5.pfb></Users/peve/Library/TinyTeX/texmf-dist/fonts/typ
e1/public/lm/lmsy6.pfb></Users/peve/Library/TinyTeX/texmf-dist/fonts/type1/publ
ic/lm/lmsy7.pfb></Users/peve/Library/TinyTeX/texmf-dist/fonts/type1/public/lm/l
msy8.pfb></Users/peve/Library/TinyTeX/texmf-dist/fonts/type1/public/amsfonts/sy
mbols/msam10.pfb>
Output written on pchem1.pdf (110 pages, 4544162 bytes).
PDF statistics:
 1770 PDF objects out of 2073 (max. 8388607)
 1568 compressed objects within 16 object streams
 570 named destinations out of 1000 (max. 500000)
 578 words of extra memory for PDF output out of 10000 (max. 10000000)

